Determining if the include file byteswap.h exists failed with the following output:
Change Dir: /Users/vijaychaudhry/Desktop/SVN/Test/linphone-iphone/WORK/ios-armv7/Build/srtp/CMakeFiles/CMakeTmp

Run Build Command:"/usr/bin/make" "cmTC_d06e1/fast"
/Applications/Xcode/Xcode.app/Contents/Developer/usr/bin/make -f CMakeFiles/cmTC_d06e1.dir/build.make CMakeFiles/cmTC_d06e1.dir/build
Building C object CMakeFiles/cmTC_d06e1.dir/CheckIncludeFile.c.o
/Applications/Xcode/Xcode.app/Contents/Developer/Toolchains/XcodeDefault.xctoolchain/usr/bin/clang --target=armv7-apple-darwin   -arch armv7 -isysroot /Applications/Xcode/Xcode.app/Contents/Developer/Platforms/iPhoneOS.platform/Developer/SDKs/iPhoneOS11.2.sdk   -o CMakeFiles/cmTC_d06e1.dir/CheckIncludeFile.c.o   -c /Users/vijaychaudhry/Desktop/SVN/Test/linphone-iphone/WORK/ios-armv7/Build/srtp/CMakeFiles/CMakeTmp/CheckIncludeFile.c
/Users/vijaychaudhry/Desktop/SVN/Test/linphone-iphone/WORK/ios-armv7/Build/srtp/CMakeFiles/CMakeTmp/CheckIncludeFile.c:1:10: fatal error: 'byteswap.h' file not found
#include <byteswap.h>
         ^~~~~~~~~~~~
1 error generated.
make[5]: *** [CMakeFiles/cmTC_d06e1.dir/CheckIncludeFile.c.o] Error 1
make[4]: *** [cmTC_d06e1/fast] Error 2


Determining if the include file sys/int_types.h exists failed with the following output:
Change Dir: /Users/vijaychaudhry/Desktop/SVN/Test/linphone-iphone/WORK/ios-armv7/Build/srtp/CMakeFiles/CMakeTmp

Run Build Command:"/usr/bin/make" "cmTC_51bb4/fast"
/Applications/Xcode/Xcode.app/Contents/Developer/usr/bin/make -f CMakeFiles/cmTC_51bb4.dir/build.make CMakeFiles/cmTC_51bb4.dir/build
Building C object CMakeFiles/cmTC_51bb4.dir/CheckIncludeFile.c.o
/Applications/Xcode/Xcode.app/Contents/Developer/Toolchains/XcodeDefault.xctoolchain/usr/bin/clang --target=armv7-apple-darwin   -arch armv7 -isysroot /Applications/Xcode/Xcode.app/Contents/Developer/Platforms/iPhoneOS.platform/Developer/SDKs/iPhoneOS11.2.sdk   -o CMakeFiles/cmTC_51bb4.dir/CheckIncludeFile.c.o   -c /Users/vijaychaudhry/Desktop/SVN/Test/linphone-iphone/WORK/ios-armv7/Build/srtp/CMakeFiles/CMakeTmp/CheckIncludeFile.c
/Users/vijaychaudhry/Desktop/SVN/Test/linphone-iphone/WORK/ios-armv7/Build/srtp/CMakeFiles/CMakeTmp/CheckIncludeFile.c:1:10: fatal error: 'sys/int_types.h' file not found
#include <sys/int_types.h>
         ^~~~~~~~~~~~~~~~~
1 error generated.
make[5]: *** [CMakeFiles/cmTC_51bb4.dir/CheckIncludeFile.c.o] Error 1
make[4]: *** [cmTC_51bb4/fast] Error 2


Determining if the include file windows.h exists failed with the following output:
Change Dir: /Users/vijaychaudhry/Desktop/SVN/Test/linphone-iphone/WORK/ios-armv7/Build/srtp/CMakeFiles/CMakeTmp

Run Build Command:"/usr/bin/make" "cmTC_9964a/fast"
/Applications/Xcode/Xcode.app/Contents/Developer/usr/bin/make -f CMakeFiles/cmTC_9964a.dir/build.make CMakeFiles/cmTC_9964a.dir/build
Building C object CMakeFiles/cmTC_9964a.dir/CheckIncludeFile.c.o
/Applications/Xcode/Xcode.app/Contents/Developer/Toolchains/XcodeDefault.xctoolchain/usr/bin/clang --target=armv7-apple-darwin   -arch armv7 -isysroot /Applications/Xcode/Xcode.app/Contents/Developer/Platforms/iPhoneOS.platform/Developer/SDKs/iPhoneOS11.2.sdk   -o CMakeFiles/cmTC_9964a.dir/CheckIncludeFile.c.o   -c /Users/vijaychaudhry/Desktop/SVN/Test/linphone-iphone/WORK/ios-armv7/Build/srtp/CMakeFiles/CMakeTmp/CheckIncludeFile.c
/Users/vijaychaudhry/Desktop/SVN/Test/linphone-iphone/WORK/ios-armv7/Build/srtp/CMakeFiles/CMakeTmp/CheckIncludeFile.c:1:10: fatal error: 'windows.h' file not found
#include <windows.h>
         ^~~~~~~~~~~
1 error generated.
make[5]: *** [CMakeFiles/cmTC_9964a.dir/CheckIncludeFile.c.o] Error 1
make[4]: *** [cmTC_9964a/fast] Error 2


