The target system is: Darwin - 11.2 - armv7
The host system is: Darwin - 17.3.0 - x86_64
Compiling the C compiler identification source file "CMakeCCompilerId.c" succeeded.
Compiler: /Applications/Xcode/Xcode.app/Contents/Developer/Toolchains/XcodeDefault.xctoolchain/usr/bin/clang 
Build flags: 
Id flags:  

The output was:
0


Compilation of the C compiler identification source "CMakeCCompilerId.c" produced "a.out"

The C compiler identification is AppleClang, found in "/Users/vijaychaudhry/Desktop/SVN/Test/linphone-iphone/WORK/ios-armv7/Build/mswebrtc/CMakeFiles/3.10.2/CompilerIdC/a.out"

Compiling the CXX compiler identification source file "CMakeCXXCompilerId.cpp" succeeded.
Compiler: /Applications/Xcode/Xcode.app/Contents/Developer/Toolchains/XcodeDefault.xctoolchain/usr/bin/clang++ 
Build flags: 
Id flags:  

The output was:
0


Compilation of the CXX compiler identification source "CMakeCXXCompilerId.cpp" produced "a.out"

The CXX compiler identification is AppleClang, found in "/Users/vijaychaudhry/Desktop/SVN/Test/linphone-iphone/WORK/ios-armv7/Build/mswebrtc/CMakeFiles/3.10.2/CompilerIdCXX/a.out"

Determining if the C compiler works passed with the following output:
Change Dir: /Users/vijaychaudhry/Desktop/SVN/Test/linphone-iphone/WORK/ios-armv7/Build/mswebrtc/CMakeFiles/CMakeTmp

Run Build Command:"/usr/bin/make" "cmTC_86b29/fast"
/Applications/Xcode/Xcode.app/Contents/Developer/usr/bin/make -f CMakeFiles/cmTC_86b29.dir/build.make CMakeFiles/cmTC_86b29.dir/build
Building C object CMakeFiles/cmTC_86b29.dir/testCCompiler.c.o
/Applications/Xcode/Xcode.app/Contents/Developer/Toolchains/XcodeDefault.xctoolchain/usr/bin/clang --target=armv7-apple-darwin   -arch armv7 -isysroot /Applications/Xcode/Xcode.app/Contents/Developer/Platforms/iPhoneOS.platform/Developer/SDKs/iPhoneOS11.2.sdk   -o CMakeFiles/cmTC_86b29.dir/testCCompiler.c.o   -c /Users/vijaychaudhry/Desktop/SVN/Test/linphone-iphone/WORK/ios-armv7/Build/mswebrtc/CMakeFiles/CMakeTmp/testCCompiler.c
Linking C executable cmTC_86b29
/usr/local/Cellar/cmake/3.10.2/bin/cmake -E cmake_link_script CMakeFiles/cmTC_86b29.dir/link.txt --verbose=1
/Applications/Xcode/Xcode.app/Contents/Developer/Toolchains/XcodeDefault.xctoolchain/usr/bin/clang --target=armv7-apple-darwin   -arch armv7 -isysroot /Applications/Xcode/Xcode.app/Contents/Developer/Platforms/iPhoneOS.platform/Developer/SDKs/iPhoneOS11.2.sdk -Wl,-search_paths_first -Wl,-headerpad_max_install_names   CMakeFiles/cmTC_86b29.dir/testCCompiler.c.o  -o cmTC_86b29 


Detecting C compiler ABI info compiled with the following output:
Change Dir: /Users/vijaychaudhry/Desktop/SVN/Test/linphone-iphone/WORK/ios-armv7/Build/mswebrtc/CMakeFiles/CMakeTmp

Run Build Command:"/usr/bin/make" "cmTC_c92ee/fast"
/Applications/Xcode/Xcode.app/Contents/Developer/usr/bin/make -f CMakeFiles/cmTC_c92ee.dir/build.make CMakeFiles/cmTC_c92ee.dir/build
Building C object CMakeFiles/cmTC_c92ee.dir/CMakeCCompilerABI.c.o
/Applications/Xcode/Xcode.app/Contents/Developer/Toolchains/XcodeDefault.xctoolchain/usr/bin/clang --target=armv7-apple-darwin   -arch armv7 -isysroot /Applications/Xcode/Xcode.app/Contents/Developer/Platforms/iPhoneOS.platform/Developer/SDKs/iPhoneOS11.2.sdk   -o CMakeFiles/cmTC_c92ee.dir/CMakeCCompilerABI.c.o   -c /usr/local/Cellar/cmake/3.10.2/share/cmake/Modules/CMakeCCompilerABI.c
Linking C executable cmTC_c92ee
/usr/local/Cellar/cmake/3.10.2/bin/cmake -E cmake_link_script CMakeFiles/cmTC_c92ee.dir/link.txt --verbose=1
/Applications/Xcode/Xcode.app/Contents/Developer/Toolchains/XcodeDefault.xctoolchain/usr/bin/clang --target=armv7-apple-darwin   -arch armv7 -isysroot /Applications/Xcode/Xcode.app/Contents/Developer/Platforms/iPhoneOS.platform/Developer/SDKs/iPhoneOS11.2.sdk -Wl,-search_paths_first -Wl,-headerpad_max_install_names  -v -Wl,-v CMakeFiles/cmTC_c92ee.dir/CMakeCCompilerABI.c.o  -o cmTC_c92ee 
Apple LLVM version 9.0.0 (clang-900.0.39.2)
Target: arm-apple-darwin
Thread model: posix
InstalledDir: /Applications/Xcode/Xcode.app/Contents/Developer/Toolchains/XcodeDefault.xctoolchain/usr/bin
 "/Applications/Xcode/Xcode.app/Contents/Developer/Toolchains/XcodeDefault.xctoolchain/usr/bin/ld" -demangle -lto_library /Applications/Xcode/Xcode.app/Contents/Developer/Toolchains/XcodeDefault.xctoolchain/usr/lib/libLTO.dylib -dynamic -arch armv7 -iphoneos_version_min 10.99.99 -syslibroot /Applications/Xcode/Xcode.app/Contents/Developer/Platforms/iPhoneOS.platform/Developer/SDKs/iPhoneOS11.2.sdk -o cmTC_c92ee -search_paths_first -headerpad_max_install_names -v CMakeFiles/cmTC_c92ee.dir/CMakeCCompilerABI.c.o -lSystem /Applications/Xcode/Xcode.app/Contents/Developer/Toolchains/XcodeDefault.xctoolchain/usr/lib/clang/9.0.0/lib/darwin/libclang_rt.ios.a
@(#)PROGRAM:ld  PROJECT:ld64-305
configured to support archs: armv6 armv7 armv7s arm64 i386 x86_64 x86_64h armv6m armv7k armv7m armv7em (tvOS)
Library search paths:
	/Applications/Xcode/Xcode.app/Contents/Developer/Platforms/iPhoneOS.platform/Developer/SDKs/iPhoneOS11.2.sdk/usr/lib
Framework search paths:
	/Applications/Xcode/Xcode.app/Contents/Developer/Platforms/iPhoneOS.platform/Developer/SDKs/iPhoneOS11.2.sdk/System/Library/Frameworks/


Parsed C implicit link information from above output:
  link line regex: [^( *|.*[/\])(ld|CMAKE_LINK_STARTFILE-NOTFOUND|([^/\]+-)?ld|collect2)[^/\]*( |$)]
  ignore line: [Change Dir: /Users/vijaychaudhry/Desktop/SVN/Test/linphone-iphone/WORK/ios-armv7/Build/mswebrtc/CMakeFiles/CMakeTmp]
  ignore line: []
  ignore line: [Run Build Command:"/usr/bin/make" "cmTC_c92ee/fast"]
  ignore line: [/Applications/Xcode/Xcode.app/Contents/Developer/usr/bin/make -f CMakeFiles/cmTC_c92ee.dir/build.make CMakeFiles/cmTC_c92ee.dir/build]
  ignore line: [Building C object CMakeFiles/cmTC_c92ee.dir/CMakeCCompilerABI.c.o]
  ignore line: [/Applications/Xcode/Xcode.app/Contents/Developer/Toolchains/XcodeDefault.xctoolchain/usr/bin/clang --target=armv7-apple-darwin   -arch armv7 -isysroot /Applications/Xcode/Xcode.app/Contents/Developer/Platforms/iPhoneOS.platform/Developer/SDKs/iPhoneOS11.2.sdk   -o CMakeFiles/cmTC_c92ee.dir/CMakeCCompilerABI.c.o   -c /usr/local/Cellar/cmake/3.10.2/share/cmake/Modules/CMakeCCompilerABI.c]
  ignore line: [Linking C executable cmTC_c92ee]
  ignore line: [/usr/local/Cellar/cmake/3.10.2/bin/cmake -E cmake_link_script CMakeFiles/cmTC_c92ee.dir/link.txt --verbose=1]
  ignore line: [/Applications/Xcode/Xcode.app/Contents/Developer/Toolchains/XcodeDefault.xctoolchain/usr/bin/clang --target=armv7-apple-darwin   -arch armv7 -isysroot /Applications/Xcode/Xcode.app/Contents/Developer/Platforms/iPhoneOS.platform/Developer/SDKs/iPhoneOS11.2.sdk -Wl,-search_paths_first -Wl,-headerpad_max_install_names  -v -Wl,-v CMakeFiles/cmTC_c92ee.dir/CMakeCCompilerABI.c.o  -o cmTC_c92ee ]
  ignore line: [Apple LLVM version 9.0.0 (clang-900.0.39.2)]
  ignore line: [Target: arm-apple-darwin]
  ignore line: [Thread model: posix]
  ignore line: [InstalledDir: /Applications/Xcode/Xcode.app/Contents/Developer/Toolchains/XcodeDefault.xctoolchain/usr/bin]
  link line: [ "/Applications/Xcode/Xcode.app/Contents/Developer/Toolchains/XcodeDefault.xctoolchain/usr/bin/ld" -demangle -lto_library /Applications/Xcode/Xcode.app/Contents/Developer/Toolchains/XcodeDefault.xctoolchain/usr/lib/libLTO.dylib -dynamic -arch armv7 -iphoneos_version_min 10.99.99 -syslibroot /Applications/Xcode/Xcode.app/Contents/Developer/Platforms/iPhoneOS.platform/Developer/SDKs/iPhoneOS11.2.sdk -o cmTC_c92ee -search_paths_first -headerpad_max_install_names -v CMakeFiles/cmTC_c92ee.dir/CMakeCCompilerABI.c.o -lSystem /Applications/Xcode/Xcode.app/Contents/Developer/Toolchains/XcodeDefault.xctoolchain/usr/lib/clang/9.0.0/lib/darwin/libclang_rt.ios.a]
    arg [/Applications/Xcode/Xcode.app/Contents/Developer/Toolchains/XcodeDefault.xctoolchain/usr/bin/ld] ==> ignore
    arg [-demangle] ==> ignore
    arg [-lto_library] ==> ignore, skip following value
    arg [/Applications/Xcode/Xcode.app/Contents/Developer/Toolchains/XcodeDefault.xctoolchain/usr/lib/libLTO.dylib] ==> skip value of -lto_library
    arg [-dynamic] ==> ignore
    arg [-arch] ==> ignore
    arg [armv7] ==> ignore
    arg [-iphoneos_version_min] ==> ignore
    arg [10.99.99] ==> ignore
    arg [-syslibroot] ==> ignore
    arg [/Applications/Xcode/Xcode.app/Contents/Developer/Platforms/iPhoneOS.platform/Developer/SDKs/iPhoneOS11.2.sdk] ==> ignore
    arg [-o] ==> ignore
    arg [cmTC_c92ee] ==> ignore
    arg [-search_paths_first] ==> ignore
    arg [-headerpad_max_install_names] ==> ignore
    arg [-v] ==> ignore
    arg [CMakeFiles/cmTC_c92ee.dir/CMakeCCompilerABI.c.o] ==> ignore
    arg [-lSystem] ==> lib [System]
    arg [/Applications/Xcode/Xcode.app/Contents/Developer/Toolchains/XcodeDefault.xctoolchain/usr/lib/clang/9.0.0/lib/darwin/libclang_rt.ios.a] ==> lib [/Applications/Xcode/Xcode.app/Contents/Developer/Toolchains/XcodeDefault.xctoolchain/usr/lib/clang/9.0.0/lib/darwin/libclang_rt.ios.a]
  Library search paths: [;/Applications/Xcode/Xcode.app/Contents/Developer/Platforms/iPhoneOS.platform/Developer/SDKs/iPhoneOS11.2.sdk/usr/lib]
  Framework search paths: [;/Applications/Xcode/Xcode.app/Contents/Developer/Platforms/iPhoneOS.platform/Developer/SDKs/iPhoneOS11.2.sdk/System/Library/Frameworks/]
  remove lib [System]
  remove lib [/Applications/Xcode/Xcode.app/Contents/Developer/Toolchains/XcodeDefault.xctoolchain/usr/lib/clang/9.0.0/lib/darwin/libclang_rt.ios.a]
  collapse library dir [/Applications/Xcode/Xcode.app/Contents/Developer/Platforms/iPhoneOS.platform/Developer/SDKs/iPhoneOS11.2.sdk/usr/lib] ==> [/Applications/Xcode/Xcode.app/Contents/Developer/Platforms/iPhoneOS.platform/Developer/SDKs/iPhoneOS11.2.sdk/usr/lib]
  collapse framework dir [/Applications/Xcode/Xcode.app/Contents/Developer/Platforms/iPhoneOS.platform/Developer/SDKs/iPhoneOS11.2.sdk/System/Library/Frameworks/] ==> [/Applications/Xcode/Xcode.app/Contents/Developer/Platforms/iPhoneOS.platform/Developer/SDKs/iPhoneOS11.2.sdk/System/Library/Frameworks]
  implicit libs: []
  implicit dirs: [/Applications/Xcode/Xcode.app/Contents/Developer/Platforms/iPhoneOS.platform/Developer/SDKs/iPhoneOS11.2.sdk/usr/lib]
  implicit fwks: [/Applications/Xcode/Xcode.app/Contents/Developer/Platforms/iPhoneOS.platform/Developer/SDKs/iPhoneOS11.2.sdk/System/Library/Frameworks]




Detecting C [-std=c11] compiler features compiled with the following output:
Change Dir: /Users/vijaychaudhry/Desktop/SVN/Test/linphone-iphone/WORK/ios-armv7/Build/mswebrtc/CMakeFiles/CMakeTmp

Run Build Command:"/usr/bin/make" "cmTC_32903/fast"
/Applications/Xcode/Xcode.app/Contents/Developer/usr/bin/make -f CMakeFiles/cmTC_32903.dir/build.make CMakeFiles/cmTC_32903.dir/build
Building C object CMakeFiles/cmTC_32903.dir/feature_tests.c.o
/Applications/Xcode/Xcode.app/Contents/Developer/Toolchains/XcodeDefault.xctoolchain/usr/bin/clang --target=armv7-apple-darwin   -arch armv7 -isysroot /Applications/Xcode/Xcode.app/Contents/Developer/Platforms/iPhoneOS.platform/Developer/SDKs/iPhoneOS11.2.sdk   -std=c11 -o CMakeFiles/cmTC_32903.dir/feature_tests.c.o   -c /Users/vijaychaudhry/Desktop/SVN/Test/linphone-iphone/WORK/ios-armv7/Build/mswebrtc/CMakeFiles/feature_tests.c
Linking C executable cmTC_32903
/usr/local/Cellar/cmake/3.10.2/bin/cmake -E cmake_link_script CMakeFiles/cmTC_32903.dir/link.txt --verbose=1
/Applications/Xcode/Xcode.app/Contents/Developer/Toolchains/XcodeDefault.xctoolchain/usr/bin/clang --target=armv7-apple-darwin   -arch armv7 -isysroot /Applications/Xcode/Xcode.app/Contents/Developer/Platforms/iPhoneOS.platform/Developer/SDKs/iPhoneOS11.2.sdk -Wl,-search_paths_first -Wl,-headerpad_max_install_names   CMakeFiles/cmTC_32903.dir/feature_tests.c.o  -o cmTC_32903 


    Feature record: C_FEATURE:1c_function_prototypes
    Feature record: C_FEATURE:1c_restrict
    Feature record: C_FEATURE:1c_static_assert
    Feature record: C_FEATURE:1c_variadic_macros


Detecting C [-std=c99] compiler features compiled with the following output:
Change Dir: /Users/vijaychaudhry/Desktop/SVN/Test/linphone-iphone/WORK/ios-armv7/Build/mswebrtc/CMakeFiles/CMakeTmp

Run Build Command:"/usr/bin/make" "cmTC_5cd33/fast"
/Applications/Xcode/Xcode.app/Contents/Developer/usr/bin/make -f CMakeFiles/cmTC_5cd33.dir/build.make CMakeFiles/cmTC_5cd33.dir/build
Building C object CMakeFiles/cmTC_5cd33.dir/feature_tests.c.o
/Applications/Xcode/Xcode.app/Contents/Developer/Toolchains/XcodeDefault.xctoolchain/usr/bin/clang --target=armv7-apple-darwin   -arch armv7 -isysroot /Applications/Xcode/Xcode.app/Contents/Developer/Platforms/iPhoneOS.platform/Developer/SDKs/iPhoneOS11.2.sdk   -std=c99 -o CMakeFiles/cmTC_5cd33.dir/feature_tests.c.o   -c /Users/vijaychaudhry/Desktop/SVN/Test/linphone-iphone/WORK/ios-armv7/Build/mswebrtc/CMakeFiles/feature_tests.c
Linking C executable cmTC_5cd33
/usr/local/Cellar/cmake/3.10.2/bin/cmake -E cmake_link_script CMakeFiles/cmTC_5cd33.dir/link.txt --verbose=1
/Applications/Xcode/Xcode.app/Contents/Developer/Toolchains/XcodeDefault.xctoolchain/usr/bin/clang --target=armv7-apple-darwin   -arch armv7 -isysroot /Applications/Xcode/Xcode.app/Contents/Developer/Platforms/iPhoneOS.platform/Developer/SDKs/iPhoneOS11.2.sdk -Wl,-search_paths_first -Wl,-headerpad_max_install_names   CMakeFiles/cmTC_5cd33.dir/feature_tests.c.o  -o cmTC_5cd33 


    Feature record: C_FEATURE:1c_function_prototypes
    Feature record: C_FEATURE:1c_restrict
    Feature record: C_FEATURE:0c_static_assert
    Feature record: C_FEATURE:1c_variadic_macros


Detecting C [-std=c90] compiler features compiled with the following output:
Change Dir: /Users/vijaychaudhry/Desktop/SVN/Test/linphone-iphone/WORK/ios-armv7/Build/mswebrtc/CMakeFiles/CMakeTmp

Run Build Command:"/usr/bin/make" "cmTC_dc71b/fast"
/Applications/Xcode/Xcode.app/Contents/Developer/usr/bin/make -f CMakeFiles/cmTC_dc71b.dir/build.make CMakeFiles/cmTC_dc71b.dir/build
Building C object CMakeFiles/cmTC_dc71b.dir/feature_tests.c.o
/Applications/Xcode/Xcode.app/Contents/Developer/Toolchains/XcodeDefault.xctoolchain/usr/bin/clang --target=armv7-apple-darwin   -arch armv7 -isysroot /Applications/Xcode/Xcode.app/Contents/Developer/Platforms/iPhoneOS.platform/Developer/SDKs/iPhoneOS11.2.sdk   -std=c90 -o CMakeFiles/cmTC_dc71b.dir/feature_tests.c.o   -c /Users/vijaychaudhry/Desktop/SVN/Test/linphone-iphone/WORK/ios-armv7/Build/mswebrtc/CMakeFiles/feature_tests.c
Linking C executable cmTC_dc71b
/usr/local/Cellar/cmake/3.10.2/bin/cmake -E cmake_link_script CMakeFiles/cmTC_dc71b.dir/link.txt --verbose=1
/Applications/Xcode/Xcode.app/Contents/Developer/Toolchains/XcodeDefault.xctoolchain/usr/bin/clang --target=armv7-apple-darwin   -arch armv7 -isysroot /Applications/Xcode/Xcode.app/Contents/Developer/Platforms/iPhoneOS.platform/Developer/SDKs/iPhoneOS11.2.sdk -Wl,-search_paths_first -Wl,-headerpad_max_install_names   CMakeFiles/cmTC_dc71b.dir/feature_tests.c.o  -o cmTC_dc71b 


    Feature record: C_FEATURE:1c_function_prototypes
    Feature record: C_FEATURE:0c_restrict
    Feature record: C_FEATURE:0c_static_assert
    Feature record: C_FEATURE:0c_variadic_macros
Determining if the CXX compiler works passed with the following output:
Change Dir: /Users/vijaychaudhry/Desktop/SVN/Test/linphone-iphone/WORK/ios-armv7/Build/mswebrtc/CMakeFiles/CMakeTmp

Run Build Command:"/usr/bin/make" "cmTC_1fc0e/fast"
/Applications/Xcode/Xcode.app/Contents/Developer/usr/bin/make -f CMakeFiles/cmTC_1fc0e.dir/build.make CMakeFiles/cmTC_1fc0e.dir/build
Building CXX object CMakeFiles/cmTC_1fc0e.dir/testCXXCompiler.cxx.o
/Applications/Xcode/Xcode.app/Contents/Developer/Toolchains/XcodeDefault.xctoolchain/usr/bin/clang++ --target=armv7-apple-darwin    -arch armv7 -isysroot /Applications/Xcode/Xcode.app/Contents/Developer/Platforms/iPhoneOS.platform/Developer/SDKs/iPhoneOS11.2.sdk   -o CMakeFiles/cmTC_1fc0e.dir/testCXXCompiler.cxx.o -c /Users/vijaychaudhry/Desktop/SVN/Test/linphone-iphone/WORK/ios-armv7/Build/mswebrtc/CMakeFiles/CMakeTmp/testCXXCompiler.cxx
Linking CXX executable cmTC_1fc0e
/usr/local/Cellar/cmake/3.10.2/bin/cmake -E cmake_link_script CMakeFiles/cmTC_1fc0e.dir/link.txt --verbose=1
/Applications/Xcode/Xcode.app/Contents/Developer/Toolchains/XcodeDefault.xctoolchain/usr/bin/clang++ --target=armv7-apple-darwin    -arch armv7 -isysroot /Applications/Xcode/Xcode.app/Contents/Developer/Platforms/iPhoneOS.platform/Developer/SDKs/iPhoneOS11.2.sdk -Wl,-search_paths_first -Wl,-headerpad_max_install_names   CMakeFiles/cmTC_1fc0e.dir/testCXXCompiler.cxx.o  -o cmTC_1fc0e 


Detecting CXX compiler ABI info compiled with the following output:
Change Dir: /Users/vijaychaudhry/Desktop/SVN/Test/linphone-iphone/WORK/ios-armv7/Build/mswebrtc/CMakeFiles/CMakeTmp

Run Build Command:"/usr/bin/make" "cmTC_bfdef/fast"
/Applications/Xcode/Xcode.app/Contents/Developer/usr/bin/make -f CMakeFiles/cmTC_bfdef.dir/build.make CMakeFiles/cmTC_bfdef.dir/build
Building CXX object CMakeFiles/cmTC_bfdef.dir/CMakeCXXCompilerABI.cpp.o
/Applications/Xcode/Xcode.app/Contents/Developer/Toolchains/XcodeDefault.xctoolchain/usr/bin/clang++ --target=armv7-apple-darwin    -arch armv7 -isysroot /Applications/Xcode/Xcode.app/Contents/Developer/Platforms/iPhoneOS.platform/Developer/SDKs/iPhoneOS11.2.sdk   -o CMakeFiles/cmTC_bfdef.dir/CMakeCXXCompilerABI.cpp.o -c /usr/local/Cellar/cmake/3.10.2/share/cmake/Modules/CMakeCXXCompilerABI.cpp
Linking CXX executable cmTC_bfdef
/usr/local/Cellar/cmake/3.10.2/bin/cmake -E cmake_link_script CMakeFiles/cmTC_bfdef.dir/link.txt --verbose=1
/Applications/Xcode/Xcode.app/Contents/Developer/Toolchains/XcodeDefault.xctoolchain/usr/bin/clang++ --target=armv7-apple-darwin    -arch armv7 -isysroot /Applications/Xcode/Xcode.app/Contents/Developer/Platforms/iPhoneOS.platform/Developer/SDKs/iPhoneOS11.2.sdk -Wl,-search_paths_first -Wl,-headerpad_max_install_names  -v -Wl,-v CMakeFiles/cmTC_bfdef.dir/CMakeCXXCompilerABI.cpp.o  -o cmTC_bfdef 
Apple LLVM version 9.0.0 (clang-900.0.39.2)
Target: arm-apple-darwin
Thread model: posix
InstalledDir: /Applications/Xcode/Xcode.app/Contents/Developer/Toolchains/XcodeDefault.xctoolchain/usr/bin
 "/Applications/Xcode/Xcode.app/Contents/Developer/Toolchains/XcodeDefault.xctoolchain/usr/bin/ld" -demangle -lto_library /Applications/Xcode/Xcode.app/Contents/Developer/Toolchains/XcodeDefault.xctoolchain/usr/lib/libLTO.dylib -dynamic -arch armv7 -iphoneos_version_min 10.99.99 -syslibroot /Applications/Xcode/Xcode.app/Contents/Developer/Platforms/iPhoneOS.platform/Developer/SDKs/iPhoneOS11.2.sdk -o cmTC_bfdef -search_paths_first -headerpad_max_install_names -v CMakeFiles/cmTC_bfdef.dir/CMakeCXXCompilerABI.cpp.o -lc++ -lSystem /Applications/Xcode/Xcode.app/Contents/Developer/Toolchains/XcodeDefault.xctoolchain/usr/lib/clang/9.0.0/lib/darwin/libclang_rt.ios.a
@(#)PROGRAM:ld  PROJECT:ld64-305
configured to support archs: armv6 armv7 armv7s arm64 i386 x86_64 x86_64h armv6m armv7k armv7m armv7em (tvOS)
Library search paths:
	/Applications/Xcode/Xcode.app/Contents/Developer/Platforms/iPhoneOS.platform/Developer/SDKs/iPhoneOS11.2.sdk/usr/lib
Framework search paths:
	/Applications/Xcode/Xcode.app/Contents/Developer/Platforms/iPhoneOS.platform/Developer/SDKs/iPhoneOS11.2.sdk/System/Library/Frameworks/


Parsed CXX implicit link information from above output:
  link line regex: [^( *|.*[/\])(ld|CMAKE_LINK_STARTFILE-NOTFOUND|([^/\]+-)?ld|collect2)[^/\]*( |$)]
  ignore line: [Change Dir: /Users/vijaychaudhry/Desktop/SVN/Test/linphone-iphone/WORK/ios-armv7/Build/mswebrtc/CMakeFiles/CMakeTmp]
  ignore line: []
  ignore line: [Run Build Command:"/usr/bin/make" "cmTC_bfdef/fast"]
  ignore line: [/Applications/Xcode/Xcode.app/Contents/Developer/usr/bin/make -f CMakeFiles/cmTC_bfdef.dir/build.make CMakeFiles/cmTC_bfdef.dir/build]
  ignore line: [Building CXX object CMakeFiles/cmTC_bfdef.dir/CMakeCXXCompilerABI.cpp.o]
  ignore line: [/Applications/Xcode/Xcode.app/Contents/Developer/Toolchains/XcodeDefault.xctoolchain/usr/bin/clang++ --target=armv7-apple-darwin    -arch armv7 -isysroot /Applications/Xcode/Xcode.app/Contents/Developer/Platforms/iPhoneOS.platform/Developer/SDKs/iPhoneOS11.2.sdk   -o CMakeFiles/cmTC_bfdef.dir/CMakeCXXCompilerABI.cpp.o -c /usr/local/Cellar/cmake/3.10.2/share/cmake/Modules/CMakeCXXCompilerABI.cpp]
  ignore line: [Linking CXX executable cmTC_bfdef]
  ignore line: [/usr/local/Cellar/cmake/3.10.2/bin/cmake -E cmake_link_script CMakeFiles/cmTC_bfdef.dir/link.txt --verbose=1]
  ignore line: [/Applications/Xcode/Xcode.app/Contents/Developer/Toolchains/XcodeDefault.xctoolchain/usr/bin/clang++ --target=armv7-apple-darwin    -arch armv7 -isysroot /Applications/Xcode/Xcode.app/Contents/Developer/Platforms/iPhoneOS.platform/Developer/SDKs/iPhoneOS11.2.sdk -Wl,-search_paths_first -Wl,-headerpad_max_install_names  -v -Wl,-v CMakeFiles/cmTC_bfdef.dir/CMakeCXXCompilerABI.cpp.o  -o cmTC_bfdef ]
  ignore line: [Apple LLVM version 9.0.0 (clang-900.0.39.2)]
  ignore line: [Target: arm-apple-darwin]
  ignore line: [Thread model: posix]
  ignore line: [InstalledDir: /Applications/Xcode/Xcode.app/Contents/Developer/Toolchains/XcodeDefault.xctoolchain/usr/bin]
  link line: [ "/Applications/Xcode/Xcode.app/Contents/Developer/Toolchains/XcodeDefault.xctoolchain/usr/bin/ld" -demangle -lto_library /Applications/Xcode/Xcode.app/Contents/Developer/Toolchains/XcodeDefault.xctoolchain/usr/lib/libLTO.dylib -dynamic -arch armv7 -iphoneos_version_min 10.99.99 -syslibroot /Applications/Xcode/Xcode.app/Contents/Developer/Platforms/iPhoneOS.platform/Developer/SDKs/iPhoneOS11.2.sdk -o cmTC_bfdef -search_paths_first -headerpad_max_install_names -v CMakeFiles/cmTC_bfdef.dir/CMakeCXXCompilerABI.cpp.o -lc++ -lSystem /Applications/Xcode/Xcode.app/Contents/Developer/Toolchains/XcodeDefault.xctoolchain/usr/lib/clang/9.0.0/lib/darwin/libclang_rt.ios.a]
    arg [/Applications/Xcode/Xcode.app/Contents/Developer/Toolchains/XcodeDefault.xctoolchain/usr/bin/ld] ==> ignore
    arg [-demangle] ==> ignore
    arg [-lto_library] ==> ignore, skip following value
    arg [/Applications/Xcode/Xcode.app/Contents/Developer/Toolchains/XcodeDefault.xctoolchain/usr/lib/libLTO.dylib] ==> skip value of -lto_library
    arg [-dynamic] ==> ignore
    arg [-arch] ==> ignore
    arg [armv7] ==> ignore
    arg [-iphoneos_version_min] ==> ignore
    arg [10.99.99] ==> ignore
    arg [-syslibroot] ==> ignore
    arg [/Applications/Xcode/Xcode.app/Contents/Developer/Platforms/iPhoneOS.platform/Developer/SDKs/iPhoneOS11.2.sdk] ==> ignore
    arg [-o] ==> ignore
    arg [cmTC_bfdef] ==> ignore
    arg [-search_paths_first] ==> ignore
    arg [-headerpad_max_install_names] ==> ignore
    arg [-v] ==> ignore
    arg [CMakeFiles/cmTC_bfdef.dir/CMakeCXXCompilerABI.cpp.o] ==> ignore
    arg [-lc++] ==> lib [c++]
    arg [-lSystem] ==> lib [System]
    arg [/Applications/Xcode/Xcode.app/Contents/Developer/Toolchains/XcodeDefault.xctoolchain/usr/lib/clang/9.0.0/lib/darwin/libclang_rt.ios.a] ==> lib [/Applications/Xcode/Xcode.app/Contents/Developer/Toolchains/XcodeDefault.xctoolchain/usr/lib/clang/9.0.0/lib/darwin/libclang_rt.ios.a]
  Library search paths: [;/Applications/Xcode/Xcode.app/Contents/Developer/Platforms/iPhoneOS.platform/Developer/SDKs/iPhoneOS11.2.sdk/usr/lib]
  Framework search paths: [;/Applications/Xcode/Xcode.app/Contents/Developer/Platforms/iPhoneOS.platform/Developer/SDKs/iPhoneOS11.2.sdk/System/Library/Frameworks/]
  remove lib [System]
  remove lib [/Applications/Xcode/Xcode.app/Contents/Developer/Toolchains/XcodeDefault.xctoolchain/usr/lib/clang/9.0.0/lib/darwin/libclang_rt.ios.a]
  collapse library dir [/Applications/Xcode/Xcode.app/Contents/Developer/Platforms/iPhoneOS.platform/Developer/SDKs/iPhoneOS11.2.sdk/usr/lib] ==> [/Applications/Xcode/Xcode.app/Contents/Developer/Platforms/iPhoneOS.platform/Developer/SDKs/iPhoneOS11.2.sdk/usr/lib]
  collapse framework dir [/Applications/Xcode/Xcode.app/Contents/Developer/Platforms/iPhoneOS.platform/Developer/SDKs/iPhoneOS11.2.sdk/System/Library/Frameworks/] ==> [/Applications/Xcode/Xcode.app/Contents/Developer/Platforms/iPhoneOS.platform/Developer/SDKs/iPhoneOS11.2.sdk/System/Library/Frameworks]
  implicit libs: [c++]
  implicit dirs: [/Applications/Xcode/Xcode.app/Contents/Developer/Platforms/iPhoneOS.platform/Developer/SDKs/iPhoneOS11.2.sdk/usr/lib]
  implicit fwks: [/Applications/Xcode/Xcode.app/Contents/Developer/Platforms/iPhoneOS.platform/Developer/SDKs/iPhoneOS11.2.sdk/System/Library/Frameworks]




Detecting CXX [-std=c++1z] compiler features compiled with the following output:
Change Dir: /Users/vijaychaudhry/Desktop/SVN/Test/linphone-iphone/WORK/ios-armv7/Build/mswebrtc/CMakeFiles/CMakeTmp

Run Build Command:"/usr/bin/make" "cmTC_d04b5/fast"
/Applications/Xcode/Xcode.app/Contents/Developer/usr/bin/make -f CMakeFiles/cmTC_d04b5.dir/build.make CMakeFiles/cmTC_d04b5.dir/build
Building CXX object CMakeFiles/cmTC_d04b5.dir/feature_tests.cxx.o
/Applications/Xcode/Xcode.app/Contents/Developer/Toolchains/XcodeDefault.xctoolchain/usr/bin/clang++ --target=armv7-apple-darwin    -arch armv7 -isysroot /Applications/Xcode/Xcode.app/Contents/Developer/Platforms/iPhoneOS.platform/Developer/SDKs/iPhoneOS11.2.sdk   -std=c++1z -o CMakeFiles/cmTC_d04b5.dir/feature_tests.cxx.o -c /Users/vijaychaudhry/Desktop/SVN/Test/linphone-iphone/WORK/ios-armv7/Build/mswebrtc/CMakeFiles/feature_tests.cxx
Linking CXX executable cmTC_d04b5
/usr/local/Cellar/cmake/3.10.2/bin/cmake -E cmake_link_script CMakeFiles/cmTC_d04b5.dir/link.txt --verbose=1
/Applications/Xcode/Xcode.app/Contents/Developer/Toolchains/XcodeDefault.xctoolchain/usr/bin/clang++ --target=armv7-apple-darwin    -arch armv7 -isysroot /Applications/Xcode/Xcode.app/Contents/Developer/Platforms/iPhoneOS.platform/Developer/SDKs/iPhoneOS11.2.sdk -Wl,-search_paths_first -Wl,-headerpad_max_install_names   CMakeFiles/cmTC_d04b5.dir/feature_tests.cxx.o  -o cmTC_d04b5 


    Feature record: CXX_FEATURE:1cxx_aggregate_default_initializers
    Feature record: CXX_FEATURE:1cxx_alias_templates
    Feature record: CXX_FEATURE:1cxx_alignas
    Feature record: CXX_FEATURE:1cxx_alignof
    Feature record: CXX_FEATURE:1cxx_attributes
    Feature record: CXX_FEATURE:1cxx_attribute_deprecated
    Feature record: CXX_FEATURE:1cxx_auto_type
    Feature record: CXX_FEATURE:1cxx_binary_literals
    Feature record: CXX_FEATURE:1cxx_constexpr
    Feature record: CXX_FEATURE:1cxx_contextual_conversions
    Feature record: CXX_FEATURE:1cxx_decltype
    Feature record: CXX_FEATURE:1cxx_decltype_auto
    Feature record: CXX_FEATURE:1cxx_decltype_incomplete_return_types
    Feature record: CXX_FEATURE:1cxx_default_function_template_args
    Feature record: CXX_FEATURE:1cxx_defaulted_functions
    Feature record: CXX_FEATURE:1cxx_defaulted_move_initializers
    Feature record: CXX_FEATURE:1cxx_delegating_constructors
    Feature record: CXX_FEATURE:1cxx_deleted_functions
    Feature record: CXX_FEATURE:1cxx_digit_separators
    Feature record: CXX_FEATURE:1cxx_enum_forward_declarations
    Feature record: CXX_FEATURE:1cxx_explicit_conversions
    Feature record: CXX_FEATURE:1cxx_extended_friend_declarations
    Feature record: CXX_FEATURE:1cxx_extern_templates
    Feature record: CXX_FEATURE:1cxx_final
    Feature record: CXX_FEATURE:1cxx_func_identifier
    Feature record: CXX_FEATURE:1cxx_generalized_initializers
    Feature record: CXX_FEATURE:1cxx_generic_lambdas
    Feature record: CXX_FEATURE:1cxx_inheriting_constructors
    Feature record: CXX_FEATURE:1cxx_inline_namespaces
    Feature record: CXX_FEATURE:1cxx_lambdas
    Feature record: CXX_FEATURE:1cxx_lambda_init_captures
    Feature record: CXX_FEATURE:1cxx_local_type_template_args
    Feature record: CXX_FEATURE:1cxx_long_long_type
    Feature record: CXX_FEATURE:1cxx_noexcept
    Feature record: CXX_FEATURE:1cxx_nonstatic_member_init
    Feature record: CXX_FEATURE:1cxx_nullptr
    Feature record: CXX_FEATURE:1cxx_override
    Feature record: CXX_FEATURE:1cxx_range_for
    Feature record: CXX_FEATURE:1cxx_raw_string_literals
    Feature record: CXX_FEATURE:1cxx_reference_qualified_functions
    Feature record: CXX_FEATURE:1cxx_relaxed_constexpr
    Feature record: CXX_FEATURE:1cxx_return_type_deduction
    Feature record: CXX_FEATURE:1cxx_right_angle_brackets
    Feature record: CXX_FEATURE:1cxx_rvalue_references
    Feature record: CXX_FEATURE:1cxx_sizeof_member
    Feature record: CXX_FEATURE:1cxx_static_assert
    Feature record: CXX_FEATURE:1cxx_strong_enums
    Feature record: CXX_FEATURE:1cxx_template_template_parameters
    Feature record: CXX_FEATURE:1cxx_thread_local
    Feature record: CXX_FEATURE:1cxx_trailing_return_types
    Feature record: CXX_FEATURE:1cxx_unicode_literals
    Feature record: CXX_FEATURE:1cxx_uniform_initialization
    Feature record: CXX_FEATURE:1cxx_unrestricted_unions
    Feature record: CXX_FEATURE:1cxx_user_literals
    Feature record: CXX_FEATURE:1cxx_variable_templates
    Feature record: CXX_FEATURE:1cxx_variadic_macros
    Feature record: CXX_FEATURE:1cxx_variadic_templates


Detecting CXX [-std=c++14] compiler features compiled with the following output:
Change Dir: /Users/vijaychaudhry/Desktop/SVN/Test/linphone-iphone/WORK/ios-armv7/Build/mswebrtc/CMakeFiles/CMakeTmp

Run Build Command:"/usr/bin/make" "cmTC_45350/fast"
/Applications/Xcode/Xcode.app/Contents/Developer/usr/bin/make -f CMakeFiles/cmTC_45350.dir/build.make CMakeFiles/cmTC_45350.dir/build
Building CXX object CMakeFiles/cmTC_45350.dir/feature_tests.cxx.o
/Applications/Xcode/Xcode.app/Contents/Developer/Toolchains/XcodeDefault.xctoolchain/usr/bin/clang++ --target=armv7-apple-darwin    -arch armv7 -isysroot /Applications/Xcode/Xcode.app/Contents/Developer/Platforms/iPhoneOS.platform/Developer/SDKs/iPhoneOS11.2.sdk   -std=c++14 -o CMakeFiles/cmTC_45350.dir/feature_tests.cxx.o -c /Users/vijaychaudhry/Desktop/SVN/Test/linphone-iphone/WORK/ios-armv7/Build/mswebrtc/CMakeFiles/feature_tests.cxx
Linking CXX executable cmTC_45350
/usr/local/Cellar/cmake/3.10.2/bin/cmake -E cmake_link_script CMakeFiles/cmTC_45350.dir/link.txt --verbose=1
/Applications/Xcode/Xcode.app/Contents/Developer/Toolchains/XcodeDefault.xctoolchain/usr/bin/clang++ --target=armv7-apple-darwin    -arch armv7 -isysroot /Applications/Xcode/Xcode.app/Contents/Developer/Platforms/iPhoneOS.platform/Developer/SDKs/iPhoneOS11.2.sdk -Wl,-search_paths_first -Wl,-headerpad_max_install_names   CMakeFiles/cmTC_45350.dir/feature_tests.cxx.o  -o cmTC_45350 


    Feature record: CXX_FEATURE:1cxx_aggregate_default_initializers
    Feature record: CXX_FEATURE:1cxx_alias_templates
    Feature record: CXX_FEATURE:1cxx_alignas
    Feature record: CXX_FEATURE:1cxx_alignof
    Feature record: CXX_FEATURE:1cxx_attributes
    Feature record: CXX_FEATURE:1cxx_attribute_deprecated
    Feature record: CXX_FEATURE:1cxx_auto_type
    Feature record: CXX_FEATURE:1cxx_binary_literals
    Feature record: CXX_FEATURE:1cxx_constexpr
    Feature record: CXX_FEATURE:1cxx_contextual_conversions
    Feature record: CXX_FEATURE:1cxx_decltype
    Feature record: CXX_FEATURE:1cxx_decltype_auto
    Feature record: CXX_FEATURE:1cxx_decltype_incomplete_return_types
    Feature record: CXX_FEATURE:1cxx_default_function_template_args
    Feature record: CXX_FEATURE:1cxx_defaulted_functions
    Feature record: CXX_FEATURE:1cxx_defaulted_move_initializers
    Feature record: CXX_FEATURE:1cxx_delegating_constructors
    Feature record: CXX_FEATURE:1cxx_deleted_functions
    Feature record: CXX_FEATURE:1cxx_digit_separators
    Feature record: CXX_FEATURE:1cxx_enum_forward_declarations
    Feature record: CXX_FEATURE:1cxx_explicit_conversions
    Feature record: CXX_FEATURE:1cxx_extended_friend_declarations
    Feature record: CXX_FEATURE:1cxx_extern_templates
    Feature record: CXX_FEATURE:1cxx_final
    Feature record: CXX_FEATURE:1cxx_func_identifier
    Feature record: CXX_FEATURE:1cxx_generalized_initializers
    Feature record: CXX_FEATURE:1cxx_generic_lambdas
    Feature record: CXX_FEATURE:1cxx_inheriting_constructors
    Feature record: CXX_FEATURE:1cxx_inline_namespaces
    Feature record: CXX_FEATURE:1cxx_lambdas
    Feature record: CXX_FEATURE:1cxx_lambda_init_captures
    Feature record: CXX_FEATURE:1cxx_local_type_template_args
    Feature record: CXX_FEATURE:1cxx_long_long_type
    Feature record: CXX_FEATURE:1cxx_noexcept
    Feature record: CXX_FEATURE:1cxx_nonstatic_member_init
    Feature record: CXX_FEATURE:1cxx_nullptr
    Feature record: CXX_FEATURE:1cxx_override
    Feature record: CXX_FEATURE:1cxx_range_for
    Feature record: CXX_FEATURE:1cxx_raw_string_literals
    Feature record: CXX_FEATURE:1cxx_reference_qualified_functions
    Feature record: CXX_FEATURE:1cxx_relaxed_constexpr
    Feature record: CXX_FEATURE:1cxx_return_type_deduction
    Feature record: CXX_FEATURE:1cxx_right_angle_brackets
    Feature record: CXX_FEATURE:1cxx_rvalue_references
    Feature record: CXX_FEATURE:1cxx_sizeof_member
    Feature record: CXX_FEATURE:1cxx_static_assert
    Feature record: CXX_FEATURE:1cxx_strong_enums
    Feature record: CXX_FEATURE:1cxx_template_template_parameters
    Feature record: CXX_FEATURE:1cxx_thread_local
    Feature record: CXX_FEATURE:1cxx_trailing_return_types
    Feature record: CXX_FEATURE:1cxx_unicode_literals
    Feature record: CXX_FEATURE:1cxx_uniform_initialization
    Feature record: CXX_FEATURE:1cxx_unrestricted_unions
    Feature record: CXX_FEATURE:1cxx_user_literals
    Feature record: CXX_FEATURE:1cxx_variable_templates
    Feature record: CXX_FEATURE:1cxx_variadic_macros
    Feature record: CXX_FEATURE:1cxx_variadic_templates


Detecting CXX [-std=c++11] compiler features compiled with the following output:
Change Dir: /Users/vijaychaudhry/Desktop/SVN/Test/linphone-iphone/WORK/ios-armv7/Build/mswebrtc/CMakeFiles/CMakeTmp

Run Build Command:"/usr/bin/make" "cmTC_00f71/fast"
/Applications/Xcode/Xcode.app/Contents/Developer/usr/bin/make -f CMakeFiles/cmTC_00f71.dir/build.make CMakeFiles/cmTC_00f71.dir/build
Building CXX object CMakeFiles/cmTC_00f71.dir/feature_tests.cxx.o
/Applications/Xcode/Xcode.app/Contents/Developer/Toolchains/XcodeDefault.xctoolchain/usr/bin/clang++ --target=armv7-apple-darwin    -arch armv7 -isysroot /Applications/Xcode/Xcode.app/Contents/Developer/Platforms/iPhoneOS.platform/Developer/SDKs/iPhoneOS11.2.sdk   -std=c++11 -o CMakeFiles/cmTC_00f71.dir/feature_tests.cxx.o -c /Users/vijaychaudhry/Desktop/SVN/Test/linphone-iphone/WORK/ios-armv7/Build/mswebrtc/CMakeFiles/feature_tests.cxx
Linking CXX executable cmTC_00f71
/usr/local/Cellar/cmake/3.10.2/bin/cmake -E cmake_link_script CMakeFiles/cmTC_00f71.dir/link.txt --verbose=1
/Applications/Xcode/Xcode.app/Contents/Developer/Toolchains/XcodeDefault.xctoolchain/usr/bin/clang++ --target=armv7-apple-darwin    -arch armv7 -isysroot /Applications/Xcode/Xcode.app/Contents/Developer/Platforms/iPhoneOS.platform/Developer/SDKs/iPhoneOS11.2.sdk -Wl,-search_paths_first -Wl,-headerpad_max_install_names   CMakeFiles/cmTC_00f71.dir/feature_tests.cxx.o  -o cmTC_00f71 


    Feature record: CXX_FEATURE:0cxx_aggregate_default_initializers
    Feature record: CXX_FEATURE:1cxx_alias_templates
    Feature record: CXX_FEATURE:1cxx_alignas
    Feature record: CXX_FEATURE:1cxx_alignof
    Feature record: CXX_FEATURE:1cxx_attributes
    Feature record: CXX_FEATURE:0cxx_attribute_deprecated
    Feature record: CXX_FEATURE:1cxx_auto_type
    Feature record: CXX_FEATURE:0cxx_binary_literals
    Feature record: CXX_FEATURE:1cxx_constexpr
    Feature record: CXX_FEATURE:0cxx_contextual_conversions
    Feature record: CXX_FEATURE:1cxx_decltype
    Feature record: CXX_FEATURE:0cxx_decltype_auto
    Feature record: CXX_FEATURE:1cxx_decltype_incomplete_return_types
    Feature record: CXX_FEATURE:1cxx_default_function_template_args
    Feature record: CXX_FEATURE:1cxx_defaulted_functions
    Feature record: CXX_FEATURE:1cxx_defaulted_move_initializers
    Feature record: CXX_FEATURE:1cxx_delegating_constructors
    Feature record: CXX_FEATURE:1cxx_deleted_functions
    Feature record: CXX_FEATURE:0cxx_digit_separators
    Feature record: CXX_FEATURE:1cxx_enum_forward_declarations
    Feature record: CXX_FEATURE:1cxx_explicit_conversions
    Feature record: CXX_FEATURE:1cxx_extended_friend_declarations
    Feature record: CXX_FEATURE:1cxx_extern_templates
    Feature record: CXX_FEATURE:1cxx_final
    Feature record: CXX_FEATURE:1cxx_func_identifier
    Feature record: CXX_FEATURE:1cxx_generalized_initializers
    Feature record: CXX_FEATURE:0cxx_generic_lambdas
    Feature record: CXX_FEATURE:1cxx_inheriting_constructors
    Feature record: CXX_FEATURE:1cxx_inline_namespaces
    Feature record: CXX_FEATURE:1cxx_lambdas
    Feature record: CXX_FEATURE:0cxx_lambda_init_captures
    Feature record: CXX_FEATURE:1cxx_local_type_template_args
    Feature record: CXX_FEATURE:1cxx_long_long_type
    Feature record: CXX_FEATURE:1cxx_noexcept
    Feature record: CXX_FEATURE:1cxx_nonstatic_member_init
    Feature record: CXX_FEATURE:1cxx_nullptr
    Feature record: CXX_FEATURE:1cxx_override
    Feature record: CXX_FEATURE:1cxx_range_for
    Feature record: CXX_FEATURE:1cxx_raw_string_literals
    Feature record: CXX_FEATURE:1cxx_reference_qualified_functions
    Feature record: CXX_FEATURE:0cxx_relaxed_constexpr
    Feature record: CXX_FEATURE:0cxx_return_type_deduction
    Feature record: CXX_FEATURE:1cxx_right_angle_brackets
    Feature record: CXX_FEATURE:1cxx_rvalue_references
    Feature record: CXX_FEATURE:1cxx_sizeof_member
    Feature record: CXX_FEATURE:1cxx_static_assert
    Feature record: CXX_FEATURE:1cxx_strong_enums
    Feature record: CXX_FEATURE:1cxx_template_template_parameters
    Feature record: CXX_FEATURE:1cxx_thread_local
    Feature record: CXX_FEATURE:1cxx_trailing_return_types
    Feature record: CXX_FEATURE:1cxx_unicode_literals
    Feature record: CXX_FEATURE:1cxx_uniform_initialization
    Feature record: CXX_FEATURE:1cxx_unrestricted_unions
    Feature record: CXX_FEATURE:1cxx_user_literals
    Feature record: CXX_FEATURE:0cxx_variable_templates
    Feature record: CXX_FEATURE:1cxx_variadic_macros
    Feature record: CXX_FEATURE:1cxx_variadic_templates


Detecting CXX [-std=c++98] compiler features compiled with the following output:
Change Dir: /Users/vijaychaudhry/Desktop/SVN/Test/linphone-iphone/WORK/ios-armv7/Build/mswebrtc/CMakeFiles/CMakeTmp

Run Build Command:"/usr/bin/make" "cmTC_627a6/fast"
/Applications/Xcode/Xcode.app/Contents/Developer/usr/bin/make -f CMakeFiles/cmTC_627a6.dir/build.make CMakeFiles/cmTC_627a6.dir/build
Building CXX object CMakeFiles/cmTC_627a6.dir/feature_tests.cxx.o
/Applications/Xcode/Xcode.app/Contents/Developer/Toolchains/XcodeDefault.xctoolchain/usr/bin/clang++ --target=armv7-apple-darwin    -arch armv7 -isysroot /Applications/Xcode/Xcode.app/Contents/Developer/Platforms/iPhoneOS.platform/Developer/SDKs/iPhoneOS11.2.sdk   -std=c++98 -o CMakeFiles/cmTC_627a6.dir/feature_tests.cxx.o -c /Users/vijaychaudhry/Desktop/SVN/Test/linphone-iphone/WORK/ios-armv7/Build/mswebrtc/CMakeFiles/feature_tests.cxx
Linking CXX executable cmTC_627a6
/usr/local/Cellar/cmake/3.10.2/bin/cmake -E cmake_link_script CMakeFiles/cmTC_627a6.dir/link.txt --verbose=1
/Applications/Xcode/Xcode.app/Contents/Developer/Toolchains/XcodeDefault.xctoolchain/usr/bin/clang++ --target=armv7-apple-darwin    -arch armv7 -isysroot /Applications/Xcode/Xcode.app/Contents/Developer/Platforms/iPhoneOS.platform/Developer/SDKs/iPhoneOS11.2.sdk -Wl,-search_paths_first -Wl,-headerpad_max_install_names   CMakeFiles/cmTC_627a6.dir/feature_tests.cxx.o  -o cmTC_627a6 


    Feature record: CXX_FEATURE:0cxx_aggregate_default_initializers
    Feature record: CXX_FEATURE:0cxx_alias_templates
    Feature record: CXX_FEATURE:0cxx_alignas
    Feature record: CXX_FEATURE:0cxx_alignof
    Feature record: CXX_FEATURE:0cxx_attributes
    Feature record: CXX_FEATURE:0cxx_attribute_deprecated
    Feature record: CXX_FEATURE:0cxx_auto_type
    Feature record: CXX_FEATURE:0cxx_binary_literals
    Feature record: CXX_FEATURE:0cxx_constexpr
    Feature record: CXX_FEATURE:0cxx_contextual_conversions
    Feature record: CXX_FEATURE:0cxx_decltype
    Feature record: CXX_FEATURE:0cxx_decltype_auto
    Feature record: CXX_FEATURE:0cxx_decltype_incomplete_return_types
    Feature record: CXX_FEATURE:0cxx_default_function_template_args
    Feature record: CXX_FEATURE:0cxx_defaulted_functions
    Feature record: CXX_FEATURE:0cxx_defaulted_move_initializers
    Feature record: CXX_FEATURE:0cxx_delegating_constructors
    Feature record: CXX_FEATURE:0cxx_deleted_functions
    Feature record: CXX_FEATURE:0cxx_digit_separators
    Feature record: CXX_FEATURE:0cxx_enum_forward_declarations
    Feature record: CXX_FEATURE:0cxx_explicit_conversions
    Feature record: CXX_FEATURE:0cxx_extended_friend_declarations
    Feature record: CXX_FEATURE:0cxx_extern_templates
    Feature record: CXX_FEATURE:0cxx_final
    Feature record: CXX_FEATURE:0cxx_func_identifier
    Feature record: CXX_FEATURE:0cxx_generalized_initializers
    Feature record: CXX_FEATURE:0cxx_generic_lambdas
    Feature record: CXX_FEATURE:0cxx_inheriting_constructors
    Feature record: CXX_FEATURE:0cxx_inline_namespaces
    Feature record: CXX_FEATURE:0cxx_lambdas
    Feature record: CXX_FEATURE:0cxx_lambda_init_captures
    Feature record: CXX_FEATURE:0cxx_local_type_template_args
    Feature record: CXX_FEATURE:0cxx_long_long_type
    Feature record: CXX_FEATURE:0cxx_noexcept
    Feature record: CXX_FEATURE:0cxx_nonstatic_member_init
    Feature record: CXX_FEATURE:0cxx_nullptr
    Feature record: CXX_FEATURE:0cxx_override
    Feature record: CXX_FEATURE:0cxx_range_for
    Feature record: CXX_FEATURE:0cxx_raw_string_literals
    Feature record: CXX_FEATURE:0cxx_reference_qualified_functions
    Feature record: CXX_FEATURE:0cxx_relaxed_constexpr
    Feature record: CXX_FEATURE:0cxx_return_type_deduction
    Feature record: CXX_FEATURE:0cxx_right_angle_brackets
    Feature record: CXX_FEATURE:0cxx_rvalue_references
    Feature record: CXX_FEATURE:0cxx_sizeof_member
    Feature record: CXX_FEATURE:0cxx_static_assert
    Feature record: CXX_FEATURE:0cxx_strong_enums
    Feature record: CXX_FEATURE:1cxx_template_template_parameters
    Feature record: CXX_FEATURE:0cxx_thread_local
    Feature record: CXX_FEATURE:0cxx_trailing_return_types
    Feature record: CXX_FEATURE:0cxx_unicode_literals
    Feature record: CXX_FEATURE:0cxx_uniform_initialization
    Feature record: CXX_FEATURE:0cxx_unrestricted_unions
    Feature record: CXX_FEATURE:0cxx_user_literals
    Feature record: CXX_FEATURE:0cxx_variable_templates
    Feature record: CXX_FEATURE:0cxx_variadic_macros
    Feature record: CXX_FEATURE:0cxx_variadic_templates
