The target system is: Darwin - 11.2 - aarch64
The host system is: Darwin - 17.3.0 - x86_64
Compiling the C compiler identification source file "CMakeCCompilerId.c" succeeded.
Compiler: /Applications/Xcode/Xcode.app/Contents/Developer/Toolchains/XcodeDefault.xctoolchain/usr/bin/clang 
Build flags: 
Id flags:  

The output was:
0


Compilation of the C compiler identification source "CMakeCCompilerId.c" produced "a.out"

The C compiler identification is AppleClang, found in "/Users/vijaychaudhry/Desktop/SVN/Test/linphone-iphone/WORK/ios-arm64/Build/speex/CMakeFiles/3.10.2/CompilerIdC/a.out"

Determining if the C compiler works passed with the following output:
Change Dir: /Users/vijaychaudhry/Desktop/SVN/Test/linphone-iphone/WORK/ios-arm64/Build/speex/CMakeFiles/CMakeTmp

Run Build Command:"/usr/bin/make" "cmTC_6b493/fast"
/Applications/Xcode/Xcode.app/Contents/Developer/usr/bin/make -f CMakeFiles/cmTC_6b493.dir/build.make CMakeFiles/cmTC_6b493.dir/build
Building C object CMakeFiles/cmTC_6b493.dir/testCCompiler.c.o
/Applications/Xcode/Xcode.app/Contents/Developer/Toolchains/XcodeDefault.xctoolchain/usr/bin/clang --target=arm64-apple-darwin   -arch arm64 -isysroot /Applications/Xcode/Xcode.app/Contents/Developer/Platforms/iPhoneOS.platform/Developer/SDKs/iPhoneOS11.2.sdk   -o CMakeFiles/cmTC_6b493.dir/testCCompiler.c.o   -c /Users/vijaychaudhry/Desktop/SVN/Test/linphone-iphone/WORK/ios-arm64/Build/speex/CMakeFiles/CMakeTmp/testCCompiler.c
Linking C executable cmTC_6b493
/usr/local/Cellar/cmake/3.10.2/bin/cmake -E cmake_link_script CMakeFiles/cmTC_6b493.dir/link.txt --verbose=1
/Applications/Xcode/Xcode.app/Contents/Developer/Toolchains/XcodeDefault.xctoolchain/usr/bin/clang --target=arm64-apple-darwin   -arch arm64 -isysroot /Applications/Xcode/Xcode.app/Contents/Developer/Platforms/iPhoneOS.platform/Developer/SDKs/iPhoneOS11.2.sdk -Wl,-search_paths_first -Wl,-headerpad_max_install_names   CMakeFiles/cmTC_6b493.dir/testCCompiler.c.o  -o cmTC_6b493 


Detecting C compiler ABI info compiled with the following output:
Change Dir: /Users/vijaychaudhry/Desktop/SVN/Test/linphone-iphone/WORK/ios-arm64/Build/speex/CMakeFiles/CMakeTmp

Run Build Command:"/usr/bin/make" "cmTC_791e7/fast"
/Applications/Xcode/Xcode.app/Contents/Developer/usr/bin/make -f CMakeFiles/cmTC_791e7.dir/build.make CMakeFiles/cmTC_791e7.dir/build
Building C object CMakeFiles/cmTC_791e7.dir/CMakeCCompilerABI.c.o
/Applications/Xcode/Xcode.app/Contents/Developer/Toolchains/XcodeDefault.xctoolchain/usr/bin/clang --target=arm64-apple-darwin   -arch arm64 -isysroot /Applications/Xcode/Xcode.app/Contents/Developer/Platforms/iPhoneOS.platform/Developer/SDKs/iPhoneOS11.2.sdk   -o CMakeFiles/cmTC_791e7.dir/CMakeCCompilerABI.c.o   -c /usr/local/Cellar/cmake/3.10.2/share/cmake/Modules/CMakeCCompilerABI.c
Linking C executable cmTC_791e7
/usr/local/Cellar/cmake/3.10.2/bin/cmake -E cmake_link_script CMakeFiles/cmTC_791e7.dir/link.txt --verbose=1
/Applications/Xcode/Xcode.app/Contents/Developer/Toolchains/XcodeDefault.xctoolchain/usr/bin/clang --target=arm64-apple-darwin   -arch arm64 -isysroot /Applications/Xcode/Xcode.app/Contents/Developer/Platforms/iPhoneOS.platform/Developer/SDKs/iPhoneOS11.2.sdk -Wl,-search_paths_first -Wl,-headerpad_max_install_names  -v -Wl,-v CMakeFiles/cmTC_791e7.dir/CMakeCCompilerABI.c.o  -o cmTC_791e7 
Apple LLVM version 9.0.0 (clang-900.0.39.2)
Target: aarch64-apple-darwin
Thread model: posix
InstalledDir: /Applications/Xcode/Xcode.app/Contents/Developer/Toolchains/XcodeDefault.xctoolchain/usr/bin
 "/Applications/Xcode/Xcode.app/Contents/Developer/Toolchains/XcodeDefault.xctoolchain/usr/bin/ld" -demangle -lto_library /Applications/Xcode/Xcode.app/Contents/Developer/Toolchains/XcodeDefault.xctoolchain/usr/lib/libLTO.dylib -dynamic -arch arm64 -iphoneos_version_min 11.2.0 -syslibroot /Applications/Xcode/Xcode.app/Contents/Developer/Platforms/iPhoneOS.platform/Developer/SDKs/iPhoneOS11.2.sdk -o cmTC_791e7 -search_paths_first -headerpad_max_install_names -v CMakeFiles/cmTC_791e7.dir/CMakeCCompilerABI.c.o -lSystem /Applications/Xcode/Xcode.app/Contents/Developer/Toolchains/XcodeDefault.xctoolchain/usr/lib/clang/9.0.0/lib/darwin/libclang_rt.ios.a
@(#)PROGRAM:ld  PROJECT:ld64-305
configured to support archs: armv6 armv7 armv7s arm64 i386 x86_64 x86_64h armv6m armv7k armv7m armv7em (tvOS)
Library search paths:
	/Applications/Xcode/Xcode.app/Contents/Developer/Platforms/iPhoneOS.platform/Developer/SDKs/iPhoneOS11.2.sdk/usr/lib
Framework search paths:
	/Applications/Xcode/Xcode.app/Contents/Developer/Platforms/iPhoneOS.platform/Developer/SDKs/iPhoneOS11.2.sdk/System/Library/Frameworks/


Parsed C implicit link information from above output:
  link line regex: [^( *|.*[/\])(ld|CMAKE_LINK_STARTFILE-NOTFOUND|([^/\]+-)?ld|collect2)[^/\]*( |$)]
  ignore line: [Change Dir: /Users/vijaychaudhry/Desktop/SVN/Test/linphone-iphone/WORK/ios-arm64/Build/speex/CMakeFiles/CMakeTmp]
  ignore line: []
  ignore line: [Run Build Command:"/usr/bin/make" "cmTC_791e7/fast"]
  ignore line: [/Applications/Xcode/Xcode.app/Contents/Developer/usr/bin/make -f CMakeFiles/cmTC_791e7.dir/build.make CMakeFiles/cmTC_791e7.dir/build]
  ignore line: [Building C object CMakeFiles/cmTC_791e7.dir/CMakeCCompilerABI.c.o]
  ignore line: [/Applications/Xcode/Xcode.app/Contents/Developer/Toolchains/XcodeDefault.xctoolchain/usr/bin/clang --target=arm64-apple-darwin   -arch arm64 -isysroot /Applications/Xcode/Xcode.app/Contents/Developer/Platforms/iPhoneOS.platform/Developer/SDKs/iPhoneOS11.2.sdk   -o CMakeFiles/cmTC_791e7.dir/CMakeCCompilerABI.c.o   -c /usr/local/Cellar/cmake/3.10.2/share/cmake/Modules/CMakeCCompilerABI.c]
  ignore line: [Linking C executable cmTC_791e7]
  ignore line: [/usr/local/Cellar/cmake/3.10.2/bin/cmake -E cmake_link_script CMakeFiles/cmTC_791e7.dir/link.txt --verbose=1]
  ignore line: [/Applications/Xcode/Xcode.app/Contents/Developer/Toolchains/XcodeDefault.xctoolchain/usr/bin/clang --target=arm64-apple-darwin   -arch arm64 -isysroot /Applications/Xcode/Xcode.app/Contents/Developer/Platforms/iPhoneOS.platform/Developer/SDKs/iPhoneOS11.2.sdk -Wl,-search_paths_first -Wl,-headerpad_max_install_names  -v -Wl,-v CMakeFiles/cmTC_791e7.dir/CMakeCCompilerABI.c.o  -o cmTC_791e7 ]
  ignore line: [Apple LLVM version 9.0.0 (clang-900.0.39.2)]
  ignore line: [Target: aarch64-apple-darwin]
  ignore line: [Thread model: posix]
  ignore line: [InstalledDir: /Applications/Xcode/Xcode.app/Contents/Developer/Toolchains/XcodeDefault.xctoolchain/usr/bin]
  link line: [ "/Applications/Xcode/Xcode.app/Contents/Developer/Toolchains/XcodeDefault.xctoolchain/usr/bin/ld" -demangle -lto_library /Applications/Xcode/Xcode.app/Contents/Developer/Toolchains/XcodeDefault.xctoolchain/usr/lib/libLTO.dylib -dynamic -arch arm64 -iphoneos_version_min 11.2.0 -syslibroot /Applications/Xcode/Xcode.app/Contents/Developer/Platforms/iPhoneOS.platform/Developer/SDKs/iPhoneOS11.2.sdk -o cmTC_791e7 -search_paths_first -headerpad_max_install_names -v CMakeFiles/cmTC_791e7.dir/CMakeCCompilerABI.c.o -lSystem /Applications/Xcode/Xcode.app/Contents/Developer/Toolchains/XcodeDefault.xctoolchain/usr/lib/clang/9.0.0/lib/darwin/libclang_rt.ios.a]
    arg [/Applications/Xcode/Xcode.app/Contents/Developer/Toolchains/XcodeDefault.xctoolchain/usr/bin/ld] ==> ignore
    arg [-demangle] ==> ignore
    arg [-lto_library] ==> ignore, skip following value
    arg [/Applications/Xcode/Xcode.app/Contents/Developer/Toolchains/XcodeDefault.xctoolchain/usr/lib/libLTO.dylib] ==> skip value of -lto_library
    arg [-dynamic] ==> ignore
    arg [-arch] ==> ignore
    arg [arm64] ==> ignore
    arg [-iphoneos_version_min] ==> ignore
    arg [11.2.0] ==> ignore
    arg [-syslibroot] ==> ignore
    arg [/Applications/Xcode/Xcode.app/Contents/Developer/Platforms/iPhoneOS.platform/Developer/SDKs/iPhoneOS11.2.sdk] ==> ignore
    arg [-o] ==> ignore
    arg [cmTC_791e7] ==> ignore
    arg [-search_paths_first] ==> ignore
    arg [-headerpad_max_install_names] ==> ignore
    arg [-v] ==> ignore
    arg [CMakeFiles/cmTC_791e7.dir/CMakeCCompilerABI.c.o] ==> ignore
    arg [-lSystem] ==> lib [System]
    arg [/Applications/Xcode/Xcode.app/Contents/Developer/Toolchains/XcodeDefault.xctoolchain/usr/lib/clang/9.0.0/lib/darwin/libclang_rt.ios.a] ==> lib [/Applications/Xcode/Xcode.app/Contents/Developer/Toolchains/XcodeDefault.xctoolchain/usr/lib/clang/9.0.0/lib/darwin/libclang_rt.ios.a]
  Library search paths: [;/Applications/Xcode/Xcode.app/Contents/Developer/Platforms/iPhoneOS.platform/Developer/SDKs/iPhoneOS11.2.sdk/usr/lib]
  Framework search paths: [;/Applications/Xcode/Xcode.app/Contents/Developer/Platforms/iPhoneOS.platform/Developer/SDKs/iPhoneOS11.2.sdk/System/Library/Frameworks/]
  remove lib [System]
  remove lib [/Applications/Xcode/Xcode.app/Contents/Developer/Toolchains/XcodeDefault.xctoolchain/usr/lib/clang/9.0.0/lib/darwin/libclang_rt.ios.a]
  collapse library dir [/Applications/Xcode/Xcode.app/Contents/Developer/Platforms/iPhoneOS.platform/Developer/SDKs/iPhoneOS11.2.sdk/usr/lib] ==> [/Applications/Xcode/Xcode.app/Contents/Developer/Platforms/iPhoneOS.platform/Developer/SDKs/iPhoneOS11.2.sdk/usr/lib]
  collapse framework dir [/Applications/Xcode/Xcode.app/Contents/Developer/Platforms/iPhoneOS.platform/Developer/SDKs/iPhoneOS11.2.sdk/System/Library/Frameworks/] ==> [/Applications/Xcode/Xcode.app/Contents/Developer/Platforms/iPhoneOS.platform/Developer/SDKs/iPhoneOS11.2.sdk/System/Library/Frameworks]
  implicit libs: []
  implicit dirs: [/Applications/Xcode/Xcode.app/Contents/Developer/Platforms/iPhoneOS.platform/Developer/SDKs/iPhoneOS11.2.sdk/usr/lib]
  implicit fwks: [/Applications/Xcode/Xcode.app/Contents/Developer/Platforms/iPhoneOS.platform/Developer/SDKs/iPhoneOS11.2.sdk/System/Library/Frameworks]




Detecting C [-std=c11] compiler features compiled with the following output:
Change Dir: /Users/vijaychaudhry/Desktop/SVN/Test/linphone-iphone/WORK/ios-arm64/Build/speex/CMakeFiles/CMakeTmp

Run Build Command:"/usr/bin/make" "cmTC_4d7ca/fast"
/Applications/Xcode/Xcode.app/Contents/Developer/usr/bin/make -f CMakeFiles/cmTC_4d7ca.dir/build.make CMakeFiles/cmTC_4d7ca.dir/build
Building C object CMakeFiles/cmTC_4d7ca.dir/feature_tests.c.o
/Applications/Xcode/Xcode.app/Contents/Developer/Toolchains/XcodeDefault.xctoolchain/usr/bin/clang --target=arm64-apple-darwin   -arch arm64 -isysroot /Applications/Xcode/Xcode.app/Contents/Developer/Platforms/iPhoneOS.platform/Developer/SDKs/iPhoneOS11.2.sdk   -std=c11 -o CMakeFiles/cmTC_4d7ca.dir/feature_tests.c.o   -c /Users/vijaychaudhry/Desktop/SVN/Test/linphone-iphone/WORK/ios-arm64/Build/speex/CMakeFiles/feature_tests.c
Linking C executable cmTC_4d7ca
/usr/local/Cellar/cmake/3.10.2/bin/cmake -E cmake_link_script CMakeFiles/cmTC_4d7ca.dir/link.txt --verbose=1
/Applications/Xcode/Xcode.app/Contents/Developer/Toolchains/XcodeDefault.xctoolchain/usr/bin/clang --target=arm64-apple-darwin   -arch arm64 -isysroot /Applications/Xcode/Xcode.app/Contents/Developer/Platforms/iPhoneOS.platform/Developer/SDKs/iPhoneOS11.2.sdk -Wl,-search_paths_first -Wl,-headerpad_max_install_names   CMakeFiles/cmTC_4d7ca.dir/feature_tests.c.o  -o cmTC_4d7ca 


    Feature record: C_FEATURE:1c_function_prototypes
    Feature record: C_FEATURE:1c_restrict
    Feature record: C_FEATURE:1c_static_assert
    Feature record: C_FEATURE:1c_variadic_macros


Detecting C [-std=c99] compiler features compiled with the following output:
Change Dir: /Users/vijaychaudhry/Desktop/SVN/Test/linphone-iphone/WORK/ios-arm64/Build/speex/CMakeFiles/CMakeTmp

Run Build Command:"/usr/bin/make" "cmTC_2b2e3/fast"
/Applications/Xcode/Xcode.app/Contents/Developer/usr/bin/make -f CMakeFiles/cmTC_2b2e3.dir/build.make CMakeFiles/cmTC_2b2e3.dir/build
Building C object CMakeFiles/cmTC_2b2e3.dir/feature_tests.c.o
/Applications/Xcode/Xcode.app/Contents/Developer/Toolchains/XcodeDefault.xctoolchain/usr/bin/clang --target=arm64-apple-darwin   -arch arm64 -isysroot /Applications/Xcode/Xcode.app/Contents/Developer/Platforms/iPhoneOS.platform/Developer/SDKs/iPhoneOS11.2.sdk   -std=c99 -o CMakeFiles/cmTC_2b2e3.dir/feature_tests.c.o   -c /Users/vijaychaudhry/Desktop/SVN/Test/linphone-iphone/WORK/ios-arm64/Build/speex/CMakeFiles/feature_tests.c
Linking C executable cmTC_2b2e3
/usr/local/Cellar/cmake/3.10.2/bin/cmake -E cmake_link_script CMakeFiles/cmTC_2b2e3.dir/link.txt --verbose=1
/Applications/Xcode/Xcode.app/Contents/Developer/Toolchains/XcodeDefault.xctoolchain/usr/bin/clang --target=arm64-apple-darwin   -arch arm64 -isysroot /Applications/Xcode/Xcode.app/Contents/Developer/Platforms/iPhoneOS.platform/Developer/SDKs/iPhoneOS11.2.sdk -Wl,-search_paths_first -Wl,-headerpad_max_install_names   CMakeFiles/cmTC_2b2e3.dir/feature_tests.c.o  -o cmTC_2b2e3 


    Feature record: C_FEATURE:1c_function_prototypes
    Feature record: C_FEATURE:1c_restrict
    Feature record: C_FEATURE:0c_static_assert
    Feature record: C_FEATURE:1c_variadic_macros


Detecting C [-std=c90] compiler features compiled with the following output:
Change Dir: /Users/vijaychaudhry/Desktop/SVN/Test/linphone-iphone/WORK/ios-arm64/Build/speex/CMakeFiles/CMakeTmp

Run Build Command:"/usr/bin/make" "cmTC_bb00b/fast"
/Applications/Xcode/Xcode.app/Contents/Developer/usr/bin/make -f CMakeFiles/cmTC_bb00b.dir/build.make CMakeFiles/cmTC_bb00b.dir/build
Building C object CMakeFiles/cmTC_bb00b.dir/feature_tests.c.o
/Applications/Xcode/Xcode.app/Contents/Developer/Toolchains/XcodeDefault.xctoolchain/usr/bin/clang --target=arm64-apple-darwin   -arch arm64 -isysroot /Applications/Xcode/Xcode.app/Contents/Developer/Platforms/iPhoneOS.platform/Developer/SDKs/iPhoneOS11.2.sdk   -std=c90 -o CMakeFiles/cmTC_bb00b.dir/feature_tests.c.o   -c /Users/vijaychaudhry/Desktop/SVN/Test/linphone-iphone/WORK/ios-arm64/Build/speex/CMakeFiles/feature_tests.c
Linking C executable cmTC_bb00b
/usr/local/Cellar/cmake/3.10.2/bin/cmake -E cmake_link_script CMakeFiles/cmTC_bb00b.dir/link.txt --verbose=1
/Applications/Xcode/Xcode.app/Contents/Developer/Toolchains/XcodeDefault.xctoolchain/usr/bin/clang --target=arm64-apple-darwin   -arch arm64 -isysroot /Applications/Xcode/Xcode.app/Contents/Developer/Platforms/iPhoneOS.platform/Developer/SDKs/iPhoneOS11.2.sdk -Wl,-search_paths_first -Wl,-headerpad_max_install_names   CMakeFiles/cmTC_bb00b.dir/feature_tests.c.o  -o cmTC_bb00b 


    Feature record: C_FEATURE:1c_function_prototypes
    Feature record: C_FEATURE:0c_restrict
    Feature record: C_FEATURE:0c_static_assert
    Feature record: C_FEATURE:0c_variadic_macros
Determining if the include file alloca.h exists passed with the following output:
Change Dir: /Users/vijaychaudhry/Desktop/SVN/Test/linphone-iphone/WORK/ios-arm64/Build/speex/CMakeFiles/CMakeTmp

Run Build Command:"/usr/bin/make" "cmTC_d1948/fast"
/Applications/Xcode/Xcode.app/Contents/Developer/usr/bin/make -f CMakeFiles/cmTC_d1948.dir/build.make CMakeFiles/cmTC_d1948.dir/build
Building C object CMakeFiles/cmTC_d1948.dir/CheckIncludeFile.c.o
/Applications/Xcode/Xcode.app/Contents/Developer/Toolchains/XcodeDefault.xctoolchain/usr/bin/clang --target=arm64-apple-darwin   -arch arm64 -isysroot /Applications/Xcode/Xcode.app/Contents/Developer/Platforms/iPhoneOS.platform/Developer/SDKs/iPhoneOS11.2.sdk   -o CMakeFiles/cmTC_d1948.dir/CheckIncludeFile.c.o   -c /Users/vijaychaudhry/Desktop/SVN/Test/linphone-iphone/WORK/ios-arm64/Build/speex/CMakeFiles/CMakeTmp/CheckIncludeFile.c
Linking C executable cmTC_d1948
/usr/local/Cellar/cmake/3.10.2/bin/cmake -E cmake_link_script CMakeFiles/cmTC_d1948.dir/link.txt --verbose=1
/Applications/Xcode/Xcode.app/Contents/Developer/Toolchains/XcodeDefault.xctoolchain/usr/bin/clang --target=arm64-apple-darwin   -arch arm64 -isysroot /Applications/Xcode/Xcode.app/Contents/Developer/Platforms/iPhoneOS.platform/Developer/SDKs/iPhoneOS11.2.sdk -Wl,-search_paths_first -Wl,-headerpad_max_install_names   CMakeFiles/cmTC_d1948.dir/CheckIncludeFile.c.o  -o cmTC_d1948 


Determining if the include file getopt.h exists passed with the following output:
Change Dir: /Users/vijaychaudhry/Desktop/SVN/Test/linphone-iphone/WORK/ios-arm64/Build/speex/CMakeFiles/CMakeTmp

Run Build Command:"/usr/bin/make" "cmTC_ae1a9/fast"
/Applications/Xcode/Xcode.app/Contents/Developer/usr/bin/make -f CMakeFiles/cmTC_ae1a9.dir/build.make CMakeFiles/cmTC_ae1a9.dir/build
Building C object CMakeFiles/cmTC_ae1a9.dir/CheckIncludeFile.c.o
/Applications/Xcode/Xcode.app/Contents/Developer/Toolchains/XcodeDefault.xctoolchain/usr/bin/clang --target=arm64-apple-darwin   -arch arm64 -isysroot /Applications/Xcode/Xcode.app/Contents/Developer/Platforms/iPhoneOS.platform/Developer/SDKs/iPhoneOS11.2.sdk   -o CMakeFiles/cmTC_ae1a9.dir/CheckIncludeFile.c.o   -c /Users/vijaychaudhry/Desktop/SVN/Test/linphone-iphone/WORK/ios-arm64/Build/speex/CMakeFiles/CMakeTmp/CheckIncludeFile.c
Linking C executable cmTC_ae1a9
/usr/local/Cellar/cmake/3.10.2/bin/cmake -E cmake_link_script CMakeFiles/cmTC_ae1a9.dir/link.txt --verbose=1
/Applications/Xcode/Xcode.app/Contents/Developer/Toolchains/XcodeDefault.xctoolchain/usr/bin/clang --target=arm64-apple-darwin   -arch arm64 -isysroot /Applications/Xcode/Xcode.app/Contents/Developer/Platforms/iPhoneOS.platform/Developer/SDKs/iPhoneOS11.2.sdk -Wl,-search_paths_first -Wl,-headerpad_max_install_names   CMakeFiles/cmTC_ae1a9.dir/CheckIncludeFile.c.o  -o cmTC_ae1a9 


Determining if the include file string.h exists passed with the following output:
Change Dir: /Users/vijaychaudhry/Desktop/SVN/Test/linphone-iphone/WORK/ios-arm64/Build/speex/CMakeFiles/CMakeTmp

Run Build Command:"/usr/bin/make" "cmTC_aac62/fast"
/Applications/Xcode/Xcode.app/Contents/Developer/usr/bin/make -f CMakeFiles/cmTC_aac62.dir/build.make CMakeFiles/cmTC_aac62.dir/build
Building C object CMakeFiles/cmTC_aac62.dir/CheckIncludeFile.c.o
/Applications/Xcode/Xcode.app/Contents/Developer/Toolchains/XcodeDefault.xctoolchain/usr/bin/clang --target=arm64-apple-darwin   -arch arm64 -isysroot /Applications/Xcode/Xcode.app/Contents/Developer/Platforms/iPhoneOS.platform/Developer/SDKs/iPhoneOS11.2.sdk   -o CMakeFiles/cmTC_aac62.dir/CheckIncludeFile.c.o   -c /Users/vijaychaudhry/Desktop/SVN/Test/linphone-iphone/WORK/ios-arm64/Build/speex/CMakeFiles/CMakeTmp/CheckIncludeFile.c
Linking C executable cmTC_aac62
/usr/local/Cellar/cmake/3.10.2/bin/cmake -E cmake_link_script CMakeFiles/cmTC_aac62.dir/link.txt --verbose=1
/Applications/Xcode/Xcode.app/Contents/Developer/Toolchains/XcodeDefault.xctoolchain/usr/bin/clang --target=arm64-apple-darwin   -arch arm64 -isysroot /Applications/Xcode/Xcode.app/Contents/Developer/Platforms/iPhoneOS.platform/Developer/SDKs/iPhoneOS11.2.sdk -Wl,-search_paths_first -Wl,-headerpad_max_install_names   CMakeFiles/cmTC_aac62.dir/CheckIncludeFile.c.o  -o cmTC_aac62 


Determining if the function getopt_long exists passed with the following output:
Change Dir: /Users/vijaychaudhry/Desktop/SVN/Test/linphone-iphone/WORK/ios-arm64/Build/speex/CMakeFiles/CMakeTmp

Run Build Command:"/usr/bin/make" "cmTC_f9a2e/fast"
/Applications/Xcode/Xcode.app/Contents/Developer/usr/bin/make -f CMakeFiles/cmTC_f9a2e.dir/build.make CMakeFiles/cmTC_f9a2e.dir/build
Building C object CMakeFiles/cmTC_f9a2e.dir/CheckFunctionExists.c.o
/Applications/Xcode/Xcode.app/Contents/Developer/Toolchains/XcodeDefault.xctoolchain/usr/bin/clang --target=arm64-apple-darwin   -DCHECK_FUNCTION_EXISTS=getopt_long -arch arm64 -isysroot /Applications/Xcode/Xcode.app/Contents/Developer/Platforms/iPhoneOS.platform/Developer/SDKs/iPhoneOS11.2.sdk   -o CMakeFiles/cmTC_f9a2e.dir/CheckFunctionExists.c.o   -c /usr/local/Cellar/cmake/3.10.2/share/cmake/Modules/CheckFunctionExists.c
Linking C executable cmTC_f9a2e
/usr/local/Cellar/cmake/3.10.2/bin/cmake -E cmake_link_script CMakeFiles/cmTC_f9a2e.dir/link.txt --verbose=1
/Applications/Xcode/Xcode.app/Contents/Developer/Toolchains/XcodeDefault.xctoolchain/usr/bin/clang --target=arm64-apple-darwin  -DCHECK_FUNCTION_EXISTS=getopt_long -arch arm64 -isysroot /Applications/Xcode/Xcode.app/Contents/Developer/Platforms/iPhoneOS.platform/Developer/SDKs/iPhoneOS11.2.sdk -Wl,-search_paths_first -Wl,-headerpad_max_install_names   CMakeFiles/cmTC_f9a2e.dir/CheckFunctionExists.c.o  -o cmTC_f9a2e 


Performing C SOURCE FILE Test VAR_ARRAYS succeeded with the following output:
Change Dir: /Users/vijaychaudhry/Desktop/SVN/Test/linphone-iphone/WORK/ios-arm64/Build/speex/CMakeFiles/CMakeTmp

Run Build Command:"/usr/bin/make" "cmTC_03452/fast"
/Applications/Xcode/Xcode.app/Contents/Developer/usr/bin/make -f CMakeFiles/cmTC_03452.dir/build.make CMakeFiles/cmTC_03452.dir/build
Building C object CMakeFiles/cmTC_03452.dir/src.c.o
/Applications/Xcode/Xcode.app/Contents/Developer/Toolchains/XcodeDefault.xctoolchain/usr/bin/clang --target=arm64-apple-darwin   -DVAR_ARRAYS -arch arm64 -isysroot /Applications/Xcode/Xcode.app/Contents/Developer/Platforms/iPhoneOS.platform/Developer/SDKs/iPhoneOS11.2.sdk   -o CMakeFiles/cmTC_03452.dir/src.c.o   -c /Users/vijaychaudhry/Desktop/SVN/Test/linphone-iphone/WORK/ios-arm64/Build/speex/CMakeFiles/CMakeTmp/src.c
Linking C executable cmTC_03452
/usr/local/Cellar/cmake/3.10.2/bin/cmake -E cmake_link_script CMakeFiles/cmTC_03452.dir/link.txt --verbose=1
/Applications/Xcode/Xcode.app/Contents/Developer/Toolchains/XcodeDefault.xctoolchain/usr/bin/clang --target=arm64-apple-darwin  -DVAR_ARRAYS -arch arm64 -isysroot /Applications/Xcode/Xcode.app/Contents/Developer/Platforms/iPhoneOS.platform/Developer/SDKs/iPhoneOS11.2.sdk -Wl,-search_paths_first -Wl,-headerpad_max_install_names   CMakeFiles/cmTC_03452.dir/src.c.o  -o cmTC_03452 

Source file was:
int main(int argc, char *argv[]) {
int foo;
foo = 10;
int array[foo];
}
Performing C SOURCE FILE Test HAS_ALLOCA succeeded with the following output:
Change Dir: /Users/vijaychaudhry/Desktop/SVN/Test/linphone-iphone/WORK/ios-arm64/Build/speex/CMakeFiles/CMakeTmp

Run Build Command:"/usr/bin/make" "cmTC_3f95b/fast"
/Applications/Xcode/Xcode.app/Contents/Developer/usr/bin/make -f CMakeFiles/cmTC_3f95b.dir/build.make CMakeFiles/cmTC_3f95b.dir/build
Building C object CMakeFiles/cmTC_3f95b.dir/src.c.o
/Applications/Xcode/Xcode.app/Contents/Developer/Toolchains/XcodeDefault.xctoolchain/usr/bin/clang --target=arm64-apple-darwin   -DHAS_ALLOCA -arch arm64 -isysroot /Applications/Xcode/Xcode.app/Contents/Developer/Platforms/iPhoneOS.platform/Developer/SDKs/iPhoneOS11.2.sdk   -o CMakeFiles/cmTC_3f95b.dir/src.c.o   -c /Users/vijaychaudhry/Desktop/SVN/Test/linphone-iphone/WORK/ios-arm64/Build/speex/CMakeFiles/CMakeTmp/src.c
Linking C executable cmTC_3f95b
/usr/local/Cellar/cmake/3.10.2/bin/cmake -E cmake_link_script CMakeFiles/cmTC_3f95b.dir/link.txt --verbose=1
/Applications/Xcode/Xcode.app/Contents/Developer/Toolchains/XcodeDefault.xctoolchain/usr/bin/clang --target=arm64-apple-darwin  -DHAS_ALLOCA -arch arm64 -isysroot /Applications/Xcode/Xcode.app/Contents/Developer/Platforms/iPhoneOS.platform/Developer/SDKs/iPhoneOS11.2.sdk -Wl,-search_paths_first -Wl,-headerpad_max_install_names   CMakeFiles/cmTC_3f95b.dir/src.c.o  -o cmTC_3f95b 

Source file was:
#include <alloca.h>
#include <stdlib.h>
int main(int argc, char *argv[]) {
int foo=10;
int *array = alloca(foo);
}
Performing C SOURCE FILE Test HAS_VISIBILITY succeeded with the following output:
Change Dir: /Users/vijaychaudhry/Desktop/SVN/Test/linphone-iphone/WORK/ios-arm64/Build/speex/CMakeFiles/CMakeTmp

Run Build Command:"/usr/bin/make" "cmTC_620e6/fast"
/Applications/Xcode/Xcode.app/Contents/Developer/usr/bin/make -f CMakeFiles/cmTC_620e6.dir/build.make CMakeFiles/cmTC_620e6.dir/build
Building C object CMakeFiles/cmTC_620e6.dir/src.c.o
/Applications/Xcode/Xcode.app/Contents/Developer/Toolchains/XcodeDefault.xctoolchain/usr/bin/clang --target=arm64-apple-darwin   -fvisibility=hidden -DHAS_VISIBILITY -arch arm64 -isysroot /Applications/Xcode/Xcode.app/Contents/Developer/Platforms/iPhoneOS.platform/Developer/SDKs/iPhoneOS11.2.sdk   -o CMakeFiles/cmTC_620e6.dir/src.c.o   -c /Users/vijaychaudhry/Desktop/SVN/Test/linphone-iphone/WORK/ios-arm64/Build/speex/CMakeFiles/CMakeTmp/src.c
Linking C executable cmTC_620e6
/usr/local/Cellar/cmake/3.10.2/bin/cmake -E cmake_link_script CMakeFiles/cmTC_620e6.dir/link.txt --verbose=1
/Applications/Xcode/Xcode.app/Contents/Developer/Toolchains/XcodeDefault.xctoolchain/usr/bin/clang --target=arm64-apple-darwin  -fvisibility=hidden -DHAS_VISIBILITY -arch arm64 -isysroot /Applications/Xcode/Xcode.app/Contents/Developer/Platforms/iPhoneOS.platform/Developer/SDKs/iPhoneOS11.2.sdk -Wl,-search_paths_first -Wl,-headerpad_max_install_names   CMakeFiles/cmTC_620e6.dir/src.c.o  -o cmTC_620e6 

Source file was:
#pragma GCC visibility push(hidden)
__attribute__((visibility("default")))
int var=10;
int main(int argc, char *argv[]) {}
Determining if the include file sys/types.h exists passed with the following output:
Change Dir: /Users/vijaychaudhry/Desktop/SVN/Test/linphone-iphone/WORK/ios-arm64/Build/speex/CMakeFiles/CMakeTmp

Run Build Command:"/usr/bin/make" "cmTC_97559/fast"
/Applications/Xcode/Xcode.app/Contents/Developer/usr/bin/make -f CMakeFiles/cmTC_97559.dir/build.make CMakeFiles/cmTC_97559.dir/build
Building C object CMakeFiles/cmTC_97559.dir/CheckIncludeFile.c.o
/Applications/Xcode/Xcode.app/Contents/Developer/Toolchains/XcodeDefault.xctoolchain/usr/bin/clang --target=arm64-apple-darwin   -arch arm64 -isysroot /Applications/Xcode/Xcode.app/Contents/Developer/Platforms/iPhoneOS.platform/Developer/SDKs/iPhoneOS11.2.sdk   -o CMakeFiles/cmTC_97559.dir/CheckIncludeFile.c.o   -c /Users/vijaychaudhry/Desktop/SVN/Test/linphone-iphone/WORK/ios-arm64/Build/speex/CMakeFiles/CMakeTmp/CheckIncludeFile.c
Linking C executable cmTC_97559
/usr/local/Cellar/cmake/3.10.2/bin/cmake -E cmake_link_script CMakeFiles/cmTC_97559.dir/link.txt --verbose=1
/Applications/Xcode/Xcode.app/Contents/Developer/Toolchains/XcodeDefault.xctoolchain/usr/bin/clang --target=arm64-apple-darwin   -arch arm64 -isysroot /Applications/Xcode/Xcode.app/Contents/Developer/Platforms/iPhoneOS.platform/Developer/SDKs/iPhoneOS11.2.sdk -Wl,-search_paths_first -Wl,-headerpad_max_install_names   CMakeFiles/cmTC_97559.dir/CheckIncludeFile.c.o  -o cmTC_97559 


Determining if the include file stdint.h exists passed with the following output:
Change Dir: /Users/vijaychaudhry/Desktop/SVN/Test/linphone-iphone/WORK/ios-arm64/Build/speex/CMakeFiles/CMakeTmp

Run Build Command:"/usr/bin/make" "cmTC_0cc87/fast"
/Applications/Xcode/Xcode.app/Contents/Developer/usr/bin/make -f CMakeFiles/cmTC_0cc87.dir/build.make CMakeFiles/cmTC_0cc87.dir/build
Building C object CMakeFiles/cmTC_0cc87.dir/CheckIncludeFile.c.o
/Applications/Xcode/Xcode.app/Contents/Developer/Toolchains/XcodeDefault.xctoolchain/usr/bin/clang --target=arm64-apple-darwin   -arch arm64 -isysroot /Applications/Xcode/Xcode.app/Contents/Developer/Platforms/iPhoneOS.platform/Developer/SDKs/iPhoneOS11.2.sdk   -o CMakeFiles/cmTC_0cc87.dir/CheckIncludeFile.c.o   -c /Users/vijaychaudhry/Desktop/SVN/Test/linphone-iphone/WORK/ios-arm64/Build/speex/CMakeFiles/CMakeTmp/CheckIncludeFile.c
Linking C executable cmTC_0cc87
/usr/local/Cellar/cmake/3.10.2/bin/cmake -E cmake_link_script CMakeFiles/cmTC_0cc87.dir/link.txt --verbose=1
/Applications/Xcode/Xcode.app/Contents/Developer/Toolchains/XcodeDefault.xctoolchain/usr/bin/clang --target=arm64-apple-darwin   -arch arm64 -isysroot /Applications/Xcode/Xcode.app/Contents/Developer/Platforms/iPhoneOS.platform/Developer/SDKs/iPhoneOS11.2.sdk -Wl,-search_paths_first -Wl,-headerpad_max_install_names   CMakeFiles/cmTC_0cc87.dir/CheckIncludeFile.c.o  -o cmTC_0cc87 


Determining if the include file stddef.h exists passed with the following output:
Change Dir: /Users/vijaychaudhry/Desktop/SVN/Test/linphone-iphone/WORK/ios-arm64/Build/speex/CMakeFiles/CMakeTmp

Run Build Command:"/usr/bin/make" "cmTC_9a1f4/fast"
/Applications/Xcode/Xcode.app/Contents/Developer/usr/bin/make -f CMakeFiles/cmTC_9a1f4.dir/build.make CMakeFiles/cmTC_9a1f4.dir/build
Building C object CMakeFiles/cmTC_9a1f4.dir/CheckIncludeFile.c.o
/Applications/Xcode/Xcode.app/Contents/Developer/Toolchains/XcodeDefault.xctoolchain/usr/bin/clang --target=arm64-apple-darwin   -arch arm64 -isysroot /Applications/Xcode/Xcode.app/Contents/Developer/Platforms/iPhoneOS.platform/Developer/SDKs/iPhoneOS11.2.sdk   -o CMakeFiles/cmTC_9a1f4.dir/CheckIncludeFile.c.o   -c /Users/vijaychaudhry/Desktop/SVN/Test/linphone-iphone/WORK/ios-arm64/Build/speex/CMakeFiles/CMakeTmp/CheckIncludeFile.c
Linking C executable cmTC_9a1f4
/usr/local/Cellar/cmake/3.10.2/bin/cmake -E cmake_link_script CMakeFiles/cmTC_9a1f4.dir/link.txt --verbose=1
/Applications/Xcode/Xcode.app/Contents/Developer/Toolchains/XcodeDefault.xctoolchain/usr/bin/clang --target=arm64-apple-darwin   -arch arm64 -isysroot /Applications/Xcode/Xcode.app/Contents/Developer/Platforms/iPhoneOS.platform/Developer/SDKs/iPhoneOS11.2.sdk -Wl,-search_paths_first -Wl,-headerpad_max_install_names   CMakeFiles/cmTC_9a1f4.dir/CheckIncludeFile.c.o  -o cmTC_9a1f4 


Determining size of short passed with the following output:
Change Dir: /Users/vijaychaudhry/Desktop/SVN/Test/linphone-iphone/WORK/ios-arm64/Build/speex/CMakeFiles/CMakeTmp

Run Build Command:"/usr/bin/make" "cmTC_ceaaa/fast"
/Applications/Xcode/Xcode.app/Contents/Developer/usr/bin/make -f CMakeFiles/cmTC_ceaaa.dir/build.make CMakeFiles/cmTC_ceaaa.dir/build
Building C object CMakeFiles/cmTC_ceaaa.dir/SHORT.c.o
/Applications/Xcode/Xcode.app/Contents/Developer/Toolchains/XcodeDefault.xctoolchain/usr/bin/clang --target=arm64-apple-darwin   -arch arm64 -isysroot /Applications/Xcode/Xcode.app/Contents/Developer/Platforms/iPhoneOS.platform/Developer/SDKs/iPhoneOS11.2.sdk   -o CMakeFiles/cmTC_ceaaa.dir/SHORT.c.o   -c /Users/vijaychaudhry/Desktop/SVN/Test/linphone-iphone/WORK/ios-arm64/Build/speex/CMakeFiles/CheckTypeSize/SHORT.c
Linking C executable cmTC_ceaaa
/usr/local/Cellar/cmake/3.10.2/bin/cmake -E cmake_link_script CMakeFiles/cmTC_ceaaa.dir/link.txt --verbose=1
/Applications/Xcode/Xcode.app/Contents/Developer/Toolchains/XcodeDefault.xctoolchain/usr/bin/clang --target=arm64-apple-darwin   -arch arm64 -isysroot /Applications/Xcode/Xcode.app/Contents/Developer/Platforms/iPhoneOS.platform/Developer/SDKs/iPhoneOS11.2.sdk -Wl,-search_paths_first -Wl,-headerpad_max_install_names   CMakeFiles/cmTC_ceaaa.dir/SHORT.c.o  -o cmTC_ceaaa 


Determining size of int passed with the following output:
Change Dir: /Users/vijaychaudhry/Desktop/SVN/Test/linphone-iphone/WORK/ios-arm64/Build/speex/CMakeFiles/CMakeTmp

Run Build Command:"/usr/bin/make" "cmTC_7e8ea/fast"
/Applications/Xcode/Xcode.app/Contents/Developer/usr/bin/make -f CMakeFiles/cmTC_7e8ea.dir/build.make CMakeFiles/cmTC_7e8ea.dir/build
Building C object CMakeFiles/cmTC_7e8ea.dir/INT.c.o
/Applications/Xcode/Xcode.app/Contents/Developer/Toolchains/XcodeDefault.xctoolchain/usr/bin/clang --target=arm64-apple-darwin   -arch arm64 -isysroot /Applications/Xcode/Xcode.app/Contents/Developer/Platforms/iPhoneOS.platform/Developer/SDKs/iPhoneOS11.2.sdk   -o CMakeFiles/cmTC_7e8ea.dir/INT.c.o   -c /Users/vijaychaudhry/Desktop/SVN/Test/linphone-iphone/WORK/ios-arm64/Build/speex/CMakeFiles/CheckTypeSize/INT.c
Linking C executable cmTC_7e8ea
/usr/local/Cellar/cmake/3.10.2/bin/cmake -E cmake_link_script CMakeFiles/cmTC_7e8ea.dir/link.txt --verbose=1
/Applications/Xcode/Xcode.app/Contents/Developer/Toolchains/XcodeDefault.xctoolchain/usr/bin/clang --target=arm64-apple-darwin   -arch arm64 -isysroot /Applications/Xcode/Xcode.app/Contents/Developer/Platforms/iPhoneOS.platform/Developer/SDKs/iPhoneOS11.2.sdk -Wl,-search_paths_first -Wl,-headerpad_max_install_names   CMakeFiles/cmTC_7e8ea.dir/INT.c.o  -o cmTC_7e8ea 


Determining size of long passed with the following output:
Change Dir: /Users/vijaychaudhry/Desktop/SVN/Test/linphone-iphone/WORK/ios-arm64/Build/speex/CMakeFiles/CMakeTmp

Run Build Command:"/usr/bin/make" "cmTC_4a1f0/fast"
/Applications/Xcode/Xcode.app/Contents/Developer/usr/bin/make -f CMakeFiles/cmTC_4a1f0.dir/build.make CMakeFiles/cmTC_4a1f0.dir/build
Building C object CMakeFiles/cmTC_4a1f0.dir/LONG.c.o
/Applications/Xcode/Xcode.app/Contents/Developer/Toolchains/XcodeDefault.xctoolchain/usr/bin/clang --target=arm64-apple-darwin   -arch arm64 -isysroot /Applications/Xcode/Xcode.app/Contents/Developer/Platforms/iPhoneOS.platform/Developer/SDKs/iPhoneOS11.2.sdk   -o CMakeFiles/cmTC_4a1f0.dir/LONG.c.o   -c /Users/vijaychaudhry/Desktop/SVN/Test/linphone-iphone/WORK/ios-arm64/Build/speex/CMakeFiles/CheckTypeSize/LONG.c
Linking C executable cmTC_4a1f0
/usr/local/Cellar/cmake/3.10.2/bin/cmake -E cmake_link_script CMakeFiles/cmTC_4a1f0.dir/link.txt --verbose=1
/Applications/Xcode/Xcode.app/Contents/Developer/Toolchains/XcodeDefault.xctoolchain/usr/bin/clang --target=arm64-apple-darwin   -arch arm64 -isysroot /Applications/Xcode/Xcode.app/Contents/Developer/Platforms/iPhoneOS.platform/Developer/SDKs/iPhoneOS11.2.sdk -Wl,-search_paths_first -Wl,-headerpad_max_install_names   CMakeFiles/cmTC_4a1f0.dir/LONG.c.o  -o cmTC_4a1f0 


