Determining if the function clock_gettime exists in the rt failed with the following output:
Change Dir: /Users/vijaychaudhry/Desktop/SVN/Test/linphone-iphone/WORK/ios-armv7/Build/bellesip/CMakeFiles/CMakeTmp

Run Build Command:"/usr/bin/make" "cmTC_47bee/fast"
/Applications/Xcode/Xcode.app/Contents/Developer/usr/bin/make -f CMakeFiles/cmTC_47bee.dir/build.make CMakeFiles/cmTC_47bee.dir/build
Building C object CMakeFiles/cmTC_47bee.dir/CheckFunctionExists.c.o
/Applications/Xcode/Xcode.app/Contents/Developer/Toolchains/XcodeDefault.xctoolchain/usr/bin/clang --target=armv7-apple-darwin   -DCHECK_FUNCTION_EXISTS=clock_gettime -arch armv7 -isysroot /Applications/Xcode/Xcode.app/Contents/Developer/Platforms/iPhoneOS.platform/Developer/SDKs/iPhoneOS11.2.sdk   -o CMakeFiles/cmTC_47bee.dir/CheckFunctionExists.c.o   -c /usr/local/Cellar/cmake/3.10.2/share/cmake/Modules/CheckFunctionExists.c
Linking C executable cmTC_47bee
/usr/local/Cellar/cmake/3.10.2/bin/cmake -E cmake_link_script CMakeFiles/cmTC_47bee.dir/link.txt --verbose=1
/Applications/Xcode/Xcode.app/Contents/Developer/Toolchains/XcodeDefault.xctoolchain/usr/bin/clang --target=armv7-apple-darwin  -DCHECK_FUNCTION_EXISTS=clock_gettime -arch armv7 -isysroot /Applications/Xcode/Xcode.app/Contents/Developer/Platforms/iPhoneOS.platform/Developer/SDKs/iPhoneOS11.2.sdk -Wl,-search_paths_first -Wl,-headerpad_max_install_names   CMakeFiles/cmTC_47bee.dir/CheckFunctionExists.c.o  -o cmTC_47bee -lrt 
ld: library not found for -lrt
clang: error: linker command failed with exit code 1 (use -v to see invocation)
make[5]: *** [cmTC_47bee] Error 1
make[4]: *** [cmTC_47bee/fast] Error 2


Determining if the include file malloc.h exists failed with the following output:
Change Dir: /Users/vijaychaudhry/Desktop/SVN/Test/linphone-iphone/WORK/ios-armv7/Build/bellesip/CMakeFiles/CMakeTmp

Run Build Command:"/usr/bin/make" "cmTC_16579/fast"
/Applications/Xcode/Xcode.app/Contents/Developer/usr/bin/make -f CMakeFiles/cmTC_16579.dir/build.make CMakeFiles/cmTC_16579.dir/build
Building C object CMakeFiles/cmTC_16579.dir/CheckIncludeFile.c.o
/Applications/Xcode/Xcode.app/Contents/Developer/Toolchains/XcodeDefault.xctoolchain/usr/bin/clang --target=armv7-apple-darwin   -arch armv7 -isysroot /Applications/Xcode/Xcode.app/Contents/Developer/Platforms/iPhoneOS.platform/Developer/SDKs/iPhoneOS11.2.sdk   -o CMakeFiles/cmTC_16579.dir/CheckIncludeFile.c.o   -c /Users/vijaychaudhry/Desktop/SVN/Test/linphone-iphone/WORK/ios-armv7/Build/bellesip/CMakeFiles/CMakeTmp/CheckIncludeFile.c
/Users/vijaychaudhry/Desktop/SVN/Test/linphone-iphone/WORK/ios-armv7/Build/bellesip/CMakeFiles/CMakeTmp/CheckIncludeFile.c:1:10: fatal error: 'malloc.h' file not found
#include <malloc.h>
         ^~~~~~~~~~
1 error generated.
make[5]: *** [CMakeFiles/cmTC_16579.dir/CheckIncludeFile.c.o] Error 1
make[4]: *** [cmTC_16579/fast] Error 2


Determining if the include file socket.h exists failed with the following output:
Change Dir: /Users/vijaychaudhry/Desktop/SVN/Test/linphone-iphone/WORK/ios-armv7/Build/bellesip/CMakeFiles/CMakeTmp

Run Build Command:"/usr/bin/make" "cmTC_6c147/fast"
/Applications/Xcode/Xcode.app/Contents/Developer/usr/bin/make -f CMakeFiles/cmTC_6c147.dir/build.make CMakeFiles/cmTC_6c147.dir/build
Building C object CMakeFiles/cmTC_6c147.dir/CheckIncludeFile.c.o
/Applications/Xcode/Xcode.app/Contents/Developer/Toolchains/XcodeDefault.xctoolchain/usr/bin/clang --target=armv7-apple-darwin   -arch armv7 -isysroot /Applications/Xcode/Xcode.app/Contents/Developer/Platforms/iPhoneOS.platform/Developer/SDKs/iPhoneOS11.2.sdk   -o CMakeFiles/cmTC_6c147.dir/CheckIncludeFile.c.o   -c /Users/vijaychaudhry/Desktop/SVN/Test/linphone-iphone/WORK/ios-armv7/Build/bellesip/CMakeFiles/CMakeTmp/CheckIncludeFile.c
/Users/vijaychaudhry/Desktop/SVN/Test/linphone-iphone/WORK/ios-armv7/Build/bellesip/CMakeFiles/CMakeTmp/CheckIncludeFile.c:1:10: fatal error: 'socket.h' file not found
#include <socket.h>
         ^~~~~~~~~~
1 error generated.
make[5]: *** [CMakeFiles/cmTC_6c147.dir/CheckIncludeFile.c.o] Error 1
make[4]: *** [cmTC_6c147/fast] Error 2


Determining if the include file sys/malloc.h exists failed with the following output:
Change Dir: /Users/vijaychaudhry/Desktop/SVN/Test/linphone-iphone/WORK/ios-armv7/Build/bellesip/CMakeFiles/CMakeTmp

Run Build Command:"/usr/bin/make" "cmTC_ab12c/fast"
/Applications/Xcode/Xcode.app/Contents/Developer/usr/bin/make -f CMakeFiles/cmTC_ab12c.dir/build.make CMakeFiles/cmTC_ab12c.dir/build
Building C object CMakeFiles/cmTC_ab12c.dir/CheckIncludeFile.c.o
/Applications/Xcode/Xcode.app/Contents/Developer/Toolchains/XcodeDefault.xctoolchain/usr/bin/clang --target=armv7-apple-darwin   -arch armv7 -isysroot /Applications/Xcode/Xcode.app/Contents/Developer/Platforms/iPhoneOS.platform/Developer/SDKs/iPhoneOS11.2.sdk   -o CMakeFiles/cmTC_ab12c.dir/CheckIncludeFile.c.o   -c /Users/vijaychaudhry/Desktop/SVN/Test/linphone-iphone/WORK/ios-armv7/Build/bellesip/CMakeFiles/CMakeTmp/CheckIncludeFile.c
/Users/vijaychaudhry/Desktop/SVN/Test/linphone-iphone/WORK/ios-armv7/Build/bellesip/CMakeFiles/CMakeTmp/CheckIncludeFile.c:1:10: fatal error: 'sys/malloc.h' file not found
#include <sys/malloc.h>
         ^~~~~~~~~~~~~~
1 error generated.
make[5]: *** [CMakeFiles/cmTC_ab12c.dir/CheckIncludeFile.c.o] Error 1
make[4]: *** [cmTC_ab12c/fast] Error 2


