Determining if the include file byteswap.h exists failed with the following output:
Change Dir: /Users/vijaychaudhry/Desktop/SVN/Test/linphone-iphone/WORK/ios-x86_64/Build/srtp/CMakeFiles/CMakeTmp

Run Build Command:"/usr/bin/make" "cmTC_4394f/fast"
/Applications/Xcode/Xcode.app/Contents/Developer/usr/bin/make -f CMakeFiles/cmTC_4394f.dir/build.make CMakeFiles/cmTC_4394f.dir/build
Building C object CMakeFiles/cmTC_4394f.dir/CheckIncludeFile.c.o
/Applications/Xcode/Xcode.app/Contents/Developer/Toolchains/XcodeDefault.xctoolchain/usr/bin/clang --target=x86_64-apple-darwin   -arch x86_64 -isysroot /Applications/Xcode/Xcode.app/Contents/Developer/Platforms/iPhoneSimulator.platform/Developer/SDKs/iPhoneSimulator11.2.sdk   -o CMakeFiles/cmTC_4394f.dir/CheckIncludeFile.c.o   -c /Users/vijaychaudhry/Desktop/SVN/Test/linphone-iphone/WORK/ios-x86_64/Build/srtp/CMakeFiles/CMakeTmp/CheckIncludeFile.c
/Users/vijaychaudhry/Desktop/SVN/Test/linphone-iphone/WORK/ios-x86_64/Build/srtp/CMakeFiles/CMakeTmp/CheckIncludeFile.c:1:10: fatal error: 'byteswap.h' file not found
#include <byteswap.h>
         ^~~~~~~~~~~~
1 error generated.
make[5]: *** [CMakeFiles/cmTC_4394f.dir/CheckIncludeFile.c.o] Error 1
make[4]: *** [cmTC_4394f/fast] Error 2


Determining if the include file sys/int_types.h exists failed with the following output:
Change Dir: /Users/vijaychaudhry/Desktop/SVN/Test/linphone-iphone/WORK/ios-x86_64/Build/srtp/CMakeFiles/CMakeTmp

Run Build Command:"/usr/bin/make" "cmTC_50697/fast"
/Applications/Xcode/Xcode.app/Contents/Developer/usr/bin/make -f CMakeFiles/cmTC_50697.dir/build.make CMakeFiles/cmTC_50697.dir/build
Building C object CMakeFiles/cmTC_50697.dir/CheckIncludeFile.c.o
/Applications/Xcode/Xcode.app/Contents/Developer/Toolchains/XcodeDefault.xctoolchain/usr/bin/clang --target=x86_64-apple-darwin   -arch x86_64 -isysroot /Applications/Xcode/Xcode.app/Contents/Developer/Platforms/iPhoneSimulator.platform/Developer/SDKs/iPhoneSimulator11.2.sdk   -o CMakeFiles/cmTC_50697.dir/CheckIncludeFile.c.o   -c /Users/vijaychaudhry/Desktop/SVN/Test/linphone-iphone/WORK/ios-x86_64/Build/srtp/CMakeFiles/CMakeTmp/CheckIncludeFile.c
/Users/vijaychaudhry/Desktop/SVN/Test/linphone-iphone/WORK/ios-x86_64/Build/srtp/CMakeFiles/CMakeTmp/CheckIncludeFile.c:1:10: fatal error: 'sys/int_types.h' file not found
#include <sys/int_types.h>
         ^~~~~~~~~~~~~~~~~
1 error generated.
make[5]: *** [CMakeFiles/cmTC_50697.dir/CheckIncludeFile.c.o] Error 1
make[4]: *** [cmTC_50697/fast] Error 2


Determining if the include file windows.h exists failed with the following output:
Change Dir: /Users/vijaychaudhry/Desktop/SVN/Test/linphone-iphone/WORK/ios-x86_64/Build/srtp/CMakeFiles/CMakeTmp

Run Build Command:"/usr/bin/make" "cmTC_ba0ab/fast"
/Applications/Xcode/Xcode.app/Contents/Developer/usr/bin/make -f CMakeFiles/cmTC_ba0ab.dir/build.make CMakeFiles/cmTC_ba0ab.dir/build
Building C object CMakeFiles/cmTC_ba0ab.dir/CheckIncludeFile.c.o
/Applications/Xcode/Xcode.app/Contents/Developer/Toolchains/XcodeDefault.xctoolchain/usr/bin/clang --target=x86_64-apple-darwin   -arch x86_64 -isysroot /Applications/Xcode/Xcode.app/Contents/Developer/Platforms/iPhoneSimulator.platform/Developer/SDKs/iPhoneSimulator11.2.sdk   -o CMakeFiles/cmTC_ba0ab.dir/CheckIncludeFile.c.o   -c /Users/vijaychaudhry/Desktop/SVN/Test/linphone-iphone/WORK/ios-x86_64/Build/srtp/CMakeFiles/CMakeTmp/CheckIncludeFile.c
/Users/vijaychaudhry/Desktop/SVN/Test/linphone-iphone/WORK/ios-x86_64/Build/srtp/CMakeFiles/CMakeTmp/CheckIncludeFile.c:1:10: fatal error: 'windows.h' file not found
#include <windows.h>
         ^~~~~~~~~~~
1 error generated.
make[5]: *** [CMakeFiles/cmTC_ba0ab.dir/CheckIncludeFile.c.o] Error 1
make[4]: *** [cmTC_ba0ab/fast] Error 2


