The target system is: Darwin - 11.2 - x86_64
The host system is: Darwin - 17.3.0 - x86_64
Compiling the C compiler identification source file "CMakeCCompilerId.c" succeeded.
Compiler: /Applications/Xcode/Xcode.app/Contents/Developer/Toolchains/XcodeDefault.xctoolchain/usr/bin/clang 
Build flags: 
Id flags:  

The output was:
0


Compilation of the C compiler identification source "CMakeCCompilerId.c" produced "a.out"

The C compiler identification is AppleClang, found in "/Users/vijaychaudhry/Desktop/SVN/Test/linphone-iphone/WORK/ios-x86_64/Build/bellesip/CMakeFiles/3.10.2/CompilerIdC/a.out"

Compiling the CXX compiler identification source file "CMakeCXXCompilerId.cpp" succeeded.
Compiler: /Applications/Xcode/Xcode.app/Contents/Developer/Toolchains/XcodeDefault.xctoolchain/usr/bin/clang++ 
Build flags: 
Id flags:  

The output was:
0


Compilation of the CXX compiler identification source "CMakeCXXCompilerId.cpp" produced "a.out"

The CXX compiler identification is AppleClang, found in "/Users/vijaychaudhry/Desktop/SVN/Test/linphone-iphone/WORK/ios-x86_64/Build/bellesip/CMakeFiles/3.10.2/CompilerIdCXX/a.out"

Determining if the C compiler works passed with the following output:
Change Dir: /Users/vijaychaudhry/Desktop/SVN/Test/linphone-iphone/WORK/ios-x86_64/Build/bellesip/CMakeFiles/CMakeTmp

Run Build Command:"/usr/bin/make" "cmTC_3cc07/fast"
/Applications/Xcode/Xcode.app/Contents/Developer/usr/bin/make -f CMakeFiles/cmTC_3cc07.dir/build.make CMakeFiles/cmTC_3cc07.dir/build
Building C object CMakeFiles/cmTC_3cc07.dir/testCCompiler.c.o
/Applications/Xcode/Xcode.app/Contents/Developer/Toolchains/XcodeDefault.xctoolchain/usr/bin/clang --target=x86_64-apple-darwin   -arch x86_64 -isysroot /Applications/Xcode/Xcode.app/Contents/Developer/Platforms/iPhoneSimulator.platform/Developer/SDKs/iPhoneSimulator11.2.sdk   -o CMakeFiles/cmTC_3cc07.dir/testCCompiler.c.o   -c /Users/vijaychaudhry/Desktop/SVN/Test/linphone-iphone/WORK/ios-x86_64/Build/bellesip/CMakeFiles/CMakeTmp/testCCompiler.c
Linking C executable cmTC_3cc07
/usr/local/Cellar/cmake/3.10.2/bin/cmake -E cmake_link_script CMakeFiles/cmTC_3cc07.dir/link.txt --verbose=1
/Applications/Xcode/Xcode.app/Contents/Developer/Toolchains/XcodeDefault.xctoolchain/usr/bin/clang --target=x86_64-apple-darwin   -arch x86_64 -isysroot /Applications/Xcode/Xcode.app/Contents/Developer/Platforms/iPhoneSimulator.platform/Developer/SDKs/iPhoneSimulator11.2.sdk -Wl,-search_paths_first -Wl,-headerpad_max_install_names   CMakeFiles/cmTC_3cc07.dir/testCCompiler.c.o  -o cmTC_3cc07 


Detecting C compiler ABI info compiled with the following output:
Change Dir: /Users/vijaychaudhry/Desktop/SVN/Test/linphone-iphone/WORK/ios-x86_64/Build/bellesip/CMakeFiles/CMakeTmp

Run Build Command:"/usr/bin/make" "cmTC_c5880/fast"
/Applications/Xcode/Xcode.app/Contents/Developer/usr/bin/make -f CMakeFiles/cmTC_c5880.dir/build.make CMakeFiles/cmTC_c5880.dir/build
Building C object CMakeFiles/cmTC_c5880.dir/CMakeCCompilerABI.c.o
/Applications/Xcode/Xcode.app/Contents/Developer/Toolchains/XcodeDefault.xctoolchain/usr/bin/clang --target=x86_64-apple-darwin   -arch x86_64 -isysroot /Applications/Xcode/Xcode.app/Contents/Developer/Platforms/iPhoneSimulator.platform/Developer/SDKs/iPhoneSimulator11.2.sdk   -o CMakeFiles/cmTC_c5880.dir/CMakeCCompilerABI.c.o   -c /usr/local/Cellar/cmake/3.10.2/share/cmake/Modules/CMakeCCompilerABI.c
Linking C executable cmTC_c5880
/usr/local/Cellar/cmake/3.10.2/bin/cmake -E cmake_link_script CMakeFiles/cmTC_c5880.dir/link.txt --verbose=1
/Applications/Xcode/Xcode.app/Contents/Developer/Toolchains/XcodeDefault.xctoolchain/usr/bin/clang --target=x86_64-apple-darwin   -arch x86_64 -isysroot /Applications/Xcode/Xcode.app/Contents/Developer/Platforms/iPhoneSimulator.platform/Developer/SDKs/iPhoneSimulator11.2.sdk -Wl,-search_paths_first -Wl,-headerpad_max_install_names  -v -Wl,-v CMakeFiles/cmTC_c5880.dir/CMakeCCompilerABI.c.o  -o cmTC_c5880 
Apple LLVM version 9.0.0 (clang-900.0.39.2)
Target: x86_64-apple-darwin
Thread model: posix
InstalledDir: /Applications/Xcode/Xcode.app/Contents/Developer/Toolchains/XcodeDefault.xctoolchain/usr/bin
 "/Applications/Xcode/Xcode.app/Contents/Developer/Toolchains/XcodeDefault.xctoolchain/usr/bin/ld" -demangle -lto_library /Applications/Xcode/Xcode.app/Contents/Developer/Toolchains/XcodeDefault.xctoolchain/usr/lib/libLTO.dylib -dynamic -arch x86_64 -ios_simulator_version_min 11.2.0 -syslibroot /Applications/Xcode/Xcode.app/Contents/Developer/Platforms/iPhoneSimulator.platform/Developer/SDKs/iPhoneSimulator11.2.sdk -o cmTC_c5880 -search_paths_first -headerpad_max_install_names -v CMakeFiles/cmTC_c5880.dir/CMakeCCompilerABI.c.o -lSystem /Applications/Xcode/Xcode.app/Contents/Developer/Toolchains/XcodeDefault.xctoolchain/usr/lib/clang/9.0.0/lib/darwin/libclang_rt.ios.a
@(#)PROGRAM:ld  PROJECT:ld64-305
configured to support archs: armv6 armv7 armv7s arm64 i386 x86_64 x86_64h armv6m armv7k armv7m armv7em (tvOS)
Library search paths:
	/Applications/Xcode/Xcode.app/Contents/Developer/Platforms/iPhoneSimulator.platform/Developer/SDKs/iPhoneSimulator11.2.sdk/usr/lib
Framework search paths:
	/Applications/Xcode/Xcode.app/Contents/Developer/Platforms/iPhoneSimulator.platform/Developer/SDKs/iPhoneSimulator11.2.sdk/System/Library/Frameworks/


Parsed C implicit link information from above output:
  link line regex: [^( *|.*[/\])(ld|CMAKE_LINK_STARTFILE-NOTFOUND|([^/\]+-)?ld|collect2)[^/\]*( |$)]
  ignore line: [Change Dir: /Users/vijaychaudhry/Desktop/SVN/Test/linphone-iphone/WORK/ios-x86_64/Build/bellesip/CMakeFiles/CMakeTmp]
  ignore line: []
  ignore line: [Run Build Command:"/usr/bin/make" "cmTC_c5880/fast"]
  ignore line: [/Applications/Xcode/Xcode.app/Contents/Developer/usr/bin/make -f CMakeFiles/cmTC_c5880.dir/build.make CMakeFiles/cmTC_c5880.dir/build]
  ignore line: [Building C object CMakeFiles/cmTC_c5880.dir/CMakeCCompilerABI.c.o]
  ignore line: [/Applications/Xcode/Xcode.app/Contents/Developer/Toolchains/XcodeDefault.xctoolchain/usr/bin/clang --target=x86_64-apple-darwin   -arch x86_64 -isysroot /Applications/Xcode/Xcode.app/Contents/Developer/Platforms/iPhoneSimulator.platform/Developer/SDKs/iPhoneSimulator11.2.sdk   -o CMakeFiles/cmTC_c5880.dir/CMakeCCompilerABI.c.o   -c /usr/local/Cellar/cmake/3.10.2/share/cmake/Modules/CMakeCCompilerABI.c]
  ignore line: [Linking C executable cmTC_c5880]
  ignore line: [/usr/local/Cellar/cmake/3.10.2/bin/cmake -E cmake_link_script CMakeFiles/cmTC_c5880.dir/link.txt --verbose=1]
  ignore line: [/Applications/Xcode/Xcode.app/Contents/Developer/Toolchains/XcodeDefault.xctoolchain/usr/bin/clang --target=x86_64-apple-darwin   -arch x86_64 -isysroot /Applications/Xcode/Xcode.app/Contents/Developer/Platforms/iPhoneSimulator.platform/Developer/SDKs/iPhoneSimulator11.2.sdk -Wl,-search_paths_first -Wl,-headerpad_max_install_names  -v -Wl,-v CMakeFiles/cmTC_c5880.dir/CMakeCCompilerABI.c.o  -o cmTC_c5880 ]
  ignore line: [Apple LLVM version 9.0.0 (clang-900.0.39.2)]
  ignore line: [Target: x86_64-apple-darwin]
  ignore line: [Thread model: posix]
  ignore line: [InstalledDir: /Applications/Xcode/Xcode.app/Contents/Developer/Toolchains/XcodeDefault.xctoolchain/usr/bin]
  link line: [ "/Applications/Xcode/Xcode.app/Contents/Developer/Toolchains/XcodeDefault.xctoolchain/usr/bin/ld" -demangle -lto_library /Applications/Xcode/Xcode.app/Contents/Developer/Toolchains/XcodeDefault.xctoolchain/usr/lib/libLTO.dylib -dynamic -arch x86_64 -ios_simulator_version_min 11.2.0 -syslibroot /Applications/Xcode/Xcode.app/Contents/Developer/Platforms/iPhoneSimulator.platform/Developer/SDKs/iPhoneSimulator11.2.sdk -o cmTC_c5880 -search_paths_first -headerpad_max_install_names -v CMakeFiles/cmTC_c5880.dir/CMakeCCompilerABI.c.o -lSystem /Applications/Xcode/Xcode.app/Contents/Developer/Toolchains/XcodeDefault.xctoolchain/usr/lib/clang/9.0.0/lib/darwin/libclang_rt.ios.a]
    arg [/Applications/Xcode/Xcode.app/Contents/Developer/Toolchains/XcodeDefault.xctoolchain/usr/bin/ld] ==> ignore
    arg [-demangle] ==> ignore
    arg [-lto_library] ==> ignore, skip following value
    arg [/Applications/Xcode/Xcode.app/Contents/Developer/Toolchains/XcodeDefault.xctoolchain/usr/lib/libLTO.dylib] ==> skip value of -lto_library
    arg [-dynamic] ==> ignore
    arg [-arch] ==> ignore
    arg [x86_64] ==> ignore
    arg [-ios_simulator_version_min] ==> ignore
    arg [11.2.0] ==> ignore
    arg [-syslibroot] ==> ignore
    arg [/Applications/Xcode/Xcode.app/Contents/Developer/Platforms/iPhoneSimulator.platform/Developer/SDKs/iPhoneSimulator11.2.sdk] ==> ignore
    arg [-o] ==> ignore
    arg [cmTC_c5880] ==> ignore
    arg [-search_paths_first] ==> ignore
    arg [-headerpad_max_install_names] ==> ignore
    arg [-v] ==> ignore
    arg [CMakeFiles/cmTC_c5880.dir/CMakeCCompilerABI.c.o] ==> ignore
    arg [-lSystem] ==> lib [System]
    arg [/Applications/Xcode/Xcode.app/Contents/Developer/Toolchains/XcodeDefault.xctoolchain/usr/lib/clang/9.0.0/lib/darwin/libclang_rt.ios.a] ==> lib [/Applications/Xcode/Xcode.app/Contents/Developer/Toolchains/XcodeDefault.xctoolchain/usr/lib/clang/9.0.0/lib/darwin/libclang_rt.ios.a]
  Library search paths: [;/Applications/Xcode/Xcode.app/Contents/Developer/Platforms/iPhoneSimulator.platform/Developer/SDKs/iPhoneSimulator11.2.sdk/usr/lib]
  Framework search paths: [;/Applications/Xcode/Xcode.app/Contents/Developer/Platforms/iPhoneSimulator.platform/Developer/SDKs/iPhoneSimulator11.2.sdk/System/Library/Frameworks/]
  remove lib [System]
  remove lib [/Applications/Xcode/Xcode.app/Contents/Developer/Toolchains/XcodeDefault.xctoolchain/usr/lib/clang/9.0.0/lib/darwin/libclang_rt.ios.a]
  collapse library dir [/Applications/Xcode/Xcode.app/Contents/Developer/Platforms/iPhoneSimulator.platform/Developer/SDKs/iPhoneSimulator11.2.sdk/usr/lib] ==> [/Applications/Xcode/Xcode.app/Contents/Developer/Platforms/iPhoneSimulator.platform/Developer/SDKs/iPhoneSimulator11.2.sdk/usr/lib]
  collapse framework dir [/Applications/Xcode/Xcode.app/Contents/Developer/Platforms/iPhoneSimulator.platform/Developer/SDKs/iPhoneSimulator11.2.sdk/System/Library/Frameworks/] ==> [/Applications/Xcode/Xcode.app/Contents/Developer/Platforms/iPhoneSimulator.platform/Developer/SDKs/iPhoneSimulator11.2.sdk/System/Library/Frameworks]
  implicit libs: []
  implicit dirs: [/Applications/Xcode/Xcode.app/Contents/Developer/Platforms/iPhoneSimulator.platform/Developer/SDKs/iPhoneSimulator11.2.sdk/usr/lib]
  implicit fwks: [/Applications/Xcode/Xcode.app/Contents/Developer/Platforms/iPhoneSimulator.platform/Developer/SDKs/iPhoneSimulator11.2.sdk/System/Library/Frameworks]




Detecting C [-std=c11] compiler features compiled with the following output:
Change Dir: /Users/vijaychaudhry/Desktop/SVN/Test/linphone-iphone/WORK/ios-x86_64/Build/bellesip/CMakeFiles/CMakeTmp

Run Build Command:"/usr/bin/make" "cmTC_6bfc5/fast"
/Applications/Xcode/Xcode.app/Contents/Developer/usr/bin/make -f CMakeFiles/cmTC_6bfc5.dir/build.make CMakeFiles/cmTC_6bfc5.dir/build
Building C object CMakeFiles/cmTC_6bfc5.dir/feature_tests.c.o
/Applications/Xcode/Xcode.app/Contents/Developer/Toolchains/XcodeDefault.xctoolchain/usr/bin/clang --target=x86_64-apple-darwin   -arch x86_64 -isysroot /Applications/Xcode/Xcode.app/Contents/Developer/Platforms/iPhoneSimulator.platform/Developer/SDKs/iPhoneSimulator11.2.sdk   -std=c11 -o CMakeFiles/cmTC_6bfc5.dir/feature_tests.c.o   -c /Users/vijaychaudhry/Desktop/SVN/Test/linphone-iphone/WORK/ios-x86_64/Build/bellesip/CMakeFiles/feature_tests.c
Linking C executable cmTC_6bfc5
/usr/local/Cellar/cmake/3.10.2/bin/cmake -E cmake_link_script CMakeFiles/cmTC_6bfc5.dir/link.txt --verbose=1
/Applications/Xcode/Xcode.app/Contents/Developer/Toolchains/XcodeDefault.xctoolchain/usr/bin/clang --target=x86_64-apple-darwin   -arch x86_64 -isysroot /Applications/Xcode/Xcode.app/Contents/Developer/Platforms/iPhoneSimulator.platform/Developer/SDKs/iPhoneSimulator11.2.sdk -Wl,-search_paths_first -Wl,-headerpad_max_install_names   CMakeFiles/cmTC_6bfc5.dir/feature_tests.c.o  -o cmTC_6bfc5 


    Feature record: C_FEATURE:1c_function_prototypes
    Feature record: C_FEATURE:1c_restrict
    Feature record: C_FEATURE:1c_static_assert
    Feature record: C_FEATURE:1c_variadic_macros


Detecting C [-std=c99] compiler features compiled with the following output:
Change Dir: /Users/vijaychaudhry/Desktop/SVN/Test/linphone-iphone/WORK/ios-x86_64/Build/bellesip/CMakeFiles/CMakeTmp

Run Build Command:"/usr/bin/make" "cmTC_82f75/fast"
/Applications/Xcode/Xcode.app/Contents/Developer/usr/bin/make -f CMakeFiles/cmTC_82f75.dir/build.make CMakeFiles/cmTC_82f75.dir/build
Building C object CMakeFiles/cmTC_82f75.dir/feature_tests.c.o
/Applications/Xcode/Xcode.app/Contents/Developer/Toolchains/XcodeDefault.xctoolchain/usr/bin/clang --target=x86_64-apple-darwin   -arch x86_64 -isysroot /Applications/Xcode/Xcode.app/Contents/Developer/Platforms/iPhoneSimulator.platform/Developer/SDKs/iPhoneSimulator11.2.sdk   -std=c99 -o CMakeFiles/cmTC_82f75.dir/feature_tests.c.o   -c /Users/vijaychaudhry/Desktop/SVN/Test/linphone-iphone/WORK/ios-x86_64/Build/bellesip/CMakeFiles/feature_tests.c
Linking C executable cmTC_82f75
/usr/local/Cellar/cmake/3.10.2/bin/cmake -E cmake_link_script CMakeFiles/cmTC_82f75.dir/link.txt --verbose=1
/Applications/Xcode/Xcode.app/Contents/Developer/Toolchains/XcodeDefault.xctoolchain/usr/bin/clang --target=x86_64-apple-darwin   -arch x86_64 -isysroot /Applications/Xcode/Xcode.app/Contents/Developer/Platforms/iPhoneSimulator.platform/Developer/SDKs/iPhoneSimulator11.2.sdk -Wl,-search_paths_first -Wl,-headerpad_max_install_names   CMakeFiles/cmTC_82f75.dir/feature_tests.c.o  -o cmTC_82f75 


    Feature record: C_FEATURE:1c_function_prototypes
    Feature record: C_FEATURE:1c_restrict
    Feature record: C_FEATURE:0c_static_assert
    Feature record: C_FEATURE:1c_variadic_macros


Detecting C [-std=c90] compiler features compiled with the following output:
Change Dir: /Users/vijaychaudhry/Desktop/SVN/Test/linphone-iphone/WORK/ios-x86_64/Build/bellesip/CMakeFiles/CMakeTmp

Run Build Command:"/usr/bin/make" "cmTC_f1f09/fast"
/Applications/Xcode/Xcode.app/Contents/Developer/usr/bin/make -f CMakeFiles/cmTC_f1f09.dir/build.make CMakeFiles/cmTC_f1f09.dir/build
Building C object CMakeFiles/cmTC_f1f09.dir/feature_tests.c.o
/Applications/Xcode/Xcode.app/Contents/Developer/Toolchains/XcodeDefault.xctoolchain/usr/bin/clang --target=x86_64-apple-darwin   -arch x86_64 -isysroot /Applications/Xcode/Xcode.app/Contents/Developer/Platforms/iPhoneSimulator.platform/Developer/SDKs/iPhoneSimulator11.2.sdk   -std=c90 -o CMakeFiles/cmTC_f1f09.dir/feature_tests.c.o   -c /Users/vijaychaudhry/Desktop/SVN/Test/linphone-iphone/WORK/ios-x86_64/Build/bellesip/CMakeFiles/feature_tests.c
Linking C executable cmTC_f1f09
/usr/local/Cellar/cmake/3.10.2/bin/cmake -E cmake_link_script CMakeFiles/cmTC_f1f09.dir/link.txt --verbose=1
/Applications/Xcode/Xcode.app/Contents/Developer/Toolchains/XcodeDefault.xctoolchain/usr/bin/clang --target=x86_64-apple-darwin   -arch x86_64 -isysroot /Applications/Xcode/Xcode.app/Contents/Developer/Platforms/iPhoneSimulator.platform/Developer/SDKs/iPhoneSimulator11.2.sdk -Wl,-search_paths_first -Wl,-headerpad_max_install_names   CMakeFiles/cmTC_f1f09.dir/feature_tests.c.o  -o cmTC_f1f09 


    Feature record: C_FEATURE:1c_function_prototypes
    Feature record: C_FEATURE:0c_restrict
    Feature record: C_FEATURE:0c_static_assert
    Feature record: C_FEATURE:0c_variadic_macros
Determining if the CXX compiler works passed with the following output:
Change Dir: /Users/vijaychaudhry/Desktop/SVN/Test/linphone-iphone/WORK/ios-x86_64/Build/bellesip/CMakeFiles/CMakeTmp

Run Build Command:"/usr/bin/make" "cmTC_f2c0d/fast"
/Applications/Xcode/Xcode.app/Contents/Developer/usr/bin/make -f CMakeFiles/cmTC_f2c0d.dir/build.make CMakeFiles/cmTC_f2c0d.dir/build
Building CXX object CMakeFiles/cmTC_f2c0d.dir/testCXXCompiler.cxx.o
/Applications/Xcode/Xcode.app/Contents/Developer/Toolchains/XcodeDefault.xctoolchain/usr/bin/clang++ --target=x86_64-apple-darwin    -arch x86_64 -isysroot /Applications/Xcode/Xcode.app/Contents/Developer/Platforms/iPhoneSimulator.platform/Developer/SDKs/iPhoneSimulator11.2.sdk   -o CMakeFiles/cmTC_f2c0d.dir/testCXXCompiler.cxx.o -c /Users/vijaychaudhry/Desktop/SVN/Test/linphone-iphone/WORK/ios-x86_64/Build/bellesip/CMakeFiles/CMakeTmp/testCXXCompiler.cxx
Linking CXX executable cmTC_f2c0d
/usr/local/Cellar/cmake/3.10.2/bin/cmake -E cmake_link_script CMakeFiles/cmTC_f2c0d.dir/link.txt --verbose=1
/Applications/Xcode/Xcode.app/Contents/Developer/Toolchains/XcodeDefault.xctoolchain/usr/bin/clang++ --target=x86_64-apple-darwin    -arch x86_64 -isysroot /Applications/Xcode/Xcode.app/Contents/Developer/Platforms/iPhoneSimulator.platform/Developer/SDKs/iPhoneSimulator11.2.sdk -Wl,-search_paths_first -Wl,-headerpad_max_install_names   CMakeFiles/cmTC_f2c0d.dir/testCXXCompiler.cxx.o  -o cmTC_f2c0d 


Detecting CXX compiler ABI info compiled with the following output:
Change Dir: /Users/vijaychaudhry/Desktop/SVN/Test/linphone-iphone/WORK/ios-x86_64/Build/bellesip/CMakeFiles/CMakeTmp

Run Build Command:"/usr/bin/make" "cmTC_aaba7/fast"
/Applications/Xcode/Xcode.app/Contents/Developer/usr/bin/make -f CMakeFiles/cmTC_aaba7.dir/build.make CMakeFiles/cmTC_aaba7.dir/build
Building CXX object CMakeFiles/cmTC_aaba7.dir/CMakeCXXCompilerABI.cpp.o
/Applications/Xcode/Xcode.app/Contents/Developer/Toolchains/XcodeDefault.xctoolchain/usr/bin/clang++ --target=x86_64-apple-darwin    -arch x86_64 -isysroot /Applications/Xcode/Xcode.app/Contents/Developer/Platforms/iPhoneSimulator.platform/Developer/SDKs/iPhoneSimulator11.2.sdk   -o CMakeFiles/cmTC_aaba7.dir/CMakeCXXCompilerABI.cpp.o -c /usr/local/Cellar/cmake/3.10.2/share/cmake/Modules/CMakeCXXCompilerABI.cpp
Linking CXX executable cmTC_aaba7
/usr/local/Cellar/cmake/3.10.2/bin/cmake -E cmake_link_script CMakeFiles/cmTC_aaba7.dir/link.txt --verbose=1
/Applications/Xcode/Xcode.app/Contents/Developer/Toolchains/XcodeDefault.xctoolchain/usr/bin/clang++ --target=x86_64-apple-darwin    -arch x86_64 -isysroot /Applications/Xcode/Xcode.app/Contents/Developer/Platforms/iPhoneSimulator.platform/Developer/SDKs/iPhoneSimulator11.2.sdk -Wl,-search_paths_first -Wl,-headerpad_max_install_names  -v -Wl,-v CMakeFiles/cmTC_aaba7.dir/CMakeCXXCompilerABI.cpp.o  -o cmTC_aaba7 
Apple LLVM version 9.0.0 (clang-900.0.39.2)
Target: x86_64-apple-darwin
Thread model: posix
InstalledDir: /Applications/Xcode/Xcode.app/Contents/Developer/Toolchains/XcodeDefault.xctoolchain/usr/bin
 "/Applications/Xcode/Xcode.app/Contents/Developer/Toolchains/XcodeDefault.xctoolchain/usr/bin/ld" -demangle -lto_library /Applications/Xcode/Xcode.app/Contents/Developer/Toolchains/XcodeDefault.xctoolchain/usr/lib/libLTO.dylib -dynamic -arch x86_64 -ios_simulator_version_min 11.2.0 -syslibroot /Applications/Xcode/Xcode.app/Contents/Developer/Platforms/iPhoneSimulator.platform/Developer/SDKs/iPhoneSimulator11.2.sdk -o cmTC_aaba7 -search_paths_first -headerpad_max_install_names -v CMakeFiles/cmTC_aaba7.dir/CMakeCXXCompilerABI.cpp.o -lc++ -lSystem /Applications/Xcode/Xcode.app/Contents/Developer/Toolchains/XcodeDefault.xctoolchain/usr/lib/clang/9.0.0/lib/darwin/libclang_rt.ios.a
@(#)PROGRAM:ld  PROJECT:ld64-305
configured to support archs: armv6 armv7 armv7s arm64 i386 x86_64 x86_64h armv6m armv7k armv7m armv7em (tvOS)
Library search paths:
	/Applications/Xcode/Xcode.app/Contents/Developer/Platforms/iPhoneSimulator.platform/Developer/SDKs/iPhoneSimulator11.2.sdk/usr/lib
Framework search paths:
	/Applications/Xcode/Xcode.app/Contents/Developer/Platforms/iPhoneSimulator.platform/Developer/SDKs/iPhoneSimulator11.2.sdk/System/Library/Frameworks/


Parsed CXX implicit link information from above output:
  link line regex: [^( *|.*[/\])(ld|CMAKE_LINK_STARTFILE-NOTFOUND|([^/\]+-)?ld|collect2)[^/\]*( |$)]
  ignore line: [Change Dir: /Users/vijaychaudhry/Desktop/SVN/Test/linphone-iphone/WORK/ios-x86_64/Build/bellesip/CMakeFiles/CMakeTmp]
  ignore line: []
  ignore line: [Run Build Command:"/usr/bin/make" "cmTC_aaba7/fast"]
  ignore line: [/Applications/Xcode/Xcode.app/Contents/Developer/usr/bin/make -f CMakeFiles/cmTC_aaba7.dir/build.make CMakeFiles/cmTC_aaba7.dir/build]
  ignore line: [Building CXX object CMakeFiles/cmTC_aaba7.dir/CMakeCXXCompilerABI.cpp.o]
  ignore line: [/Applications/Xcode/Xcode.app/Contents/Developer/Toolchains/XcodeDefault.xctoolchain/usr/bin/clang++ --target=x86_64-apple-darwin    -arch x86_64 -isysroot /Applications/Xcode/Xcode.app/Contents/Developer/Platforms/iPhoneSimulator.platform/Developer/SDKs/iPhoneSimulator11.2.sdk   -o CMakeFiles/cmTC_aaba7.dir/CMakeCXXCompilerABI.cpp.o -c /usr/local/Cellar/cmake/3.10.2/share/cmake/Modules/CMakeCXXCompilerABI.cpp]
  ignore line: [Linking CXX executable cmTC_aaba7]
  ignore line: [/usr/local/Cellar/cmake/3.10.2/bin/cmake -E cmake_link_script CMakeFiles/cmTC_aaba7.dir/link.txt --verbose=1]
  ignore line: [/Applications/Xcode/Xcode.app/Contents/Developer/Toolchains/XcodeDefault.xctoolchain/usr/bin/clang++ --target=x86_64-apple-darwin    -arch x86_64 -isysroot /Applications/Xcode/Xcode.app/Contents/Developer/Platforms/iPhoneSimulator.platform/Developer/SDKs/iPhoneSimulator11.2.sdk -Wl,-search_paths_first -Wl,-headerpad_max_install_names  -v -Wl,-v CMakeFiles/cmTC_aaba7.dir/CMakeCXXCompilerABI.cpp.o  -o cmTC_aaba7 ]
  ignore line: [Apple LLVM version 9.0.0 (clang-900.0.39.2)]
  ignore line: [Target: x86_64-apple-darwin]
  ignore line: [Thread model: posix]
  ignore line: [InstalledDir: /Applications/Xcode/Xcode.app/Contents/Developer/Toolchains/XcodeDefault.xctoolchain/usr/bin]
  link line: [ "/Applications/Xcode/Xcode.app/Contents/Developer/Toolchains/XcodeDefault.xctoolchain/usr/bin/ld" -demangle -lto_library /Applications/Xcode/Xcode.app/Contents/Developer/Toolchains/XcodeDefault.xctoolchain/usr/lib/libLTO.dylib -dynamic -arch x86_64 -ios_simulator_version_min 11.2.0 -syslibroot /Applications/Xcode/Xcode.app/Contents/Developer/Platforms/iPhoneSimulator.platform/Developer/SDKs/iPhoneSimulator11.2.sdk -o cmTC_aaba7 -search_paths_first -headerpad_max_install_names -v CMakeFiles/cmTC_aaba7.dir/CMakeCXXCompilerABI.cpp.o -lc++ -lSystem /Applications/Xcode/Xcode.app/Contents/Developer/Toolchains/XcodeDefault.xctoolchain/usr/lib/clang/9.0.0/lib/darwin/libclang_rt.ios.a]
    arg [/Applications/Xcode/Xcode.app/Contents/Developer/Toolchains/XcodeDefault.xctoolchain/usr/bin/ld] ==> ignore
    arg [-demangle] ==> ignore
    arg [-lto_library] ==> ignore, skip following value
    arg [/Applications/Xcode/Xcode.app/Contents/Developer/Toolchains/XcodeDefault.xctoolchain/usr/lib/libLTO.dylib] ==> skip value of -lto_library
    arg [-dynamic] ==> ignore
    arg [-arch] ==> ignore
    arg [x86_64] ==> ignore
    arg [-ios_simulator_version_min] ==> ignore
    arg [11.2.0] ==> ignore
    arg [-syslibroot] ==> ignore
    arg [/Applications/Xcode/Xcode.app/Contents/Developer/Platforms/iPhoneSimulator.platform/Developer/SDKs/iPhoneSimulator11.2.sdk] ==> ignore
    arg [-o] ==> ignore
    arg [cmTC_aaba7] ==> ignore
    arg [-search_paths_first] ==> ignore
    arg [-headerpad_max_install_names] ==> ignore
    arg [-v] ==> ignore
    arg [CMakeFiles/cmTC_aaba7.dir/CMakeCXXCompilerABI.cpp.o] ==> ignore
    arg [-lc++] ==> lib [c++]
    arg [-lSystem] ==> lib [System]
    arg [/Applications/Xcode/Xcode.app/Contents/Developer/Toolchains/XcodeDefault.xctoolchain/usr/lib/clang/9.0.0/lib/darwin/libclang_rt.ios.a] ==> lib [/Applications/Xcode/Xcode.app/Contents/Developer/Toolchains/XcodeDefault.xctoolchain/usr/lib/clang/9.0.0/lib/darwin/libclang_rt.ios.a]
  Library search paths: [;/Applications/Xcode/Xcode.app/Contents/Developer/Platforms/iPhoneSimulator.platform/Developer/SDKs/iPhoneSimulator11.2.sdk/usr/lib]
  Framework search paths: [;/Applications/Xcode/Xcode.app/Contents/Developer/Platforms/iPhoneSimulator.platform/Developer/SDKs/iPhoneSimulator11.2.sdk/System/Library/Frameworks/]
  remove lib [System]
  remove lib [/Applications/Xcode/Xcode.app/Contents/Developer/Toolchains/XcodeDefault.xctoolchain/usr/lib/clang/9.0.0/lib/darwin/libclang_rt.ios.a]
  collapse library dir [/Applications/Xcode/Xcode.app/Contents/Developer/Platforms/iPhoneSimulator.platform/Developer/SDKs/iPhoneSimulator11.2.sdk/usr/lib] ==> [/Applications/Xcode/Xcode.app/Contents/Developer/Platforms/iPhoneSimulator.platform/Developer/SDKs/iPhoneSimulator11.2.sdk/usr/lib]
  collapse framework dir [/Applications/Xcode/Xcode.app/Contents/Developer/Platforms/iPhoneSimulator.platform/Developer/SDKs/iPhoneSimulator11.2.sdk/System/Library/Frameworks/] ==> [/Applications/Xcode/Xcode.app/Contents/Developer/Platforms/iPhoneSimulator.platform/Developer/SDKs/iPhoneSimulator11.2.sdk/System/Library/Frameworks]
  implicit libs: [c++]
  implicit dirs: [/Applications/Xcode/Xcode.app/Contents/Developer/Platforms/iPhoneSimulator.platform/Developer/SDKs/iPhoneSimulator11.2.sdk/usr/lib]
  implicit fwks: [/Applications/Xcode/Xcode.app/Contents/Developer/Platforms/iPhoneSimulator.platform/Developer/SDKs/iPhoneSimulator11.2.sdk/System/Library/Frameworks]




Detecting CXX [-std=c++1z] compiler features compiled with the following output:
Change Dir: /Users/vijaychaudhry/Desktop/SVN/Test/linphone-iphone/WORK/ios-x86_64/Build/bellesip/CMakeFiles/CMakeTmp

Run Build Command:"/usr/bin/make" "cmTC_00ffc/fast"
/Applications/Xcode/Xcode.app/Contents/Developer/usr/bin/make -f CMakeFiles/cmTC_00ffc.dir/build.make CMakeFiles/cmTC_00ffc.dir/build
Building CXX object CMakeFiles/cmTC_00ffc.dir/feature_tests.cxx.o
/Applications/Xcode/Xcode.app/Contents/Developer/Toolchains/XcodeDefault.xctoolchain/usr/bin/clang++ --target=x86_64-apple-darwin    -arch x86_64 -isysroot /Applications/Xcode/Xcode.app/Contents/Developer/Platforms/iPhoneSimulator.platform/Developer/SDKs/iPhoneSimulator11.2.sdk   -std=c++1z -o CMakeFiles/cmTC_00ffc.dir/feature_tests.cxx.o -c /Users/vijaychaudhry/Desktop/SVN/Test/linphone-iphone/WORK/ios-x86_64/Build/bellesip/CMakeFiles/feature_tests.cxx
Linking CXX executable cmTC_00ffc
/usr/local/Cellar/cmake/3.10.2/bin/cmake -E cmake_link_script CMakeFiles/cmTC_00ffc.dir/link.txt --verbose=1
/Applications/Xcode/Xcode.app/Contents/Developer/Toolchains/XcodeDefault.xctoolchain/usr/bin/clang++ --target=x86_64-apple-darwin    -arch x86_64 -isysroot /Applications/Xcode/Xcode.app/Contents/Developer/Platforms/iPhoneSimulator.platform/Developer/SDKs/iPhoneSimulator11.2.sdk -Wl,-search_paths_first -Wl,-headerpad_max_install_names   CMakeFiles/cmTC_00ffc.dir/feature_tests.cxx.o  -o cmTC_00ffc 


    Feature record: CXX_FEATURE:1cxx_aggregate_default_initializers
    Feature record: CXX_FEATURE:1cxx_alias_templates
    Feature record: CXX_FEATURE:1cxx_alignas
    Feature record: CXX_FEATURE:1cxx_alignof
    Feature record: CXX_FEATURE:1cxx_attributes
    Feature record: CXX_FEATURE:1cxx_attribute_deprecated
    Feature record: CXX_FEATURE:1cxx_auto_type
    Feature record: CXX_FEATURE:1cxx_binary_literals
    Feature record: CXX_FEATURE:1cxx_constexpr
    Feature record: CXX_FEATURE:1cxx_contextual_conversions
    Feature record: CXX_FEATURE:1cxx_decltype
    Feature record: CXX_FEATURE:1cxx_decltype_auto
    Feature record: CXX_FEATURE:1cxx_decltype_incomplete_return_types
    Feature record: CXX_FEATURE:1cxx_default_function_template_args
    Feature record: CXX_FEATURE:1cxx_defaulted_functions
    Feature record: CXX_FEATURE:1cxx_defaulted_move_initializers
    Feature record: CXX_FEATURE:1cxx_delegating_constructors
    Feature record: CXX_FEATURE:1cxx_deleted_functions
    Feature record: CXX_FEATURE:1cxx_digit_separators
    Feature record: CXX_FEATURE:1cxx_enum_forward_declarations
    Feature record: CXX_FEATURE:1cxx_explicit_conversions
    Feature record: CXX_FEATURE:1cxx_extended_friend_declarations
    Feature record: CXX_FEATURE:1cxx_extern_templates
    Feature record: CXX_FEATURE:1cxx_final
    Feature record: CXX_FEATURE:1cxx_func_identifier
    Feature record: CXX_FEATURE:1cxx_generalized_initializers
    Feature record: CXX_FEATURE:1cxx_generic_lambdas
    Feature record: CXX_FEATURE:1cxx_inheriting_constructors
    Feature record: CXX_FEATURE:1cxx_inline_namespaces
    Feature record: CXX_FEATURE:1cxx_lambdas
    Feature record: CXX_FEATURE:1cxx_lambda_init_captures
    Feature record: CXX_FEATURE:1cxx_local_type_template_args
    Feature record: CXX_FEATURE:1cxx_long_long_type
    Feature record: CXX_FEATURE:1cxx_noexcept
    Feature record: CXX_FEATURE:1cxx_nonstatic_member_init
    Feature record: CXX_FEATURE:1cxx_nullptr
    Feature record: CXX_FEATURE:1cxx_override
    Feature record: CXX_FEATURE:1cxx_range_for
    Feature record: CXX_FEATURE:1cxx_raw_string_literals
    Feature record: CXX_FEATURE:1cxx_reference_qualified_functions
    Feature record: CXX_FEATURE:1cxx_relaxed_constexpr
    Feature record: CXX_FEATURE:1cxx_return_type_deduction
    Feature record: CXX_FEATURE:1cxx_right_angle_brackets
    Feature record: CXX_FEATURE:1cxx_rvalue_references
    Feature record: CXX_FEATURE:1cxx_sizeof_member
    Feature record: CXX_FEATURE:1cxx_static_assert
    Feature record: CXX_FEATURE:1cxx_strong_enums
    Feature record: CXX_FEATURE:1cxx_template_template_parameters
    Feature record: CXX_FEATURE:1cxx_thread_local
    Feature record: CXX_FEATURE:1cxx_trailing_return_types
    Feature record: CXX_FEATURE:1cxx_unicode_literals
    Feature record: CXX_FEATURE:1cxx_uniform_initialization
    Feature record: CXX_FEATURE:1cxx_unrestricted_unions
    Feature record: CXX_FEATURE:1cxx_user_literals
    Feature record: CXX_FEATURE:1cxx_variable_templates
    Feature record: CXX_FEATURE:1cxx_variadic_macros
    Feature record: CXX_FEATURE:1cxx_variadic_templates


Detecting CXX [-std=c++14] compiler features compiled with the following output:
Change Dir: /Users/vijaychaudhry/Desktop/SVN/Test/linphone-iphone/WORK/ios-x86_64/Build/bellesip/CMakeFiles/CMakeTmp

Run Build Command:"/usr/bin/make" "cmTC_a36b4/fast"
/Applications/Xcode/Xcode.app/Contents/Developer/usr/bin/make -f CMakeFiles/cmTC_a36b4.dir/build.make CMakeFiles/cmTC_a36b4.dir/build
Building CXX object CMakeFiles/cmTC_a36b4.dir/feature_tests.cxx.o
/Applications/Xcode/Xcode.app/Contents/Developer/Toolchains/XcodeDefault.xctoolchain/usr/bin/clang++ --target=x86_64-apple-darwin    -arch x86_64 -isysroot /Applications/Xcode/Xcode.app/Contents/Developer/Platforms/iPhoneSimulator.platform/Developer/SDKs/iPhoneSimulator11.2.sdk   -std=c++14 -o CMakeFiles/cmTC_a36b4.dir/feature_tests.cxx.o -c /Users/vijaychaudhry/Desktop/SVN/Test/linphone-iphone/WORK/ios-x86_64/Build/bellesip/CMakeFiles/feature_tests.cxx
Linking CXX executable cmTC_a36b4
/usr/local/Cellar/cmake/3.10.2/bin/cmake -E cmake_link_script CMakeFiles/cmTC_a36b4.dir/link.txt --verbose=1
/Applications/Xcode/Xcode.app/Contents/Developer/Toolchains/XcodeDefault.xctoolchain/usr/bin/clang++ --target=x86_64-apple-darwin    -arch x86_64 -isysroot /Applications/Xcode/Xcode.app/Contents/Developer/Platforms/iPhoneSimulator.platform/Developer/SDKs/iPhoneSimulator11.2.sdk -Wl,-search_paths_first -Wl,-headerpad_max_install_names   CMakeFiles/cmTC_a36b4.dir/feature_tests.cxx.o  -o cmTC_a36b4 


    Feature record: CXX_FEATURE:1cxx_aggregate_default_initializers
    Feature record: CXX_FEATURE:1cxx_alias_templates
    Feature record: CXX_FEATURE:1cxx_alignas
    Feature record: CXX_FEATURE:1cxx_alignof
    Feature record: CXX_FEATURE:1cxx_attributes
    Feature record: CXX_FEATURE:1cxx_attribute_deprecated
    Feature record: CXX_FEATURE:1cxx_auto_type
    Feature record: CXX_FEATURE:1cxx_binary_literals
    Feature record: CXX_FEATURE:1cxx_constexpr
    Feature record: CXX_FEATURE:1cxx_contextual_conversions
    Feature record: CXX_FEATURE:1cxx_decltype
    Feature record: CXX_FEATURE:1cxx_decltype_auto
    Feature record: CXX_FEATURE:1cxx_decltype_incomplete_return_types
    Feature record: CXX_FEATURE:1cxx_default_function_template_args
    Feature record: CXX_FEATURE:1cxx_defaulted_functions
    Feature record: CXX_FEATURE:1cxx_defaulted_move_initializers
    Feature record: CXX_FEATURE:1cxx_delegating_constructors
    Feature record: CXX_FEATURE:1cxx_deleted_functions
    Feature record: CXX_FEATURE:1cxx_digit_separators
    Feature record: CXX_FEATURE:1cxx_enum_forward_declarations
    Feature record: CXX_FEATURE:1cxx_explicit_conversions
    Feature record: CXX_FEATURE:1cxx_extended_friend_declarations
    Feature record: CXX_FEATURE:1cxx_extern_templates
    Feature record: CXX_FEATURE:1cxx_final
    Feature record: CXX_FEATURE:1cxx_func_identifier
    Feature record: CXX_FEATURE:1cxx_generalized_initializers
    Feature record: CXX_FEATURE:1cxx_generic_lambdas
    Feature record: CXX_FEATURE:1cxx_inheriting_constructors
    Feature record: CXX_FEATURE:1cxx_inline_namespaces
    Feature record: CXX_FEATURE:1cxx_lambdas
    Feature record: CXX_FEATURE:1cxx_lambda_init_captures
    Feature record: CXX_FEATURE:1cxx_local_type_template_args
    Feature record: CXX_FEATURE:1cxx_long_long_type
    Feature record: CXX_FEATURE:1cxx_noexcept
    Feature record: CXX_FEATURE:1cxx_nonstatic_member_init
    Feature record: CXX_FEATURE:1cxx_nullptr
    Feature record: CXX_FEATURE:1cxx_override
    Feature record: CXX_FEATURE:1cxx_range_for
    Feature record: CXX_FEATURE:1cxx_raw_string_literals
    Feature record: CXX_FEATURE:1cxx_reference_qualified_functions
    Feature record: CXX_FEATURE:1cxx_relaxed_constexpr
    Feature record: CXX_FEATURE:1cxx_return_type_deduction
    Feature record: CXX_FEATURE:1cxx_right_angle_brackets
    Feature record: CXX_FEATURE:1cxx_rvalue_references
    Feature record: CXX_FEATURE:1cxx_sizeof_member
    Feature record: CXX_FEATURE:1cxx_static_assert
    Feature record: CXX_FEATURE:1cxx_strong_enums
    Feature record: CXX_FEATURE:1cxx_template_template_parameters
    Feature record: CXX_FEATURE:1cxx_thread_local
    Feature record: CXX_FEATURE:1cxx_trailing_return_types
    Feature record: CXX_FEATURE:1cxx_unicode_literals
    Feature record: CXX_FEATURE:1cxx_uniform_initialization
    Feature record: CXX_FEATURE:1cxx_unrestricted_unions
    Feature record: CXX_FEATURE:1cxx_user_literals
    Feature record: CXX_FEATURE:1cxx_variable_templates
    Feature record: CXX_FEATURE:1cxx_variadic_macros
    Feature record: CXX_FEATURE:1cxx_variadic_templates


Detecting CXX [-std=c++11] compiler features compiled with the following output:
Change Dir: /Users/vijaychaudhry/Desktop/SVN/Test/linphone-iphone/WORK/ios-x86_64/Build/bellesip/CMakeFiles/CMakeTmp

Run Build Command:"/usr/bin/make" "cmTC_0f9b0/fast"
/Applications/Xcode/Xcode.app/Contents/Developer/usr/bin/make -f CMakeFiles/cmTC_0f9b0.dir/build.make CMakeFiles/cmTC_0f9b0.dir/build
Building CXX object CMakeFiles/cmTC_0f9b0.dir/feature_tests.cxx.o
/Applications/Xcode/Xcode.app/Contents/Developer/Toolchains/XcodeDefault.xctoolchain/usr/bin/clang++ --target=x86_64-apple-darwin    -arch x86_64 -isysroot /Applications/Xcode/Xcode.app/Contents/Developer/Platforms/iPhoneSimulator.platform/Developer/SDKs/iPhoneSimulator11.2.sdk   -std=c++11 -o CMakeFiles/cmTC_0f9b0.dir/feature_tests.cxx.o -c /Users/vijaychaudhry/Desktop/SVN/Test/linphone-iphone/WORK/ios-x86_64/Build/bellesip/CMakeFiles/feature_tests.cxx
Linking CXX executable cmTC_0f9b0
/usr/local/Cellar/cmake/3.10.2/bin/cmake -E cmake_link_script CMakeFiles/cmTC_0f9b0.dir/link.txt --verbose=1
/Applications/Xcode/Xcode.app/Contents/Developer/Toolchains/XcodeDefault.xctoolchain/usr/bin/clang++ --target=x86_64-apple-darwin    -arch x86_64 -isysroot /Applications/Xcode/Xcode.app/Contents/Developer/Platforms/iPhoneSimulator.platform/Developer/SDKs/iPhoneSimulator11.2.sdk -Wl,-search_paths_first -Wl,-headerpad_max_install_names   CMakeFiles/cmTC_0f9b0.dir/feature_tests.cxx.o  -o cmTC_0f9b0 


    Feature record: CXX_FEATURE:0cxx_aggregate_default_initializers
    Feature record: CXX_FEATURE:1cxx_alias_templates
    Feature record: CXX_FEATURE:1cxx_alignas
    Feature record: CXX_FEATURE:1cxx_alignof
    Feature record: CXX_FEATURE:1cxx_attributes
    Feature record: CXX_FEATURE:0cxx_attribute_deprecated
    Feature record: CXX_FEATURE:1cxx_auto_type
    Feature record: CXX_FEATURE:0cxx_binary_literals
    Feature record: CXX_FEATURE:1cxx_constexpr
    Feature record: CXX_FEATURE:0cxx_contextual_conversions
    Feature record: CXX_FEATURE:1cxx_decltype
    Feature record: CXX_FEATURE:0cxx_decltype_auto
    Feature record: CXX_FEATURE:1cxx_decltype_incomplete_return_types
    Feature record: CXX_FEATURE:1cxx_default_function_template_args
    Feature record: CXX_FEATURE:1cxx_defaulted_functions
    Feature record: CXX_FEATURE:1cxx_defaulted_move_initializers
    Feature record: CXX_FEATURE:1cxx_delegating_constructors
    Feature record: CXX_FEATURE:1cxx_deleted_functions
    Feature record: CXX_FEATURE:0cxx_digit_separators
    Feature record: CXX_FEATURE:1cxx_enum_forward_declarations
    Feature record: CXX_FEATURE:1cxx_explicit_conversions
    Feature record: CXX_FEATURE:1cxx_extended_friend_declarations
    Feature record: CXX_FEATURE:1cxx_extern_templates
    Feature record: CXX_FEATURE:1cxx_final
    Feature record: CXX_FEATURE:1cxx_func_identifier
    Feature record: CXX_FEATURE:1cxx_generalized_initializers
    Feature record: CXX_FEATURE:0cxx_generic_lambdas
    Feature record: CXX_FEATURE:1cxx_inheriting_constructors
    Feature record: CXX_FEATURE:1cxx_inline_namespaces
    Feature record: CXX_FEATURE:1cxx_lambdas
    Feature record: CXX_FEATURE:0cxx_lambda_init_captures
    Feature record: CXX_FEATURE:1cxx_local_type_template_args
    Feature record: CXX_FEATURE:1cxx_long_long_type
    Feature record: CXX_FEATURE:1cxx_noexcept
    Feature record: CXX_FEATURE:1cxx_nonstatic_member_init
    Feature record: CXX_FEATURE:1cxx_nullptr
    Feature record: CXX_FEATURE:1cxx_override
    Feature record: CXX_FEATURE:1cxx_range_for
    Feature record: CXX_FEATURE:1cxx_raw_string_literals
    Feature record: CXX_FEATURE:1cxx_reference_qualified_functions
    Feature record: CXX_FEATURE:0cxx_relaxed_constexpr
    Feature record: CXX_FEATURE:0cxx_return_type_deduction
    Feature record: CXX_FEATURE:1cxx_right_angle_brackets
    Feature record: CXX_FEATURE:1cxx_rvalue_references
    Feature record: CXX_FEATURE:1cxx_sizeof_member
    Feature record: CXX_FEATURE:1cxx_static_assert
    Feature record: CXX_FEATURE:1cxx_strong_enums
    Feature record: CXX_FEATURE:1cxx_template_template_parameters
    Feature record: CXX_FEATURE:1cxx_thread_local
    Feature record: CXX_FEATURE:1cxx_trailing_return_types
    Feature record: CXX_FEATURE:1cxx_unicode_literals
    Feature record: CXX_FEATURE:1cxx_uniform_initialization
    Feature record: CXX_FEATURE:1cxx_unrestricted_unions
    Feature record: CXX_FEATURE:1cxx_user_literals
    Feature record: CXX_FEATURE:0cxx_variable_templates
    Feature record: CXX_FEATURE:1cxx_variadic_macros
    Feature record: CXX_FEATURE:1cxx_variadic_templates


Detecting CXX [-std=c++98] compiler features compiled with the following output:
Change Dir: /Users/vijaychaudhry/Desktop/SVN/Test/linphone-iphone/WORK/ios-x86_64/Build/bellesip/CMakeFiles/CMakeTmp

Run Build Command:"/usr/bin/make" "cmTC_4a2e6/fast"
/Applications/Xcode/Xcode.app/Contents/Developer/usr/bin/make -f CMakeFiles/cmTC_4a2e6.dir/build.make CMakeFiles/cmTC_4a2e6.dir/build
Building CXX object CMakeFiles/cmTC_4a2e6.dir/feature_tests.cxx.o
/Applications/Xcode/Xcode.app/Contents/Developer/Toolchains/XcodeDefault.xctoolchain/usr/bin/clang++ --target=x86_64-apple-darwin    -arch x86_64 -isysroot /Applications/Xcode/Xcode.app/Contents/Developer/Platforms/iPhoneSimulator.platform/Developer/SDKs/iPhoneSimulator11.2.sdk   -std=c++98 -o CMakeFiles/cmTC_4a2e6.dir/feature_tests.cxx.o -c /Users/vijaychaudhry/Desktop/SVN/Test/linphone-iphone/WORK/ios-x86_64/Build/bellesip/CMakeFiles/feature_tests.cxx
Linking CXX executable cmTC_4a2e6
/usr/local/Cellar/cmake/3.10.2/bin/cmake -E cmake_link_script CMakeFiles/cmTC_4a2e6.dir/link.txt --verbose=1
/Applications/Xcode/Xcode.app/Contents/Developer/Toolchains/XcodeDefault.xctoolchain/usr/bin/clang++ --target=x86_64-apple-darwin    -arch x86_64 -isysroot /Applications/Xcode/Xcode.app/Contents/Developer/Platforms/iPhoneSimulator.platform/Developer/SDKs/iPhoneSimulator11.2.sdk -Wl,-search_paths_first -Wl,-headerpad_max_install_names   CMakeFiles/cmTC_4a2e6.dir/feature_tests.cxx.o  -o cmTC_4a2e6 


    Feature record: CXX_FEATURE:0cxx_aggregate_default_initializers
    Feature record: CXX_FEATURE:0cxx_alias_templates
    Feature record: CXX_FEATURE:0cxx_alignas
    Feature record: CXX_FEATURE:0cxx_alignof
    Feature record: CXX_FEATURE:0cxx_attributes
    Feature record: CXX_FEATURE:0cxx_attribute_deprecated
    Feature record: CXX_FEATURE:0cxx_auto_type
    Feature record: CXX_FEATURE:0cxx_binary_literals
    Feature record: CXX_FEATURE:0cxx_constexpr
    Feature record: CXX_FEATURE:0cxx_contextual_conversions
    Feature record: CXX_FEATURE:0cxx_decltype
    Feature record: CXX_FEATURE:0cxx_decltype_auto
    Feature record: CXX_FEATURE:0cxx_decltype_incomplete_return_types
    Feature record: CXX_FEATURE:0cxx_default_function_template_args
    Feature record: CXX_FEATURE:0cxx_defaulted_functions
    Feature record: CXX_FEATURE:0cxx_defaulted_move_initializers
    Feature record: CXX_FEATURE:0cxx_delegating_constructors
    Feature record: CXX_FEATURE:0cxx_deleted_functions
    Feature record: CXX_FEATURE:0cxx_digit_separators
    Feature record: CXX_FEATURE:0cxx_enum_forward_declarations
    Feature record: CXX_FEATURE:0cxx_explicit_conversions
    Feature record: CXX_FEATURE:0cxx_extended_friend_declarations
    Feature record: CXX_FEATURE:0cxx_extern_templates
    Feature record: CXX_FEATURE:0cxx_final
    Feature record: CXX_FEATURE:0cxx_func_identifier
    Feature record: CXX_FEATURE:0cxx_generalized_initializers
    Feature record: CXX_FEATURE:0cxx_generic_lambdas
    Feature record: CXX_FEATURE:0cxx_inheriting_constructors
    Feature record: CXX_FEATURE:0cxx_inline_namespaces
    Feature record: CXX_FEATURE:0cxx_lambdas
    Feature record: CXX_FEATURE:0cxx_lambda_init_captures
    Feature record: CXX_FEATURE:0cxx_local_type_template_args
    Feature record: CXX_FEATURE:0cxx_long_long_type
    Feature record: CXX_FEATURE:0cxx_noexcept
    Feature record: CXX_FEATURE:0cxx_nonstatic_member_init
    Feature record: CXX_FEATURE:0cxx_nullptr
    Feature record: CXX_FEATURE:0cxx_override
    Feature record: CXX_FEATURE:0cxx_range_for
    Feature record: CXX_FEATURE:0cxx_raw_string_literals
    Feature record: CXX_FEATURE:0cxx_reference_qualified_functions
    Feature record: CXX_FEATURE:0cxx_relaxed_constexpr
    Feature record: CXX_FEATURE:0cxx_return_type_deduction
    Feature record: CXX_FEATURE:0cxx_right_angle_brackets
    Feature record: CXX_FEATURE:0cxx_rvalue_references
    Feature record: CXX_FEATURE:0cxx_sizeof_member
    Feature record: CXX_FEATURE:0cxx_static_assert
    Feature record: CXX_FEATURE:0cxx_strong_enums
    Feature record: CXX_FEATURE:1cxx_template_template_parameters
    Feature record: CXX_FEATURE:0cxx_thread_local
    Feature record: CXX_FEATURE:0cxx_trailing_return_types
    Feature record: CXX_FEATURE:0cxx_unicode_literals
    Feature record: CXX_FEATURE:0cxx_uniform_initialization
    Feature record: CXX_FEATURE:0cxx_unrestricted_unions
    Feature record: CXX_FEATURE:0cxx_user_literals
    Feature record: CXX_FEATURE:0cxx_variable_templates
    Feature record: CXX_FEATURE:0cxx_variadic_macros
    Feature record: CXX_FEATURE:0cxx_variadic_templates
Determining if the function dlopen exists in the dl passed with the following output:
Change Dir: /Users/vijaychaudhry/Desktop/SVN/Test/linphone-iphone/WORK/ios-x86_64/Build/bellesip/CMakeFiles/CMakeTmp

Run Build Command:"/usr/bin/make" "cmTC_ce23d/fast"
/Applications/Xcode/Xcode.app/Contents/Developer/usr/bin/make -f CMakeFiles/cmTC_ce23d.dir/build.make CMakeFiles/cmTC_ce23d.dir/build
Building C object CMakeFiles/cmTC_ce23d.dir/CheckFunctionExists.c.o
/Applications/Xcode/Xcode.app/Contents/Developer/Toolchains/XcodeDefault.xctoolchain/usr/bin/clang --target=x86_64-apple-darwin   -DCHECK_FUNCTION_EXISTS=dlopen -arch x86_64 -isysroot /Applications/Xcode/Xcode.app/Contents/Developer/Platforms/iPhoneSimulator.platform/Developer/SDKs/iPhoneSimulator11.2.sdk   -o CMakeFiles/cmTC_ce23d.dir/CheckFunctionExists.c.o   -c /usr/local/Cellar/cmake/3.10.2/share/cmake/Modules/CheckFunctionExists.c
Linking C executable cmTC_ce23d
/usr/local/Cellar/cmake/3.10.2/bin/cmake -E cmake_link_script CMakeFiles/cmTC_ce23d.dir/link.txt --verbose=1
/Applications/Xcode/Xcode.app/Contents/Developer/Toolchains/XcodeDefault.xctoolchain/usr/bin/clang --target=x86_64-apple-darwin  -DCHECK_FUNCTION_EXISTS=dlopen -arch x86_64 -isysroot /Applications/Xcode/Xcode.app/Contents/Developer/Platforms/iPhoneSimulator.platform/Developer/SDKs/iPhoneSimulator11.2.sdk -Wl,-search_paths_first -Wl,-headerpad_max_install_names   CMakeFiles/cmTC_ce23d.dir/CheckFunctionExists.c.o  -o cmTC_ce23d -ldl 


Determining if the res_ndestroy exist passed with the following output:
Change Dir: /Users/vijaychaudhry/Desktop/SVN/Test/linphone-iphone/WORK/ios-x86_64/Build/bellesip/CMakeFiles/CMakeTmp

Run Build Command:"/usr/bin/make" "cmTC_d75d7/fast"
/Applications/Xcode/Xcode.app/Contents/Developer/usr/bin/make -f CMakeFiles/cmTC_d75d7.dir/build.make CMakeFiles/cmTC_d75d7.dir/build
Building C object CMakeFiles/cmTC_d75d7.dir/CheckSymbolExists.c.o
/Applications/Xcode/Xcode.app/Contents/Developer/Toolchains/XcodeDefault.xctoolchain/usr/bin/clang --target=x86_64-apple-darwin   -arch x86_64 -isysroot /Applications/Xcode/Xcode.app/Contents/Developer/Platforms/iPhoneSimulator.platform/Developer/SDKs/iPhoneSimulator11.2.sdk   -o CMakeFiles/cmTC_d75d7.dir/CheckSymbolExists.c.o   -c /Users/vijaychaudhry/Desktop/SVN/Test/linphone-iphone/WORK/ios-x86_64/Build/bellesip/CMakeFiles/CMakeTmp/CheckSymbolExists.c
Linking C executable cmTC_d75d7
/usr/local/Cellar/cmake/3.10.2/bin/cmake -E cmake_link_script CMakeFiles/cmTC_d75d7.dir/link.txt --verbose=1
/Applications/Xcode/Xcode.app/Contents/Developer/Toolchains/XcodeDefault.xctoolchain/usr/bin/clang --target=x86_64-apple-darwin   -arch x86_64 -isysroot /Applications/Xcode/Xcode.app/Contents/Developer/Platforms/iPhoneSimulator.platform/Developer/SDKs/iPhoneSimulator11.2.sdk -Wl,-search_paths_first -Wl,-headerpad_max_install_names   CMakeFiles/cmTC_d75d7.dir/CheckSymbolExists.c.o  -o cmTC_d75d7 

File /Users/vijaychaudhry/Desktop/SVN/Test/linphone-iphone/WORK/ios-x86_64/Build/bellesip/CMakeFiles/CMakeTmp/CheckSymbolExists.c:
/* */
#include <resolv.h>

int main(int argc, char** argv)
{
  (void)argv;
#ifndef res_ndestroy
  return ((int*)(&res_ndestroy))[argc];
#else
  (void)argc;
  return 0;
#endif
}

Performing C SOURCE FILE Test HAVE_RES_GETSERVERS succeeded with the following output:
Change Dir: /Users/vijaychaudhry/Desktop/SVN/Test/linphone-iphone/WORK/ios-x86_64/Build/bellesip/CMakeFiles/CMakeTmp

Run Build Command:"/usr/bin/make" "cmTC_c007f/fast"
/Applications/Xcode/Xcode.app/Contents/Developer/usr/bin/make -f CMakeFiles/cmTC_c007f.dir/build.make CMakeFiles/cmTC_c007f.dir/build
Building C object CMakeFiles/cmTC_c007f.dir/src.c.o
/Applications/Xcode/Xcode.app/Contents/Developer/Toolchains/XcodeDefault.xctoolchain/usr/bin/clang --target=x86_64-apple-darwin   -DHAVE_RES_GETSERVERS -arch x86_64 -isysroot /Applications/Xcode/Xcode.app/Contents/Developer/Platforms/iPhoneSimulator.platform/Developer/SDKs/iPhoneSimulator11.2.sdk   -o CMakeFiles/cmTC_c007f.dir/src.c.o   -c /Users/vijaychaudhry/Desktop/SVN/Test/linphone-iphone/WORK/ios-x86_64/Build/bellesip/CMakeFiles/CMakeTmp/src.c
Linking C executable cmTC_c007f
/usr/local/Cellar/cmake/3.10.2/bin/cmake -E cmake_link_script CMakeFiles/cmTC_c007f.dir/link.txt --verbose=1
/Applications/Xcode/Xcode.app/Contents/Developer/Toolchains/XcodeDefault.xctoolchain/usr/bin/clang --target=x86_64-apple-darwin  -DHAVE_RES_GETSERVERS -arch x86_64 -isysroot /Applications/Xcode/Xcode.app/Contents/Developer/Platforms/iPhoneSimulator.platform/Developer/SDKs/iPhoneSimulator11.2.sdk -Wl,-search_paths_first -Wl,-headerpad_max_install_names   CMakeFiles/cmTC_c007f.dir/src.c.o  -o cmTC_c007f -lresolv 

Source file was:
#include <resolv.h>
int main(int argc, char *argv[]) {
res_getservers(NULL,NULL,0);
return 0;
}
Determining if the include file pthread.h exists passed with the following output:
Change Dir: /Users/vijaychaudhry/Desktop/SVN/Test/linphone-iphone/WORK/ios-x86_64/Build/bellesip/CMakeFiles/CMakeTmp

Run Build Command:"/usr/bin/make" "cmTC_68c13/fast"
/Applications/Xcode/Xcode.app/Contents/Developer/usr/bin/make -f CMakeFiles/cmTC_68c13.dir/build.make CMakeFiles/cmTC_68c13.dir/build
Building C object CMakeFiles/cmTC_68c13.dir/CheckIncludeFile.c.o
/Applications/Xcode/Xcode.app/Contents/Developer/Toolchains/XcodeDefault.xctoolchain/usr/bin/clang --target=x86_64-apple-darwin   -arch x86_64 -isysroot /Applications/Xcode/Xcode.app/Contents/Developer/Platforms/iPhoneSimulator.platform/Developer/SDKs/iPhoneSimulator11.2.sdk   -o CMakeFiles/cmTC_68c13.dir/CheckIncludeFile.c.o   -c /Users/vijaychaudhry/Desktop/SVN/Test/linphone-iphone/WORK/ios-x86_64/Build/bellesip/CMakeFiles/CMakeTmp/CheckIncludeFile.c
Linking C executable cmTC_68c13
/usr/local/Cellar/cmake/3.10.2/bin/cmake -E cmake_link_script CMakeFiles/cmTC_68c13.dir/link.txt --verbose=1
/Applications/Xcode/Xcode.app/Contents/Developer/Toolchains/XcodeDefault.xctoolchain/usr/bin/clang --target=x86_64-apple-darwin   -arch x86_64 -isysroot /Applications/Xcode/Xcode.app/Contents/Developer/Platforms/iPhoneSimulator.platform/Developer/SDKs/iPhoneSimulator11.2.sdk -Wl,-search_paths_first -Wl,-headerpad_max_install_names   CMakeFiles/cmTC_68c13.dir/CheckIncludeFile.c.o  -o cmTC_68c13 


Determining if the pthread_create exist passed with the following output:
Change Dir: /Users/vijaychaudhry/Desktop/SVN/Test/linphone-iphone/WORK/ios-x86_64/Build/bellesip/CMakeFiles/CMakeTmp

Run Build Command:"/usr/bin/make" "cmTC_53580/fast"
/Applications/Xcode/Xcode.app/Contents/Developer/usr/bin/make -f CMakeFiles/cmTC_53580.dir/build.make CMakeFiles/cmTC_53580.dir/build
Building C object CMakeFiles/cmTC_53580.dir/CheckSymbolExists.c.o
/Applications/Xcode/Xcode.app/Contents/Developer/Toolchains/XcodeDefault.xctoolchain/usr/bin/clang --target=x86_64-apple-darwin   -arch x86_64 -isysroot /Applications/Xcode/Xcode.app/Contents/Developer/Platforms/iPhoneSimulator.platform/Developer/SDKs/iPhoneSimulator11.2.sdk   -o CMakeFiles/cmTC_53580.dir/CheckSymbolExists.c.o   -c /Users/vijaychaudhry/Desktop/SVN/Test/linphone-iphone/WORK/ios-x86_64/Build/bellesip/CMakeFiles/CMakeTmp/CheckSymbolExists.c
Linking C executable cmTC_53580
/usr/local/Cellar/cmake/3.10.2/bin/cmake -E cmake_link_script CMakeFiles/cmTC_53580.dir/link.txt --verbose=1
/Applications/Xcode/Xcode.app/Contents/Developer/Toolchains/XcodeDefault.xctoolchain/usr/bin/clang --target=x86_64-apple-darwin   -arch x86_64 -isysroot /Applications/Xcode/Xcode.app/Contents/Developer/Platforms/iPhoneSimulator.platform/Developer/SDKs/iPhoneSimulator11.2.sdk -Wl,-search_paths_first -Wl,-headerpad_max_install_names   CMakeFiles/cmTC_53580.dir/CheckSymbolExists.c.o  -o cmTC_53580 

File /Users/vijaychaudhry/Desktop/SVN/Test/linphone-iphone/WORK/ios-x86_64/Build/bellesip/CMakeFiles/CMakeTmp/CheckSymbolExists.c:
/* */
#include <pthread.h>

int main(int argc, char** argv)
{
  (void)argv;
#ifndef pthread_create
  return ((int*)(&pthread_create))[argc];
#else
  (void)argc;
  return 0;
#endif
}

Determining if the include file arpa/nameser.h exists passed with the following output:
Change Dir: /Users/vijaychaudhry/Desktop/SVN/Test/linphone-iphone/WORK/ios-x86_64/Build/bellesip/CMakeFiles/CMakeTmp

Run Build Command:"/usr/bin/make" "cmTC_60b59/fast"
/Applications/Xcode/Xcode.app/Contents/Developer/usr/bin/make -f CMakeFiles/cmTC_60b59.dir/build.make CMakeFiles/cmTC_60b59.dir/build
Building C object CMakeFiles/cmTC_60b59.dir/CheckIncludeFile.c.o
/Applications/Xcode/Xcode.app/Contents/Developer/Toolchains/XcodeDefault.xctoolchain/usr/bin/clang --target=x86_64-apple-darwin   -arch x86_64 -isysroot /Applications/Xcode/Xcode.app/Contents/Developer/Platforms/iPhoneSimulator.platform/Developer/SDKs/iPhoneSimulator11.2.sdk   -o CMakeFiles/cmTC_60b59.dir/CheckIncludeFile.c.o   -c /Users/vijaychaudhry/Desktop/SVN/Test/linphone-iphone/WORK/ios-x86_64/Build/bellesip/CMakeFiles/CMakeTmp/CheckIncludeFile.c
Linking C executable cmTC_60b59
/usr/local/Cellar/cmake/3.10.2/bin/cmake -E cmake_link_script CMakeFiles/cmTC_60b59.dir/link.txt --verbose=1
/Applications/Xcode/Xcode.app/Contents/Developer/Toolchains/XcodeDefault.xctoolchain/usr/bin/clang --target=x86_64-apple-darwin   -arch x86_64 -isysroot /Applications/Xcode/Xcode.app/Contents/Developer/Platforms/iPhoneSimulator.platform/Developer/SDKs/iPhoneSimulator11.2.sdk -Wl,-search_paths_first -Wl,-headerpad_max_install_names   CMakeFiles/cmTC_60b59.dir/CheckIncludeFile.c.o  -o cmTC_60b59 


Determining if the include file ctype.h exists passed with the following output:
Change Dir: /Users/vijaychaudhry/Desktop/SVN/Test/linphone-iphone/WORK/ios-x86_64/Build/bellesip/CMakeFiles/CMakeTmp

Run Build Command:"/usr/bin/make" "cmTC_7be68/fast"
/Applications/Xcode/Xcode.app/Contents/Developer/usr/bin/make -f CMakeFiles/cmTC_7be68.dir/build.make CMakeFiles/cmTC_7be68.dir/build
Building C object CMakeFiles/cmTC_7be68.dir/CheckIncludeFile.c.o
/Applications/Xcode/Xcode.app/Contents/Developer/Toolchains/XcodeDefault.xctoolchain/usr/bin/clang --target=x86_64-apple-darwin   -arch x86_64 -isysroot /Applications/Xcode/Xcode.app/Contents/Developer/Platforms/iPhoneSimulator.platform/Developer/SDKs/iPhoneSimulator11.2.sdk   -o CMakeFiles/cmTC_7be68.dir/CheckIncludeFile.c.o   -c /Users/vijaychaudhry/Desktop/SVN/Test/linphone-iphone/WORK/ios-x86_64/Build/bellesip/CMakeFiles/CMakeTmp/CheckIncludeFile.c
Linking C executable cmTC_7be68
/usr/local/Cellar/cmake/3.10.2/bin/cmake -E cmake_link_script CMakeFiles/cmTC_7be68.dir/link.txt --verbose=1
/Applications/Xcode/Xcode.app/Contents/Developer/Toolchains/XcodeDefault.xctoolchain/usr/bin/clang --target=x86_64-apple-darwin   -arch x86_64 -isysroot /Applications/Xcode/Xcode.app/Contents/Developer/Platforms/iPhoneSimulator.platform/Developer/SDKs/iPhoneSimulator11.2.sdk -Wl,-search_paths_first -Wl,-headerpad_max_install_names   CMakeFiles/cmTC_7be68.dir/CheckIncludeFile.c.o  -o cmTC_7be68 


Determining if the include file inttypes.h exists passed with the following output:
Change Dir: /Users/vijaychaudhry/Desktop/SVN/Test/linphone-iphone/WORK/ios-x86_64/Build/bellesip/CMakeFiles/CMakeTmp

Run Build Command:"/usr/bin/make" "cmTC_0114f/fast"
/Applications/Xcode/Xcode.app/Contents/Developer/usr/bin/make -f CMakeFiles/cmTC_0114f.dir/build.make CMakeFiles/cmTC_0114f.dir/build
Building C object CMakeFiles/cmTC_0114f.dir/CheckIncludeFile.c.o
/Applications/Xcode/Xcode.app/Contents/Developer/Toolchains/XcodeDefault.xctoolchain/usr/bin/clang --target=x86_64-apple-darwin   -arch x86_64 -isysroot /Applications/Xcode/Xcode.app/Contents/Developer/Platforms/iPhoneSimulator.platform/Developer/SDKs/iPhoneSimulator11.2.sdk   -o CMakeFiles/cmTC_0114f.dir/CheckIncludeFile.c.o   -c /Users/vijaychaudhry/Desktop/SVN/Test/linphone-iphone/WORK/ios-x86_64/Build/bellesip/CMakeFiles/CMakeTmp/CheckIncludeFile.c
Linking C executable cmTC_0114f
/usr/local/Cellar/cmake/3.10.2/bin/cmake -E cmake_link_script CMakeFiles/cmTC_0114f.dir/link.txt --verbose=1
/Applications/Xcode/Xcode.app/Contents/Developer/Toolchains/XcodeDefault.xctoolchain/usr/bin/clang --target=x86_64-apple-darwin   -arch x86_64 -isysroot /Applications/Xcode/Xcode.app/Contents/Developer/Platforms/iPhoneSimulator.platform/Developer/SDKs/iPhoneSimulator11.2.sdk -Wl,-search_paths_first -Wl,-headerpad_max_install_names   CMakeFiles/cmTC_0114f.dir/CheckIncludeFile.c.o  -o cmTC_0114f 


Determining if the include file memory.h exists passed with the following output:
Change Dir: /Users/vijaychaudhry/Desktop/SVN/Test/linphone-iphone/WORK/ios-x86_64/Build/bellesip/CMakeFiles/CMakeTmp

Run Build Command:"/usr/bin/make" "cmTC_004ef/fast"
/Applications/Xcode/Xcode.app/Contents/Developer/usr/bin/make -f CMakeFiles/cmTC_004ef.dir/build.make CMakeFiles/cmTC_004ef.dir/build
Building C object CMakeFiles/cmTC_004ef.dir/CheckIncludeFile.c.o
/Applications/Xcode/Xcode.app/Contents/Developer/Toolchains/XcodeDefault.xctoolchain/usr/bin/clang --target=x86_64-apple-darwin   -arch x86_64 -isysroot /Applications/Xcode/Xcode.app/Contents/Developer/Platforms/iPhoneSimulator.platform/Developer/SDKs/iPhoneSimulator11.2.sdk   -o CMakeFiles/cmTC_004ef.dir/CheckIncludeFile.c.o   -c /Users/vijaychaudhry/Desktop/SVN/Test/linphone-iphone/WORK/ios-x86_64/Build/bellesip/CMakeFiles/CMakeTmp/CheckIncludeFile.c
Linking C executable cmTC_004ef
/usr/local/Cellar/cmake/3.10.2/bin/cmake -E cmake_link_script CMakeFiles/cmTC_004ef.dir/link.txt --verbose=1
/Applications/Xcode/Xcode.app/Contents/Developer/Toolchains/XcodeDefault.xctoolchain/usr/bin/clang --target=x86_64-apple-darwin   -arch x86_64 -isysroot /Applications/Xcode/Xcode.app/Contents/Developer/Platforms/iPhoneSimulator.platform/Developer/SDKs/iPhoneSimulator11.2.sdk -Wl,-search_paths_first -Wl,-headerpad_max_install_names   CMakeFiles/cmTC_004ef.dir/CheckIncludeFile.c.o  -o cmTC_004ef 


Determining if the include file netdb.h exists passed with the following output:
Change Dir: /Users/vijaychaudhry/Desktop/SVN/Test/linphone-iphone/WORK/ios-x86_64/Build/bellesip/CMakeFiles/CMakeTmp

Run Build Command:"/usr/bin/make" "cmTC_ab77a/fast"
/Applications/Xcode/Xcode.app/Contents/Developer/usr/bin/make -f CMakeFiles/cmTC_ab77a.dir/build.make CMakeFiles/cmTC_ab77a.dir/build
Building C object CMakeFiles/cmTC_ab77a.dir/CheckIncludeFile.c.o
/Applications/Xcode/Xcode.app/Contents/Developer/Toolchains/XcodeDefault.xctoolchain/usr/bin/clang --target=x86_64-apple-darwin   -arch x86_64 -isysroot /Applications/Xcode/Xcode.app/Contents/Developer/Platforms/iPhoneSimulator.platform/Developer/SDKs/iPhoneSimulator11.2.sdk   -o CMakeFiles/cmTC_ab77a.dir/CheckIncludeFile.c.o   -c /Users/vijaychaudhry/Desktop/SVN/Test/linphone-iphone/WORK/ios-x86_64/Build/bellesip/CMakeFiles/CMakeTmp/CheckIncludeFile.c
Linking C executable cmTC_ab77a
/usr/local/Cellar/cmake/3.10.2/bin/cmake -E cmake_link_script CMakeFiles/cmTC_ab77a.dir/link.txt --verbose=1
/Applications/Xcode/Xcode.app/Contents/Developer/Toolchains/XcodeDefault.xctoolchain/usr/bin/clang --target=x86_64-apple-darwin   -arch x86_64 -isysroot /Applications/Xcode/Xcode.app/Contents/Developer/Platforms/iPhoneSimulator.platform/Developer/SDKs/iPhoneSimulator11.2.sdk -Wl,-search_paths_first -Wl,-headerpad_max_install_names   CMakeFiles/cmTC_ab77a.dir/CheckIncludeFile.c.o  -o cmTC_ab77a 


Determining if the include file netinet/in.h exists passed with the following output:
Change Dir: /Users/vijaychaudhry/Desktop/SVN/Test/linphone-iphone/WORK/ios-x86_64/Build/bellesip/CMakeFiles/CMakeTmp

Run Build Command:"/usr/bin/make" "cmTC_c3999/fast"
/Applications/Xcode/Xcode.app/Contents/Developer/usr/bin/make -f CMakeFiles/cmTC_c3999.dir/build.make CMakeFiles/cmTC_c3999.dir/build
Building C object CMakeFiles/cmTC_c3999.dir/CheckIncludeFile.c.o
/Applications/Xcode/Xcode.app/Contents/Developer/Toolchains/XcodeDefault.xctoolchain/usr/bin/clang --target=x86_64-apple-darwin   -arch x86_64 -isysroot /Applications/Xcode/Xcode.app/Contents/Developer/Platforms/iPhoneSimulator.platform/Developer/SDKs/iPhoneSimulator11.2.sdk   -o CMakeFiles/cmTC_c3999.dir/CheckIncludeFile.c.o   -c /Users/vijaychaudhry/Desktop/SVN/Test/linphone-iphone/WORK/ios-x86_64/Build/bellesip/CMakeFiles/CMakeTmp/CheckIncludeFile.c
Linking C executable cmTC_c3999
/usr/local/Cellar/cmake/3.10.2/bin/cmake -E cmake_link_script CMakeFiles/cmTC_c3999.dir/link.txt --verbose=1
/Applications/Xcode/Xcode.app/Contents/Developer/Toolchains/XcodeDefault.xctoolchain/usr/bin/clang --target=x86_64-apple-darwin   -arch x86_64 -isysroot /Applications/Xcode/Xcode.app/Contents/Developer/Platforms/iPhoneSimulator.platform/Developer/SDKs/iPhoneSimulator11.2.sdk -Wl,-search_paths_first -Wl,-headerpad_max_install_names   CMakeFiles/cmTC_c3999.dir/CheckIncludeFile.c.o  -o cmTC_c3999 


Determining if the include file netinet/tcp.h exists passed with the following output:
Change Dir: /Users/vijaychaudhry/Desktop/SVN/Test/linphone-iphone/WORK/ios-x86_64/Build/bellesip/CMakeFiles/CMakeTmp

Run Build Command:"/usr/bin/make" "cmTC_23637/fast"
/Applications/Xcode/Xcode.app/Contents/Developer/usr/bin/make -f CMakeFiles/cmTC_23637.dir/build.make CMakeFiles/cmTC_23637.dir/build
Building C object CMakeFiles/cmTC_23637.dir/CheckIncludeFile.c.o
/Applications/Xcode/Xcode.app/Contents/Developer/Toolchains/XcodeDefault.xctoolchain/usr/bin/clang --target=x86_64-apple-darwin   -arch x86_64 -isysroot /Applications/Xcode/Xcode.app/Contents/Developer/Platforms/iPhoneSimulator.platform/Developer/SDKs/iPhoneSimulator11.2.sdk   -o CMakeFiles/cmTC_23637.dir/CheckIncludeFile.c.o   -c /Users/vijaychaudhry/Desktop/SVN/Test/linphone-iphone/WORK/ios-x86_64/Build/bellesip/CMakeFiles/CMakeTmp/CheckIncludeFile.c
Linking C executable cmTC_23637
/usr/local/Cellar/cmake/3.10.2/bin/cmake -E cmake_link_script CMakeFiles/cmTC_23637.dir/link.txt --verbose=1
/Applications/Xcode/Xcode.app/Contents/Developer/Toolchains/XcodeDefault.xctoolchain/usr/bin/clang --target=x86_64-apple-darwin   -arch x86_64 -isysroot /Applications/Xcode/Xcode.app/Contents/Developer/Platforms/iPhoneSimulator.platform/Developer/SDKs/iPhoneSimulator11.2.sdk -Wl,-search_paths_first -Wl,-headerpad_max_install_names   CMakeFiles/cmTC_23637.dir/CheckIncludeFile.c.o  -o cmTC_23637 


Determining if the include file stdarg.h exists passed with the following output:
Change Dir: /Users/vijaychaudhry/Desktop/SVN/Test/linphone-iphone/WORK/ios-x86_64/Build/bellesip/CMakeFiles/CMakeTmp

Run Build Command:"/usr/bin/make" "cmTC_9f1d4/fast"
/Applications/Xcode/Xcode.app/Contents/Developer/usr/bin/make -f CMakeFiles/cmTC_9f1d4.dir/build.make CMakeFiles/cmTC_9f1d4.dir/build
Building C object CMakeFiles/cmTC_9f1d4.dir/CheckIncludeFile.c.o
/Applications/Xcode/Xcode.app/Contents/Developer/Toolchains/XcodeDefault.xctoolchain/usr/bin/clang --target=x86_64-apple-darwin   -arch x86_64 -isysroot /Applications/Xcode/Xcode.app/Contents/Developer/Platforms/iPhoneSimulator.platform/Developer/SDKs/iPhoneSimulator11.2.sdk   -o CMakeFiles/cmTC_9f1d4.dir/CheckIncludeFile.c.o   -c /Users/vijaychaudhry/Desktop/SVN/Test/linphone-iphone/WORK/ios-x86_64/Build/bellesip/CMakeFiles/CMakeTmp/CheckIncludeFile.c
Linking C executable cmTC_9f1d4
/usr/local/Cellar/cmake/3.10.2/bin/cmake -E cmake_link_script CMakeFiles/cmTC_9f1d4.dir/link.txt --verbose=1
/Applications/Xcode/Xcode.app/Contents/Developer/Toolchains/XcodeDefault.xctoolchain/usr/bin/clang --target=x86_64-apple-darwin   -arch x86_64 -isysroot /Applications/Xcode/Xcode.app/Contents/Developer/Platforms/iPhoneSimulator.platform/Developer/SDKs/iPhoneSimulator11.2.sdk -Wl,-search_paths_first -Wl,-headerpad_max_install_names   CMakeFiles/cmTC_9f1d4.dir/CheckIncludeFile.c.o  -o cmTC_9f1d4 


Determining if the include file stdint.h exists passed with the following output:
Change Dir: /Users/vijaychaudhry/Desktop/SVN/Test/linphone-iphone/WORK/ios-x86_64/Build/bellesip/CMakeFiles/CMakeTmp

Run Build Command:"/usr/bin/make" "cmTC_91164/fast"
/Applications/Xcode/Xcode.app/Contents/Developer/usr/bin/make -f CMakeFiles/cmTC_91164.dir/build.make CMakeFiles/cmTC_91164.dir/build
Building C object CMakeFiles/cmTC_91164.dir/CheckIncludeFile.c.o
/Applications/Xcode/Xcode.app/Contents/Developer/Toolchains/XcodeDefault.xctoolchain/usr/bin/clang --target=x86_64-apple-darwin   -arch x86_64 -isysroot /Applications/Xcode/Xcode.app/Contents/Developer/Platforms/iPhoneSimulator.platform/Developer/SDKs/iPhoneSimulator11.2.sdk   -o CMakeFiles/cmTC_91164.dir/CheckIncludeFile.c.o   -c /Users/vijaychaudhry/Desktop/SVN/Test/linphone-iphone/WORK/ios-x86_64/Build/bellesip/CMakeFiles/CMakeTmp/CheckIncludeFile.c
Linking C executable cmTC_91164
/usr/local/Cellar/cmake/3.10.2/bin/cmake -E cmake_link_script CMakeFiles/cmTC_91164.dir/link.txt --verbose=1
/Applications/Xcode/Xcode.app/Contents/Developer/Toolchains/XcodeDefault.xctoolchain/usr/bin/clang --target=x86_64-apple-darwin   -arch x86_64 -isysroot /Applications/Xcode/Xcode.app/Contents/Developer/Platforms/iPhoneSimulator.platform/Developer/SDKs/iPhoneSimulator11.2.sdk -Wl,-search_paths_first -Wl,-headerpad_max_install_names   CMakeFiles/cmTC_91164.dir/CheckIncludeFile.c.o  -o cmTC_91164 


Determining if the include file stdlib.h exists passed with the following output:
Change Dir: /Users/vijaychaudhry/Desktop/SVN/Test/linphone-iphone/WORK/ios-x86_64/Build/bellesip/CMakeFiles/CMakeTmp

Run Build Command:"/usr/bin/make" "cmTC_041dc/fast"
/Applications/Xcode/Xcode.app/Contents/Developer/usr/bin/make -f CMakeFiles/cmTC_041dc.dir/build.make CMakeFiles/cmTC_041dc.dir/build
Building C object CMakeFiles/cmTC_041dc.dir/CheckIncludeFile.c.o
/Applications/Xcode/Xcode.app/Contents/Developer/Toolchains/XcodeDefault.xctoolchain/usr/bin/clang --target=x86_64-apple-darwin   -arch x86_64 -isysroot /Applications/Xcode/Xcode.app/Contents/Developer/Platforms/iPhoneSimulator.platform/Developer/SDKs/iPhoneSimulator11.2.sdk   -o CMakeFiles/cmTC_041dc.dir/CheckIncludeFile.c.o   -c /Users/vijaychaudhry/Desktop/SVN/Test/linphone-iphone/WORK/ios-x86_64/Build/bellesip/CMakeFiles/CMakeTmp/CheckIncludeFile.c
Linking C executable cmTC_041dc
/usr/local/Cellar/cmake/3.10.2/bin/cmake -E cmake_link_script CMakeFiles/cmTC_041dc.dir/link.txt --verbose=1
/Applications/Xcode/Xcode.app/Contents/Developer/Toolchains/XcodeDefault.xctoolchain/usr/bin/clang --target=x86_64-apple-darwin   -arch x86_64 -isysroot /Applications/Xcode/Xcode.app/Contents/Developer/Platforms/iPhoneSimulator.platform/Developer/SDKs/iPhoneSimulator11.2.sdk -Wl,-search_paths_first -Wl,-headerpad_max_install_names   CMakeFiles/cmTC_041dc.dir/CheckIncludeFile.c.o  -o cmTC_041dc 


Determining if the include file strings.h exists passed with the following output:
Change Dir: /Users/vijaychaudhry/Desktop/SVN/Test/linphone-iphone/WORK/ios-x86_64/Build/bellesip/CMakeFiles/CMakeTmp

Run Build Command:"/usr/bin/make" "cmTC_08185/fast"
/Applications/Xcode/Xcode.app/Contents/Developer/usr/bin/make -f CMakeFiles/cmTC_08185.dir/build.make CMakeFiles/cmTC_08185.dir/build
Building C object CMakeFiles/cmTC_08185.dir/CheckIncludeFile.c.o
/Applications/Xcode/Xcode.app/Contents/Developer/Toolchains/XcodeDefault.xctoolchain/usr/bin/clang --target=x86_64-apple-darwin   -arch x86_64 -isysroot /Applications/Xcode/Xcode.app/Contents/Developer/Platforms/iPhoneSimulator.platform/Developer/SDKs/iPhoneSimulator11.2.sdk   -o CMakeFiles/cmTC_08185.dir/CheckIncludeFile.c.o   -c /Users/vijaychaudhry/Desktop/SVN/Test/linphone-iphone/WORK/ios-x86_64/Build/bellesip/CMakeFiles/CMakeTmp/CheckIncludeFile.c
Linking C executable cmTC_08185
/usr/local/Cellar/cmake/3.10.2/bin/cmake -E cmake_link_script CMakeFiles/cmTC_08185.dir/link.txt --verbose=1
/Applications/Xcode/Xcode.app/Contents/Developer/Toolchains/XcodeDefault.xctoolchain/usr/bin/clang --target=x86_64-apple-darwin   -arch x86_64 -isysroot /Applications/Xcode/Xcode.app/Contents/Developer/Platforms/iPhoneSimulator.platform/Developer/SDKs/iPhoneSimulator11.2.sdk -Wl,-search_paths_first -Wl,-headerpad_max_install_names   CMakeFiles/cmTC_08185.dir/CheckIncludeFile.c.o  -o cmTC_08185 


Determining if the include file string.h exists passed with the following output:
Change Dir: /Users/vijaychaudhry/Desktop/SVN/Test/linphone-iphone/WORK/ios-x86_64/Build/bellesip/CMakeFiles/CMakeTmp

Run Build Command:"/usr/bin/make" "cmTC_a3e55/fast"
/Applications/Xcode/Xcode.app/Contents/Developer/usr/bin/make -f CMakeFiles/cmTC_a3e55.dir/build.make CMakeFiles/cmTC_a3e55.dir/build
Building C object CMakeFiles/cmTC_a3e55.dir/CheckIncludeFile.c.o
/Applications/Xcode/Xcode.app/Contents/Developer/Toolchains/XcodeDefault.xctoolchain/usr/bin/clang --target=x86_64-apple-darwin   -arch x86_64 -isysroot /Applications/Xcode/Xcode.app/Contents/Developer/Platforms/iPhoneSimulator.platform/Developer/SDKs/iPhoneSimulator11.2.sdk   -o CMakeFiles/cmTC_a3e55.dir/CheckIncludeFile.c.o   -c /Users/vijaychaudhry/Desktop/SVN/Test/linphone-iphone/WORK/ios-x86_64/Build/bellesip/CMakeFiles/CMakeTmp/CheckIncludeFile.c
Linking C executable cmTC_a3e55
/usr/local/Cellar/cmake/3.10.2/bin/cmake -E cmake_link_script CMakeFiles/cmTC_a3e55.dir/link.txt --verbose=1
/Applications/Xcode/Xcode.app/Contents/Developer/Toolchains/XcodeDefault.xctoolchain/usr/bin/clang --target=x86_64-apple-darwin   -arch x86_64 -isysroot /Applications/Xcode/Xcode.app/Contents/Developer/Platforms/iPhoneSimulator.platform/Developer/SDKs/iPhoneSimulator11.2.sdk -Wl,-search_paths_first -Wl,-headerpad_max_install_names   CMakeFiles/cmTC_a3e55.dir/CheckIncludeFile.c.o  -o cmTC_a3e55 


Determining if the include file sys/socket.h exists passed with the following output:
Change Dir: /Users/vijaychaudhry/Desktop/SVN/Test/linphone-iphone/WORK/ios-x86_64/Build/bellesip/CMakeFiles/CMakeTmp

Run Build Command:"/usr/bin/make" "cmTC_93d7e/fast"
/Applications/Xcode/Xcode.app/Contents/Developer/usr/bin/make -f CMakeFiles/cmTC_93d7e.dir/build.make CMakeFiles/cmTC_93d7e.dir/build
Building C object CMakeFiles/cmTC_93d7e.dir/CheckIncludeFile.c.o
/Applications/Xcode/Xcode.app/Contents/Developer/Toolchains/XcodeDefault.xctoolchain/usr/bin/clang --target=x86_64-apple-darwin   -arch x86_64 -isysroot /Applications/Xcode/Xcode.app/Contents/Developer/Platforms/iPhoneSimulator.platform/Developer/SDKs/iPhoneSimulator11.2.sdk   -o CMakeFiles/cmTC_93d7e.dir/CheckIncludeFile.c.o   -c /Users/vijaychaudhry/Desktop/SVN/Test/linphone-iphone/WORK/ios-x86_64/Build/bellesip/CMakeFiles/CMakeTmp/CheckIncludeFile.c
Linking C executable cmTC_93d7e
/usr/local/Cellar/cmake/3.10.2/bin/cmake -E cmake_link_script CMakeFiles/cmTC_93d7e.dir/link.txt --verbose=1
/Applications/Xcode/Xcode.app/Contents/Developer/Toolchains/XcodeDefault.xctoolchain/usr/bin/clang --target=x86_64-apple-darwin   -arch x86_64 -isysroot /Applications/Xcode/Xcode.app/Contents/Developer/Platforms/iPhoneSimulator.platform/Developer/SDKs/iPhoneSimulator11.2.sdk -Wl,-search_paths_first -Wl,-headerpad_max_install_names   CMakeFiles/cmTC_93d7e.dir/CheckIncludeFile.c.o  -o cmTC_93d7e 


Determining if the include file sys/stat.h exists passed with the following output:
Change Dir: /Users/vijaychaudhry/Desktop/SVN/Test/linphone-iphone/WORK/ios-x86_64/Build/bellesip/CMakeFiles/CMakeTmp

Run Build Command:"/usr/bin/make" "cmTC_714b5/fast"
/Applications/Xcode/Xcode.app/Contents/Developer/usr/bin/make -f CMakeFiles/cmTC_714b5.dir/build.make CMakeFiles/cmTC_714b5.dir/build
Building C object CMakeFiles/cmTC_714b5.dir/CheckIncludeFile.c.o
/Applications/Xcode/Xcode.app/Contents/Developer/Toolchains/XcodeDefault.xctoolchain/usr/bin/clang --target=x86_64-apple-darwin   -arch x86_64 -isysroot /Applications/Xcode/Xcode.app/Contents/Developer/Platforms/iPhoneSimulator.platform/Developer/SDKs/iPhoneSimulator11.2.sdk   -o CMakeFiles/cmTC_714b5.dir/CheckIncludeFile.c.o   -c /Users/vijaychaudhry/Desktop/SVN/Test/linphone-iphone/WORK/ios-x86_64/Build/bellesip/CMakeFiles/CMakeTmp/CheckIncludeFile.c
Linking C executable cmTC_714b5
/usr/local/Cellar/cmake/3.10.2/bin/cmake -E cmake_link_script CMakeFiles/cmTC_714b5.dir/link.txt --verbose=1
/Applications/Xcode/Xcode.app/Contents/Developer/Toolchains/XcodeDefault.xctoolchain/usr/bin/clang --target=x86_64-apple-darwin   -arch x86_64 -isysroot /Applications/Xcode/Xcode.app/Contents/Developer/Platforms/iPhoneSimulator.platform/Developer/SDKs/iPhoneSimulator11.2.sdk -Wl,-search_paths_first -Wl,-headerpad_max_install_names   CMakeFiles/cmTC_714b5.dir/CheckIncludeFile.c.o  -o cmTC_714b5 


Determining if the include file sys/types.h exists passed with the following output:
Change Dir: /Users/vijaychaudhry/Desktop/SVN/Test/linphone-iphone/WORK/ios-x86_64/Build/bellesip/CMakeFiles/CMakeTmp

Run Build Command:"/usr/bin/make" "cmTC_cfd4c/fast"
/Applications/Xcode/Xcode.app/Contents/Developer/usr/bin/make -f CMakeFiles/cmTC_cfd4c.dir/build.make CMakeFiles/cmTC_cfd4c.dir/build
Building C object CMakeFiles/cmTC_cfd4c.dir/CheckIncludeFile.c.o
/Applications/Xcode/Xcode.app/Contents/Developer/Toolchains/XcodeDefault.xctoolchain/usr/bin/clang --target=x86_64-apple-darwin   -arch x86_64 -isysroot /Applications/Xcode/Xcode.app/Contents/Developer/Platforms/iPhoneSimulator.platform/Developer/SDKs/iPhoneSimulator11.2.sdk   -o CMakeFiles/cmTC_cfd4c.dir/CheckIncludeFile.c.o   -c /Users/vijaychaudhry/Desktop/SVN/Test/linphone-iphone/WORK/ios-x86_64/Build/bellesip/CMakeFiles/CMakeTmp/CheckIncludeFile.c
Linking C executable cmTC_cfd4c
/usr/local/Cellar/cmake/3.10.2/bin/cmake -E cmake_link_script CMakeFiles/cmTC_cfd4c.dir/link.txt --verbose=1
/Applications/Xcode/Xcode.app/Contents/Developer/Toolchains/XcodeDefault.xctoolchain/usr/bin/clang --target=x86_64-apple-darwin   -arch x86_64 -isysroot /Applications/Xcode/Xcode.app/Contents/Developer/Platforms/iPhoneSimulator.platform/Developer/SDKs/iPhoneSimulator11.2.sdk -Wl,-search_paths_first -Wl,-headerpad_max_install_names   CMakeFiles/cmTC_cfd4c.dir/CheckIncludeFile.c.o  -o cmTC_cfd4c 


Determining if the include file unistd.h exists passed with the following output:
Change Dir: /Users/vijaychaudhry/Desktop/SVN/Test/linphone-iphone/WORK/ios-x86_64/Build/bellesip/CMakeFiles/CMakeTmp

Run Build Command:"/usr/bin/make" "cmTC_14443/fast"
/Applications/Xcode/Xcode.app/Contents/Developer/usr/bin/make -f CMakeFiles/cmTC_14443.dir/build.make CMakeFiles/cmTC_14443.dir/build
Building C object CMakeFiles/cmTC_14443.dir/CheckIncludeFile.c.o
/Applications/Xcode/Xcode.app/Contents/Developer/Toolchains/XcodeDefault.xctoolchain/usr/bin/clang --target=x86_64-apple-darwin   -arch x86_64 -isysroot /Applications/Xcode/Xcode.app/Contents/Developer/Platforms/iPhoneSimulator.platform/Developer/SDKs/iPhoneSimulator11.2.sdk   -o CMakeFiles/cmTC_14443.dir/CheckIncludeFile.c.o   -c /Users/vijaychaudhry/Desktop/SVN/Test/linphone-iphone/WORK/ios-x86_64/Build/bellesip/CMakeFiles/CMakeTmp/CheckIncludeFile.c
Linking C executable cmTC_14443
/usr/local/Cellar/cmake/3.10.2/bin/cmake -E cmake_link_script CMakeFiles/cmTC_14443.dir/link.txt --verbose=1
/Applications/Xcode/Xcode.app/Contents/Developer/Toolchains/XcodeDefault.xctoolchain/usr/bin/clang --target=x86_64-apple-darwin   -arch x86_64 -isysroot /Applications/Xcode/Xcode.app/Contents/Developer/Platforms/iPhoneSimulator.platform/Developer/SDKs/iPhoneSimulator11.2.sdk -Wl,-search_paths_first -Wl,-headerpad_max_install_names   CMakeFiles/cmTC_14443.dir/CheckIncludeFile.c.o  -o cmTC_14443 


