Determining if the function clock_gettime exists in the rt failed with the following output:
Change Dir: /Users/vijaychaudhry/Desktop/SVN/Test/linphone-iphone/WORK/ios-x86_64/Build/bellesip/CMakeFiles/CMakeTmp

Run Build Command:"/usr/bin/make" "cmTC_10c53/fast"
/Applications/Xcode/Xcode.app/Contents/Developer/usr/bin/make -f CMakeFiles/cmTC_10c53.dir/build.make CMakeFiles/cmTC_10c53.dir/build
Building C object CMakeFiles/cmTC_10c53.dir/CheckFunctionExists.c.o
/Applications/Xcode/Xcode.app/Contents/Developer/Toolchains/XcodeDefault.xctoolchain/usr/bin/clang --target=x86_64-apple-darwin   -DCHECK_FUNCTION_EXISTS=clock_gettime -arch x86_64 -isysroot /Applications/Xcode/Xcode.app/Contents/Developer/Platforms/iPhoneSimulator.platform/Developer/SDKs/iPhoneSimulator11.2.sdk   -o CMakeFiles/cmTC_10c53.dir/CheckFunctionExists.c.o   -c /usr/local/Cellar/cmake/3.10.2/share/cmake/Modules/CheckFunctionExists.c
Linking C executable cmTC_10c53
/usr/local/Cellar/cmake/3.10.2/bin/cmake -E cmake_link_script CMakeFiles/cmTC_10c53.dir/link.txt --verbose=1
/Applications/Xcode/Xcode.app/Contents/Developer/Toolchains/XcodeDefault.xctoolchain/usr/bin/clang --target=x86_64-apple-darwin  -DCHECK_FUNCTION_EXISTS=clock_gettime -arch x86_64 -isysroot /Applications/Xcode/Xcode.app/Contents/Developer/Platforms/iPhoneSimulator.platform/Developer/SDKs/iPhoneSimulator11.2.sdk -Wl,-search_paths_first -Wl,-headerpad_max_install_names   CMakeFiles/cmTC_10c53.dir/CheckFunctionExists.c.o  -o cmTC_10c53 -lrt 
ld: library not found for -lrt
clang: error: linker command failed with exit code 1 (use -v to see invocation)
make[5]: *** [cmTC_10c53] Error 1
make[4]: *** [cmTC_10c53/fast] Error 2


Determining if the include file malloc.h exists failed with the following output:
Change Dir: /Users/vijaychaudhry/Desktop/SVN/Test/linphone-iphone/WORK/ios-x86_64/Build/bellesip/CMakeFiles/CMakeTmp

Run Build Command:"/usr/bin/make" "cmTC_61861/fast"
/Applications/Xcode/Xcode.app/Contents/Developer/usr/bin/make -f CMakeFiles/cmTC_61861.dir/build.make CMakeFiles/cmTC_61861.dir/build
Building C object CMakeFiles/cmTC_61861.dir/CheckIncludeFile.c.o
/Applications/Xcode/Xcode.app/Contents/Developer/Toolchains/XcodeDefault.xctoolchain/usr/bin/clang --target=x86_64-apple-darwin   -arch x86_64 -isysroot /Applications/Xcode/Xcode.app/Contents/Developer/Platforms/iPhoneSimulator.platform/Developer/SDKs/iPhoneSimulator11.2.sdk   -o CMakeFiles/cmTC_61861.dir/CheckIncludeFile.c.o   -c /Users/vijaychaudhry/Desktop/SVN/Test/linphone-iphone/WORK/ios-x86_64/Build/bellesip/CMakeFiles/CMakeTmp/CheckIncludeFile.c
/Users/vijaychaudhry/Desktop/SVN/Test/linphone-iphone/WORK/ios-x86_64/Build/bellesip/CMakeFiles/CMakeTmp/CheckIncludeFile.c:1:10: fatal error: 'malloc.h' file not found
#include <malloc.h>
         ^~~~~~~~~~
1 error generated.
make[5]: *** [CMakeFiles/cmTC_61861.dir/CheckIncludeFile.c.o] Error 1
make[4]: *** [cmTC_61861/fast] Error 2


Determining if the include file socket.h exists failed with the following output:
Change Dir: /Users/vijaychaudhry/Desktop/SVN/Test/linphone-iphone/WORK/ios-x86_64/Build/bellesip/CMakeFiles/CMakeTmp

Run Build Command:"/usr/bin/make" "cmTC_f0ed0/fast"
/Applications/Xcode/Xcode.app/Contents/Developer/usr/bin/make -f CMakeFiles/cmTC_f0ed0.dir/build.make CMakeFiles/cmTC_f0ed0.dir/build
Building C object CMakeFiles/cmTC_f0ed0.dir/CheckIncludeFile.c.o
/Applications/Xcode/Xcode.app/Contents/Developer/Toolchains/XcodeDefault.xctoolchain/usr/bin/clang --target=x86_64-apple-darwin   -arch x86_64 -isysroot /Applications/Xcode/Xcode.app/Contents/Developer/Platforms/iPhoneSimulator.platform/Developer/SDKs/iPhoneSimulator11.2.sdk   -o CMakeFiles/cmTC_f0ed0.dir/CheckIncludeFile.c.o   -c /Users/vijaychaudhry/Desktop/SVN/Test/linphone-iphone/WORK/ios-x86_64/Build/bellesip/CMakeFiles/CMakeTmp/CheckIncludeFile.c
/Users/vijaychaudhry/Desktop/SVN/Test/linphone-iphone/WORK/ios-x86_64/Build/bellesip/CMakeFiles/CMakeTmp/CheckIncludeFile.c:1:10: fatal error: 'socket.h' file not found
#include <socket.h>
         ^~~~~~~~~~
1 error generated.
make[5]: *** [CMakeFiles/cmTC_f0ed0.dir/CheckIncludeFile.c.o] Error 1
make[4]: *** [cmTC_f0ed0/fast] Error 2


Determining if the include file sys/malloc.h exists failed with the following output:
Change Dir: /Users/vijaychaudhry/Desktop/SVN/Test/linphone-iphone/WORK/ios-x86_64/Build/bellesip/CMakeFiles/CMakeTmp

Run Build Command:"/usr/bin/make" "cmTC_ad765/fast"
/Applications/Xcode/Xcode.app/Contents/Developer/usr/bin/make -f CMakeFiles/cmTC_ad765.dir/build.make CMakeFiles/cmTC_ad765.dir/build
Building C object CMakeFiles/cmTC_ad765.dir/CheckIncludeFile.c.o
/Applications/Xcode/Xcode.app/Contents/Developer/Toolchains/XcodeDefault.xctoolchain/usr/bin/clang --target=x86_64-apple-darwin   -arch x86_64 -isysroot /Applications/Xcode/Xcode.app/Contents/Developer/Platforms/iPhoneSimulator.platform/Developer/SDKs/iPhoneSimulator11.2.sdk   -o CMakeFiles/cmTC_ad765.dir/CheckIncludeFile.c.o   -c /Users/vijaychaudhry/Desktop/SVN/Test/linphone-iphone/WORK/ios-x86_64/Build/bellesip/CMakeFiles/CMakeTmp/CheckIncludeFile.c
/Users/vijaychaudhry/Desktop/SVN/Test/linphone-iphone/WORK/ios-x86_64/Build/bellesip/CMakeFiles/CMakeTmp/CheckIncludeFile.c:1:10: fatal error: 'sys/malloc.h' file not found
#include <sys/malloc.h>
         ^~~~~~~~~~~~~~
1 error generated.
make[5]: *** [CMakeFiles/cmTC_ad765.dir/CheckIncludeFile.c.o] Error 1
make[4]: *** [cmTC_ad765/fast] Error 2


